[ 08:30:27.882808 ] - [ I ] ::: ##########################################################################################
[ 08:30:27.883151 ] - [ I ] ::: Doc-Browser: INIT:
[ 08:30:27.883344 ] - [ I ] ::: Doc-Browser: SETTINGS: LOAD: 
[ 08:30:27.883498 ] - [ I ] ::: Doc-Browser: SETTINGS: LOAD: Done
[ 08:30:27.883657 ] - [ I ] ::: Doc-Browser: COOKIE: Loading 
[ 08:30:28.474621 ] - [ I ] ::: Doc-Browser: COOKIE: Done
[ 08:30:28.526857 ] - [ I ] ::: Doc-Browser: NOTEBOOK: LODE: 
[ 08:30:28.567745 ] - [ I ] ::: Doc-Browser: NOTEBOOK: LODE: Done
[ 08:30:28.568047 ] - [ I ] ::: Doc-Browser: Loading: /m-sys/Doc-Browser/storage/favorite.file
[ 08:30:28.862463 ] - [ I ] ::: Doc-Browser: INIT: DONE IN: [3.79520893097] Sec

[ 08:30:29.064364 ] - [ I ] ::: ['DOC_BROWSER']:  Welcome ... [INIT]: Done
[ 08:32:07.494362 ] - [ I ] ::: ##########################################################################################
[ 08:32:07.494576 ] - [ I ] ::: Doc-Browser: INIT:
[ 08:32:07.494659 ] - [ I ] ::: Doc-Browser: SETTINGS: LOAD: 
[ 08:32:07.494722 ] - [ I ] ::: Doc-Browser: SETTINGS: LOAD: Done
[ 08:32:07.494789 ] - [ I ] ::: Doc-Browser: COOKIE: Loading 
[ 08:32:07.714743 ] - [ I ] ::: Doc-Browser: COOKIE: Done
[ 08:32:07.718511 ] - [ I ] ::: Doc-Browser: NOTEBOOK: LODE: 
[ 08:32:07.722611 ] - [ I ] ::: Doc-Browser: NOTEBOOK: LODE: Done
[ 08:32:07.722716 ] - [ I ] ::: Doc-Browser: Loading: /m-sys/Doc-Browser/storage/favorite.file
[ 08:32:07.731032 ] - [ I ] ::: Doc-Browser: INIT: DONE IN: [0.898645162582] Sec

[ 08:32:07.757206 ] - [ I ] ::: ['DOC_BROWSER']:  Welcome ... [INIT]: Done
[ 08:33:59.486622 ] - [ I ] ::: Doc-Browser: SETTINGS: SAVE: 
[ 08:33:59.487006 ] - [ I ] ::: Doc-Browser: SETTINGS: SAVE: Done
[ 08:33:59.487198 ] - [ I ] ::: Doc-Browser: NOTEBOOK: SAVE: 
[ 08:33:59.556242 ] - [ I ] ::: Doc-Browser: NOTEBOOK: SAVE: Done
[ 08:33:59.557118 ] - [ I ] ::: Doc-Browser: COOKIE: Saving 
[ 08:33:59.825890 ] - [ I ] ::: Doc-Browser: COOKIE: Done 
[ 08:33:59.826473 ] - [ I ] ::: Doc-Browser: CLEAN_UP: Remiving tmp files:
[ 08:33:59.869800 ] - [ I ] ::: Doc-Browser: CLEAN_UP: Remiving Objects:
[ 08:33:59.870447 ] - [ I ] ::: Doc-Browser: CLEAN_UP: Done

