[ 12:05:23.076991 ] - [ I ] ::: ##########################################################################################
[ 12:05:23.077352 ] - [ I ] ::: Doc-Browser: INIT:
[ 12:05:23.077545 ] - [ I ] ::: Doc-Browser: SETTINGS: LOAD: 
[ 12:05:23.077699 ] - [ I ] ::: Doc-Browser: SETTINGS: LOAD: Done
[ 12:05:23.077853 ] - [ I ] ::: Doc-Browser: COOKIE: Loading 
[ 12:05:23.563590 ] - [ I ] ::: Doc-Browser: COOKIE: Done
[ 12:05:23.621017 ] - [ I ] ::: Doc-Browser: NOTEBOOK: LODE: 
[ 12:05:23.661671 ] - [ I ] ::: Doc-Browser: NOTEBOOK: LODE: Done
[ 12:05:23.661901 ] - [ I ] ::: Doc-Browser: Loading: /m-sys/Doc-Browser/storage/favorite.file
[ 12:05:23.956766 ] - [ I ] ::: Doc-Browser: INIT: DONE IN: [4.16666293144] Sec

[ 12:05:24.157967 ] - [ I ] ::: ['DOC_BROWSER']:  Welcome ... [INIT]: Done
[ 12:25:38.978063 ] - [ E ] ::: ['DOC_BROWSER']: ['CMD_MANAGER']: [PROCCESS: UNKNOWN CMD: 
[u'__exec', u'homefAttributeError', u" 'NoneType' object has no attribute 'rfind'"]]
[ 17:50:41.509375 ] - [ I ] ::: Doc-Browser: SETTINGS: SAVE: 
[ 17:50:41.566047 ] - [ I ] ::: Doc-Browser: SETTINGS: SAVE: Done
[ 17:50:41.566324 ] - [ I ] ::: Doc-Browser: NOTEBOOK: SAVE: 
[ 17:50:41.627937 ] - [ I ] ::: Doc-Browser: NOTEBOOK: SAVE: Done
[ 17:50:41.679594 ] - [ I ] ::: Doc-Browser: COOKIE: Saving 
[ 17:50:42.082258 ] - [ I ] ::: Doc-Browser: COOKIE: Done 
[ 17:50:42.115901 ] - [ I ] ::: Doc-Browser: CLEAN_UP: Remiving tmp files:
[ 17:50:42.243268 ] - [ I ] ::: Doc-Browser: CLEAN_UP: Remiving Objects:
[ 17:50:42.350956 ] - [ I ] ::: Doc-Browser: CLEAN_UP: Done

[ 18:00:49.773640 ] - [ I ] ::: ##########################################################################################
[ 18:00:49.773995 ] - [ I ] ::: Doc-Browser: INIT:
[ 18:00:49.774190 ] - [ I ] ::: Doc-Browser: SETTINGS: LOAD: 
[ 18:00:49.774348 ] - [ I ] ::: Doc-Browser: SETTINGS: LOAD: Done
[ 18:00:49.774504 ] - [ I ] ::: Doc-Browser: COOKIE: Loading 
[ 18:00:50.197415 ] - [ I ] ::: Doc-Browser: COOKIE: Done
[ 18:00:50.202927 ] - [ I ] ::: Doc-Browser: NOTEBOOK: LODE: 
[ 18:00:50.211571 ] - [ I ] ::: Doc-Browser: NOTEBOOK: LODE: Done
[ 18:00:50.211782 ] - [ I ] ::: Doc-Browser: Loading: /m-sys/Doc-Browser/storage/favorite.file
[ 18:00:50.275609 ] - [ I ] ::: Doc-Browser: INIT: DONE IN: [2.53973388672] Sec

[ 18:00:50.403523 ] - [ I ] ::: ['DOC_BROWSER']:  Welcome ... [INIT]: Done
[ 18:02:17.015096 ] - [ I ] ::: ['DOC_BROWSER']: ['DOWNLOAD_MANAGER']: [Download started: Korg-NS5R-Piano-2-C5.wav]
[ 18:02:21.023535 ] - [ I ] ::: ['DOC_BROWSER']: ['DOWNLOAD_MANAGER']: [Download finished: Korg-NS5R-Piano-2-C5.wav]
[ 18:18:50.415206 ] - [ I ] ::: ['DOC_BROWSER']: ['DOWNLOAD_MANAGER']: [Download started: radio-sounds.html]
[ 18:18:54.446000 ] - [ I ] ::: ['DOC_BROWSER']: ['DOWNLOAD_MANAGER']: [Download finished: radio-sounds.html]
[ 19:36:57.644654 ] - [ I ] ::: ##########################################################################################
[ 19:36:57.683253 ] - [ I ] ::: Doc-Browser: INIT:
[ 19:36:57.683437 ] - [ I ] ::: Doc-Browser: SETTINGS: LOAD: 
[ 19:36:57.683504 ] - [ I ] ::: Doc-Browser: SETTINGS: LOAD: Done
[ 19:36:57.683569 ] - [ I ] ::: Doc-Browser: COOKIE: Loading 
[ 19:36:58.085332 ] - [ I ] ::: Doc-Browser: COOKIE: Done
[ 19:36:58.131570 ] - [ I ] ::: Doc-Browser: NOTEBOOK: LODE: 
[ 19:36:58.176117 ] - [ I ] ::: Doc-Browser: NOTEBOOK: LODE: Done
[ 19:36:58.176353 ] - [ I ] ::: Doc-Browser: Loading: /m-sys/Doc-Browser/storage/favorite.file
[ 19:36:58.212258 ] - [ I ] ::: Doc-Browser: INIT: DONE IN: [2.35379099846] Sec

[ 19:36:58.354707 ] - [ I ] ::: ['DOC_BROWSER']:  Welcome ... [INIT]: Done
[ 19:39:02.252801 ] - [ I ] ::: ##########################################################################################
[ 19:39:02.253014 ] - [ I ] ::: Doc-Browser: INIT:
[ 19:39:02.253098 ] - [ I ] ::: Doc-Browser: SETTINGS: LOAD: 
[ 19:39:02.253162 ] - [ I ] ::: Doc-Browser: SETTINGS: LOAD: Done
[ 19:39:02.253226 ] - [ I ] ::: Doc-Browser: COOKIE: Loading 
[ 19:39:02.530353 ] - [ I ] ::: Doc-Browser: COOKIE: Done
[ 19:39:02.533320 ] - [ I ] ::: Doc-Browser: NOTEBOOK: LODE: 
[ 19:39:02.536972 ] - [ I ] ::: Doc-Browser: NOTEBOOK: LODE: Done
[ 19:39:02.537071 ] - [ I ] ::: Doc-Browser: Loading: /m-sys/Doc-Browser/storage/favorite.file
[ 19:39:02.544871 ] - [ I ] ::: Doc-Browser: INIT: DONE IN: [0.93750500679] Sec

[ 19:39:02.588168 ] - [ I ] ::: ['DOC_BROWSER']:  Welcome ... [INIT]: Done
[ 19:40:28.852239 ] - [ I ] ::: Doc-Browser: SETTINGS: SAVE: 
[ 19:40:28.852791 ] - [ I ] ::: Doc-Browser: SETTINGS: SAVE: Done
[ 19:40:28.852982 ] - [ I ] ::: Doc-Browser: NOTEBOOK: SAVE: 
[ 19:40:28.894740 ] - [ I ] ::: Doc-Browser: NOTEBOOK: SAVE: Done
[ 19:40:28.894984 ] - [ I ] ::: Doc-Browser: COOKIE: Saving 
[ 19:40:29.098511 ] - [ I ] ::: Doc-Browser: COOKIE: Done 
[ 19:40:29.099056 ] - [ I ] ::: Doc-Browser: CLEAN_UP: Remiving tmp files:
[ 19:40:29.231192 ] - [ I ] ::: Doc-Browser: CLEAN_UP: Remiving Objects:
[ 19:40:29.231820 ] - [ I ] ::: Doc-Browser: CLEAN_UP: Done

[ 19:54:08.275263 ] - [ I ] ::: ##########################################################################################
[ 19:54:08.275487 ] - [ I ] ::: Doc-Browser: INIT:
[ 19:54:08.275570 ] - [ I ] ::: Doc-Browser: SETTINGS: LOAD: 
[ 19:54:08.275633 ] - [ I ] ::: Doc-Browser: SETTINGS: LOAD: Done
[ 19:54:08.275697 ] - [ I ] ::: Doc-Browser: COOKIE: Loading 
[ 19:54:08.428505 ] - [ I ] ::: Doc-Browser: COOKIE: Done
[ 19:54:08.431518 ] - [ I ] ::: Doc-Browser: NOTEBOOK: LODE: 
[ 19:54:08.435215 ] - [ I ] ::: Doc-Browser: NOTEBOOK: LODE: Done
[ 19:54:08.435317 ] - [ I ] ::: Doc-Browser: Loading: /m-sys/Doc-Browser/storage/favorite.file
[ 19:54:08.443131 ] - [ I ] ::: Doc-Browser: INIT: DONE IN: [0.577955007553] Sec

[ 19:54:08.466964 ] - [ I ] ::: ['DOC_BROWSER']:  Welcome ... [INIT]: Done
[ 20:10:21.116856 ] - [ I ] ::: Doc-Browser: SETTINGS: SAVE: 
[ 20:10:21.340604 ] - [ I ] ::: Doc-Browser: SETTINGS: SAVE: Done
[ 20:10:21.340900 ] - [ I ] ::: Doc-Browser: NOTEBOOK: SAVE: 
[ 20:10:21.439684 ] - [ I ] ::: Doc-Browser: NOTEBOOK: SAVE: Done
[ 20:10:21.439926 ] - [ I ] ::: Doc-Browser: COOKIE: Saving 
[ 20:10:21.826124 ] - [ I ] ::: Doc-Browser: COOKIE: Done 
[ 20:10:21.826686 ] - [ I ] ::: Doc-Browser: CLEAN_UP: Remiving tmp files:
[ 20:10:21.903307 ] - [ I ] ::: Doc-Browser: CLEAN_UP: Remiving Objects:
[ 20:10:21.990093 ] - [ I ] ::: Doc-Browser: CLEAN_UP: Done

[ 20:15:10.618103 ] - [ I ] ::: ##########################################################################################
[ 20:15:10.618325 ] - [ I ] ::: Doc-Browser: INIT:
[ 20:15:10.618408 ] - [ I ] ::: Doc-Browser: SETTINGS: LOAD: 
[ 20:15:10.618472 ] - [ I ] ::: Doc-Browser: SETTINGS: LOAD: Done
[ 20:15:10.618536 ] - [ I ] ::: Doc-Browser: COOKIE: Loading 
[ 20:15:10.932972 ] - [ I ] ::: Doc-Browser: COOKIE: Done
[ 20:15:10.961267 ] - [ I ] ::: Doc-Browser: NOTEBOOK: LODE: 
[ 20:15:10.969994 ] - [ I ] ::: Doc-Browser: NOTEBOOK: LODE: Done
[ 20:15:10.970220 ] - [ I ] ::: Doc-Browser: Loading: /m-sys/Doc-Browser/storage/favorite.file
[ 20:15:11.113517 ] - [ I ] ::: Doc-Browser: INIT: DONE IN: [2.1796579361] Sec

[ 20:15:11.301205 ] - [ I ] ::: ['DOC_BROWSER']:  Welcome ... [INIT]: Done
[ 20:40:48.006426 ] - [ W ] ::: ['DOC_BROWSER']: ['REQUEST_HANDLER']: [Host google.com not found]
[ 20:45:03.581708 ] - [ I ] ::: Doc-Browser: SETTINGS: SAVE: 
[ 20:45:03.582240 ] - [ I ] ::: Doc-Browser: SETTINGS: SAVE: Done
[ 20:45:03.582430 ] - [ I ] ::: Doc-Browser: NOTEBOOK: SAVE: 
[ 20:45:03.583815 ] - [ I ] ::: Doc-Browser: NOTEBOOK: SAVE: Done
[ 20:45:03.584033 ] - [ I ] ::: Doc-Browser: COOKIE: Saving 
[ 20:45:03.819449 ] - [ I ] ::: Doc-Browser: COOKIE: Done 
[ 20:45:03.820023 ] - [ I ] ::: Doc-Browser: CLEAN_UP: Remiving tmp files:
[ 20:45:03.910343 ] - [ I ] ::: Doc-Browser: CLEAN_UP: Remiving Objects:
[ 20:45:03.928588 ] - [ I ] ::: Doc-Browser: CLEAN_UP: Done

[ 21:14:52.585193 ] - [ I ] ::: ##########################################################################################
[ 21:14:52.585540 ] - [ I ] ::: Doc-Browser: INIT:
[ 21:14:52.585735 ] - [ I ] ::: Doc-Browser: SETTINGS: LOAD: 
[ 21:14:52.585892 ] - [ I ] ::: Doc-Browser: SETTINGS: LOAD: Done
[ 21:14:52.586047 ] - [ I ] ::: Doc-Browser: COOKIE: Loading 
[ 21:14:52.978068 ] - [ I ] ::: Doc-Browser: COOKIE: Done
[ 21:14:52.983526 ] - [ I ] ::: Doc-Browser: NOTEBOOK: LODE: 
[ 21:14:53.032464 ] - [ I ] ::: Doc-Browser: NOTEBOOK: LODE: Done
[ 21:14:53.032813 ] - [ I ] ::: Doc-Browser: Loading: /m-sys/Doc-Browser/storage/favorite.file
[ 21:14:53.091007 ] - [ I ] ::: Doc-Browser: INIT: DONE IN: [1.58928990364] Sec

[ 21:14:53.177922 ] - [ I ] ::: ['DOC_BROWSER']:  Welcome ... [INIT]: Done
[ 21:15:48.252985 ] - [ I ] ::: ['DOC_BROWSER']: ['DOWNLOAD_MANAGER']: [Download: Aborted: [TESIS_MASTER_LEI_ZHANG.pdf]]
[ 21:36:24.119131 ] - [ W ] ::: ['DOC_BROWSER']: ['REQUEST_HANDLER']: [Host yandex.st not found]
[ 23:35:30.377992 ] - [ W ] ::: ['DOC_BROWSER']: ['REQUEST_HANDLER']: [Host  not found]
[ 23:37:16.978804 ] - [ W ] ::: ['DOC_BROWSER']: ['REQUEST_HANDLER']: [Host  not found]
[ 23:37:20.996009 ] - [ W ] ::: ['DOC_BROWSER']: ['REQUEST_HANDLER']: [Host  not found]
[ 23:37:25.014979 ] - [ W ] ::: ['DOC_BROWSER']: ['REQUEST_HANDLER']: [Host  not found]
[ 23:37:29.056967 ] - [ W ] ::: ['DOC_BROWSER']: ['REQUEST_HANDLER']: [Host  not found]
[ 23:44:53.394049 ] - [ W ] ::: ['DOC_BROWSER']: ['DEBUGGER']: [--------------------------------------------------------
Exception: NR: [0]
	FILE: ['/m-sys/Doc-Browser/modules/web_view.py', '210']
	DESC: ['KeyError', ''c18854'']]
[ 23:44:57.682742 ] - [ W ] ::: ['DOC_BROWSER']: ['DEBUGGER']: [--------------------------------------------------------
Exception: NR: [1]
	FILE: ['/m-sys/Doc-Browser/modules/web_view.py', '210']
	DESC: ['KeyError', ''c18854'']]
[ 23:45:19.687377 ] - [ E ] ::: ['DOC_BROWSER']: ['WEB_VIEW.ON_LOAD_FINISHED']: ['c18854']
[ 23:45:23.690466 ] - [ E ] ::: ['DOC_BROWSER']: ['WEB_VIEW.ON_LOAD_FINISHED']: ['c18854']
[ 23:47:54.966310 ] - [ W ] ::: ['DOC_BROWSER']: ['DEBUGGER']: [--------------------------------------------------------
Exception: NR: [2]
	FILE: ['/m-sys/Doc-Browser/modules/web_view.py', '210']
	DESC: ['KeyError', ''c18854'']]
[ 23:48:01.154864 ] - [ W ] ::: ['DOC_BROWSER']: ['DEBUGGER']: [--------------------------------------------------------
Exception: NR: [3]
	FILE: ['/m-sys/Doc-Browser/modules/web_view.py', '210']
	DESC: ['KeyError', ''c18854'']]
[ 23:48:05.162869 ] - [ E ] ::: ['DOC_BROWSER']: ['WEB_VIEW.ON_LOAD_FINISHED']: ['c18854']
[ 23:48:11.737964 ] - [ E ] ::: ['DOC_BROWSER']: ['WEB_VIEW.ON_LOAD_FINISHED']: ['c18854']
[ 23:49:31.577447 ] - [ I ] ::: Doc-Browser: SETTINGS: SAVE: 
[ 23:49:31.578042 ] - [ I ] ::: Doc-Browser: SETTINGS: SAVE: Done
[ 23:49:31.578230 ] - [ I ] ::: Doc-Browser: NOTEBOOK: SAVE: 
[ 23:49:31.642290 ] - [ I ] ::: Doc-Browser: NOTEBOOK: SAVE: Done
[ 23:49:31.657651 ] - [ I ] ::: Doc-Browser: COOKIE: Saving 
[ 23:49:32.166400 ] - [ I ] ::: Doc-Browser: COOKIE: Done 
[ 23:49:32.196035 ] - [ I ] ::: Doc-Browser: CLEAN_UP: Remiving tmp files:
[ 23:49:32.433959 ] - [ I ] ::: Doc-Browser: CLEAN_UP: Remiving Objects:
[ 23:49:32.588707 ] - [ I ] ::: Doc-Browser: CLEAN_UP: Done

[ 23:50:40.107734 ] - [ I ] ::: ##########################################################################################
[ 23:50:40.111451 ] - [ I ] ::: Doc-Browser: INIT:
[ 23:50:40.111695 ] - [ I ] ::: Doc-Browser: SETTINGS: LOAD: 
[ 23:50:40.111853 ] - [ I ] ::: Doc-Browser: SETTINGS: LOAD: Done
[ 23:50:40.112010 ] - [ I ] ::: Doc-Browser: COOKIE: Loading 
[ 23:50:40.676583 ] - [ I ] ::: Doc-Browser: COOKIE: Done
[ 23:50:40.725332 ] - [ I ] ::: Doc-Browser: NOTEBOOK: LODE: 
[ 23:50:40.857987 ] - [ I ] ::: Doc-Browser: NOTEBOOK: LODE: Done
[ 23:50:40.858306 ] - [ I ] ::: Doc-Browser: Loading: /m-sys/Doc-Browser/storage/favorite.file
[ 23:50:41.061748 ] - [ I ] ::: Doc-Browser: INIT: DONE IN: [3.44734311104] Sec

[ 23:50:41.479485 ] - [ I ] ::: ['DOC_BROWSER']:  Welcome ... [INIT]: Done
[ 23:50:47.434869 ] - [ I ] ::: ##########################################################################################
[ 23:50:47.435096 ] - [ I ] ::: Doc-Browser: INIT:
[ 23:50:47.435178 ] - [ I ] ::: Doc-Browser: SETTINGS: LOAD: 
[ 23:50:47.435242 ] - [ I ] ::: Doc-Browser: SETTINGS: LOAD: Done
[ 23:50:47.435334 ] - [ I ] ::: Doc-Browser: COOKIE: Loading 
[ 23:50:47.607413 ] - [ I ] ::: Doc-Browser: COOKIE: Done
[ 23:50:47.610526 ] - [ I ] ::: Doc-Browser: NOTEBOOK: LODE: 
[ 23:50:47.614319 ] - [ I ] ::: Doc-Browser: NOTEBOOK: LODE: Done
[ 23:50:47.614422 ] - [ I ] ::: Doc-Browser: Loading: /m-sys/Doc-Browser/storage/favorite.file
[ 23:50:47.621902 ] - [ I ] ::: Doc-Browser: INIT: DONE IN: [0.703819036484] Sec

[ 23:50:47.648255 ] - [ I ] ::: ['DOC_BROWSER']:  Welcome ... [INIT]: Done
[ 23:50:51.294105 ] - [ I ] ::: Doc-Browser: SETTINGS: SAVE: 
[ 23:50:51.294438 ] - [ I ] ::: Doc-Browser: SETTINGS: SAVE: Done
[ 23:50:51.294617 ] - [ I ] ::: Doc-Browser: NOTEBOOK: SAVE: 
[ 23:50:51.296107 ] - [ I ] ::: Doc-Browser: NOTEBOOK: SAVE: Done
[ 23:50:51.296299 ] - [ I ] ::: Doc-Browser: COOKIE: Saving 
[ 23:50:51.474254 ] - [ I ] ::: Doc-Browser: COOKIE: Done 
[ 23:50:51.474834 ] - [ I ] ::: Doc-Browser: CLEAN_UP: Remiving tmp files:
[ 23:50:51.525034 ] - [ I ] ::: Doc-Browser: CLEAN_UP: Remiving Objects:
[ 23:50:51.525646 ] - [ I ] ::: Doc-Browser: CLEAN_UP: Done

[ 23:50:52.675406 ] - [ I ] ::: Doc-Browser: SETTINGS: SAVE: 
[ 23:50:52.675753 ] - [ I ] ::: Doc-Browser: SETTINGS: SAVE: Done
[ 23:50:52.675931 ] - [ I ] ::: Doc-Browser: NOTEBOOK: SAVE: 
[ 23:50:52.677912 ] - [ I ] ::: Doc-Browser: NOTEBOOK: SAVE: Done
[ 23:50:52.678127 ] - [ I ] ::: Doc-Browser: COOKIE: Saving 
[ 23:50:52.855538 ] - [ I ] ::: Doc-Browser: COOKIE: Done 
[ 23:50:52.856114 ] - [ I ] ::: Doc-Browser: CLEAN_UP: Remiving tmp files:
[ 23:50:52.865592 ] - [ I ] ::: Doc-Browser: CLEAN_UP: Remiving Objects:
[ 23:50:52.866216 ] - [ I ] ::: Doc-Browser: CLEAN_UP: Done

[ 23:50:56.277738 ] - [ I ] ::: ##########################################################################################
[ 23:50:56.277955 ] - [ I ] ::: Doc-Browser: INIT:
[ 23:50:56.278035 ] - [ I ] ::: Doc-Browser: SETTINGS: LOAD: 
[ 23:50:56.278097 ] - [ I ] ::: Doc-Browser: SETTINGS: LOAD: Done
[ 23:50:56.278159 ] - [ I ] ::: Doc-Browser: COOKIE: Loading 
[ 23:50:56.434313 ] - [ I ] ::: Doc-Browser: COOKIE: Done
[ 23:50:56.437310 ] - [ I ] ::: Doc-Browser: NOTEBOOK: LODE: 
[ 23:50:56.441166 ] - [ I ] ::: Doc-Browser: NOTEBOOK: LODE: Done
[ 23:50:56.441273 ] - [ I ] ::: Doc-Browser: Loading: /m-sys/Doc-Browser/storage/favorite.file
[ 23:50:56.448997 ] - [ I ] ::: Doc-Browser: INIT: DONE IN: [0.661822080612] Sec

[ 23:50:56.481610 ] - [ I ] ::: ['DOC_BROWSER']:  Welcome ... [INIT]: Done
[ 23:59:03.312656 ] - [ W ] ::: ['DOC_BROWSER']: ['DEBUGGER']: [--------------------------------------------------------
Exception: NR: [0]
	FILE: ['/m-sys/Doc-Browser/modules/web_view.py', '210']
	DESC: ['KeyError', ''def219'']]
[ 23:59:13.876438 ] - [ W ] ::: ['DOC_BROWSER']: ['DEBUGGER']: [--------------------------------------------------------
Exception: NR: [1]
	FILE: ['/m-sys/Doc-Browser/modules/web_view.py', '210']
	DESC: ['KeyError', ''def219'']]
[ 23:59:22.061982 ] - [ E ] ::: ['DOC_BROWSER']: ['WEB_VIEW.ON_LOAD_FINISHED']: ['def219']
[ 23:59:32.577984 ] - [ E ] ::: ['DOC_BROWSER']: ['WEB_VIEW.ON_LOAD_FINISHED']: ['def219']
[ 23:59:47.361765 ] - [ W ] ::: ['DOC_BROWSER']: ['DEBUGGER']: [--------------------------------------------------------
Exception: NR: [2]
	FILE: ['/m-sys/Doc-Browser/modules/web_view.py', '210']
	DESC: ['KeyError', ''243f82'']]
[ 23:59:51.378630 ] - [ W ] ::: ['DOC_BROWSER']: ['DEBUGGER']: [--------------------------------------------------------
Exception: NR: [3]
	FILE: ['/m-sys/Doc-Browser/modules/web_view.py', '210']
	DESC: ['KeyError', ''243f82'']]
[ 23:59:57.456675 ] - [ E ] ::: ['DOC_BROWSER']: ['WEB_VIEW.ON_LOAD_FINISHED']: ['243f82']
[ 00:00:08.417581 ] - [ E ] ::: ['DOC_BROWSER']: ['WEB_VIEW.ON_LOAD_FINISHED']: ['243f82']
[ 00:14:42.142638 ] - [ I ] ::: Doc-Browser: SETTINGS: SAVE: 
[ 00:14:42.677147 ] - [ I ] ::: Doc-Browser: SETTINGS: SAVE: Done
[ 00:14:42.693629 ] - [ I ] ::: Doc-Browser: NOTEBOOK: SAVE: 
[ 00:14:42.909738 ] - [ I ] ::: Doc-Browser: NOTEBOOK: SAVE: Done
[ 00:14:42.932023 ] - [ I ] ::: Doc-Browser: COOKIE: Saving 
[ 00:14:43.572275 ] - [ I ] ::: Doc-Browser: COOKIE: Done 
[ 00:14:43.646386 ] - [ I ] ::: Doc-Browser: CLEAN_UP: Remiving tmp files:
[ 00:14:44.279924 ] - [ I ] ::: Doc-Browser: CLEAN_UP: Remiving Objects:
[ 00:14:44.495790 ] - [ I ] ::: Doc-Browser: CLEAN_UP: Done

