[ 01:01:30.235632 ] - [ I ] ::: ##########################################################################################
[ 01:01:30.262678 ] - [ I ] ::: Doc-Browser: INIT:
[ 01:01:30.262875 ] - [ I ] ::: Doc-Browser: SETTINGS: LOAD: 
[ 01:01:30.263030 ] - [ I ] ::: Doc-Browser: SETTINGS: LOAD: Done
[ 01:01:30.263188 ] - [ I ] ::: Doc-Browser: COOKIE: Loading 
[ 01:01:30.798822 ] - [ I ] ::: Doc-Browser: COOKIE: Done
[ 01:01:30.944933 ] - [ I ] ::: Doc-Browser: NOTEBOOK: LODE: 
[ 01:01:31.014930 ] - [ I ] ::: Doc-Browser: NOTEBOOK: LODE: Done
[ 01:01:31.015174 ] - [ I ] ::: Doc-Browser: Loading: /m-sys/Doc-Browser/storage/favorite.file
[ 01:01:31.342510 ] - [ I ] ::: Doc-Browser: INIT: DONE IN: [4.54280996323] Sec

[ 01:01:31.608804 ] - [ I ] ::: ['DOC_BROWSER']:  Welcome ... [INIT]: Done
[ 01:03:03.501079 ] - [ W ] ::: ['DOC_BROWSER']: ['DEBUGGER']: [--------------------------------------------------------
Exception: NR: [0]
	FILE: ['/m-sys/Doc-Browser/modules/download_manager.py', '321']
	DESC: ['HTTPError', 'HTTP Error 404: Not Found']]
[ 01:03:17.539032 ] - [ E ] ::: ['DOC_BROWSER']: ['DOWNLOAD_MANAGER.NEW_DOWNLOAD']: [HTTP Error 404: Not Found]
[ 01:03:36.360254 ] - [ W ] ::: ['DOC_BROWSER']: ['DEBUGGER']: [--------------------------------------------------------
Exception: NR: [1]
	FILE: ['/m-sys/Doc-Browser/modules/download_manager.py', '321']
	DESC: ['HTTPError', 'HTTP Error 404: Not Found']]
[ 01:03:42.372510 ] - [ E ] ::: ['DOC_BROWSER']: ['DOWNLOAD_MANAGER.NEW_DOWNLOAD']: [HTTP Error 404: Not Found]
[ 01:04:03.244710 ] - [ W ] ::: ['DOC_BROWSER']: ['DEBUGGER']: [--------------------------------------------------------
Exception: NR: [2]
	FILE: ['/m-sys/Doc-Browser/modules/download_manager.py', '321']
	DESC: ['HTTPError', 'HTTP Error 404: Not Found']]
[ 01:04:11.293404 ] - [ E ] ::: ['DOC_BROWSER']: ['DOWNLOAD_MANAGER.NEW_DOWNLOAD']: [HTTP Error 404: Not Found]
[ 01:04:48.253289 ] - [ I ] ::: Doc-Browser: SETTINGS: SAVE: 
[ 01:04:48.253766 ] - [ I ] ::: Doc-Browser: SETTINGS: SAVE: Done
[ 01:04:48.253909 ] - [ I ] ::: Doc-Browser: NOTEBOOK: SAVE: 
[ 01:04:48.256257 ] - [ I ] ::: Doc-Browser: NOTEBOOK: SAVE: Done
[ 01:04:48.256465 ] - [ I ] ::: Doc-Browser: COOKIE: Saving 
[ 01:04:48.483022 ] - [ I ] ::: Doc-Browser: COOKIE: Done 
[ 01:04:48.483743 ] - [ I ] ::: Doc-Browser: CLEAN_UP: Remiving tmp files:
[ 01:04:48.700815 ] - [ I ] ::: Doc-Browser: CLEAN_UP: Remiving Objects:
[ 01:04:48.714573 ] - [ I ] ::: Doc-Browser: CLEAN_UP: Done

[ 15:24:56.964320 ] - [ I ] ::: ##########################################################################################
[ 15:24:57.023989 ] - [ I ] ::: Doc-Browser: INIT:
[ 15:24:57.024306 ] - [ I ] ::: Doc-Browser: SETTINGS: LOAD: 
[ 15:24:57.024472 ] - [ I ] ::: Doc-Browser: SETTINGS: LOAD: Done
[ 15:24:57.024636 ] - [ I ] ::: Doc-Browser: COOKIE: Loading 
[ 15:24:57.552753 ] - [ I ] ::: Doc-Browser: COOKIE: Done
[ 15:24:57.602832 ] - [ I ] ::: Doc-Browser: NOTEBOOK: LODE: 
[ 15:24:57.639368 ] - [ I ] ::: Doc-Browser: NOTEBOOK: LODE: Done
[ 15:24:57.639593 ] - [ I ] ::: Doc-Browser: Loading: /m-sys/Doc-Browser/storage/favorite.file
[ 15:24:57.952345 ] - [ I ] ::: Doc-Browser: INIT: DONE IN: [3.79510402679] Sec

[ 15:24:58.180762 ] - [ I ] ::: ['DOC_BROWSER']:  Welcome ... [INIT]: Done
[ 15:27:36.893392 ] - [ W ] ::: ['DOC_BROWSER']: ['DEBUGGER']: [--------------------------------------------------------
Exception: NR: [0]
	FILE: ['/m-sys/Doc-Browser/modules/web_view.py', '210']
	DESC: ['KeyError', ''6cbf9c'']]
[ 15:28:24.990450 ] - [ E ] ::: ['DOC_BROWSER']: ['WEB_VIEW.ON_LOAD_FINISHED']: ['6cbf9c']
[ 15:47:49.191011 ] - [ I ] ::: Doc-Browser: SETTINGS: SAVE: 
[ 15:47:49.425324 ] - [ I ] ::: Doc-Browser: SETTINGS: SAVE: Done
[ 15:47:49.456490 ] - [ I ] ::: Doc-Browser: NOTEBOOK: SAVE: 
[ 15:47:49.703663 ] - [ I ] ::: Doc-Browser: NOTEBOOK: SAVE: Done
[ 15:47:49.735076 ] - [ I ] ::: Doc-Browser: COOKIE: Saving 
[ 15:47:51.247037 ] - [ I ] ::: Doc-Browser: COOKIE: Done 
[ 15:47:51.397845 ] - [ I ] ::: Doc-Browser: CLEAN_UP: Remiving tmp files:
[ 15:47:52.026125 ] - [ I ] ::: Doc-Browser: CLEAN_UP: Remiving Objects:
[ 15:47:52.156221 ] - [ I ] ::: Doc-Browser: CLEAN_UP: Done

[ 15:49:05.230666 ] - [ I ] ::: ##########################################################################################
[ 15:49:05.287938 ] - [ I ] ::: Doc-Browser: INIT:
[ 15:49:05.288164 ] - [ I ] ::: Doc-Browser: SETTINGS: LOAD: 
[ 15:49:05.288325 ] - [ I ] ::: Doc-Browser: SETTINGS: LOAD: Done
[ 15:49:05.288481 ] - [ I ] ::: Doc-Browser: COOKIE: Loading 
[ 15:49:05.817425 ] - [ I ] ::: Doc-Browser: COOKIE: Done
[ 15:49:05.858979 ] - [ I ] ::: Doc-Browser: NOTEBOOK: LODE: 
[ 15:49:05.916475 ] - [ I ] ::: Doc-Browser: NOTEBOOK: LODE: Done
[ 15:49:05.916719 ] - [ I ] ::: Doc-Browser: Loading: /m-sys/Doc-Browser/storage/favorite.file
[ 15:49:06.226144 ] - [ I ] ::: Doc-Browser: INIT: DONE IN: [5.53927302361] Sec

[ 15:49:06.560877 ] - [ I ] ::: ['DOC_BROWSER']:  Welcome ... [INIT]: Done
[ 16:00:37.408182 ] - [ I ] ::: Doc-Browser: SETTINGS: SAVE: 
[ 16:00:37.723054 ] - [ I ] ::: Doc-Browser: SETTINGS: SAVE: Done
[ 16:00:37.723934 ] - [ I ] ::: Doc-Browser: NOTEBOOK: SAVE: 
[ 16:00:37.800266 ] - [ I ] ::: Doc-Browser: NOTEBOOK: SAVE: Done
[ 16:00:37.800537 ] - [ I ] ::: Doc-Browser: COOKIE: Saving 
[ 16:00:38.279296 ] - [ I ] ::: Doc-Browser: COOKIE: Done 
[ 16:00:38.283123 ] - [ I ] ::: Doc-Browser: CLEAN_UP: Remiving tmp files:
[ 16:00:38.902059 ] - [ I ] ::: Doc-Browser: CLEAN_UP: Remiving Objects:
[ 16:00:39.051550 ] - [ I ] ::: Doc-Browser: CLEAN_UP: Done

[ 16:09:53.276441 ] - [ I ] ::: ##########################################################################################
[ 16:09:53.276791 ] - [ I ] ::: Doc-Browser: INIT:
[ 16:09:53.276987 ] - [ I ] ::: Doc-Browser: SETTINGS: LOAD: 
[ 16:09:53.277191 ] - [ I ] ::: Doc-Browser: SETTINGS: LOAD: Done
[ 16:09:53.277355 ] - [ I ] ::: Doc-Browser: COOKIE: Loading 
[ 16:09:53.819921 ] - [ I ] ::: Doc-Browser: COOKIE: Done
[ 16:09:53.849945 ] - [ I ] ::: Doc-Browser: NOTEBOOK: LODE: 
[ 16:09:53.878065 ] - [ I ] ::: Doc-Browser: NOTEBOOK: LODE: Done
[ 16:09:53.878175 ] - [ I ] ::: Doc-Browser: Loading: /m-sys/Doc-Browser/storage/favorite.file
[ 16:09:53.990903 ] - [ I ] ::: Doc-Browser: INIT: DONE IN: [3.1743979454] Sec

[ 16:09:54.291048 ] - [ I ] ::: ['DOC_BROWSER']:  Welcome ... [INIT]: Done
[ 16:11:27.333925 ] - [ W ] ::: ['DOC_BROWSER']: ['REQUEST_HANDLER']: [Host sharethis.nexac.com not found]
[ 16:11:35.929520 ] - [ W ] ::: ['DOC_BROWSER']: ['REQUEST_HANDLER']: [Host  not found]
[ 16:12:25.953797 ] - [ W ] ::: ['DOC_BROWSER']: ['REQUEST_HANDLER']: [Host  not found]
[ 16:12:41.978967 ] - [ I ] ::: ['DOC_BROWSER']: ['DOWNLOAD_MANAGER']: [Download started: org.ch3ll0v3k.WIMPD_Pro.downloader.apk]
[ 16:12:45.981197 ] - [ I ] ::: ['DOC_BROWSER']: ['DOWNLOAD_MANAGER']: [Download finished: org.ch3ll0v3k.WIMPD_Pro.downloader.apk]
[ 16:26:01.339379 ] - [ I ] ::: Doc-Browser: SETTINGS: SAVE: 
[ 16:26:01.339850 ] - [ I ] ::: Doc-Browser: SETTINGS: SAVE: Done
[ 16:26:01.340036 ] - [ I ] ::: Doc-Browser: NOTEBOOK: SAVE: 
[ 16:26:01.341524 ] - [ I ] ::: Doc-Browser: NOTEBOOK: SAVE: Done
[ 16:26:01.341729 ] - [ I ] ::: Doc-Browser: COOKIE: Saving 
[ 16:26:01.673563 ] - [ I ] ::: Doc-Browser: COOKIE: Done 
[ 16:26:01.674475 ] - [ I ] ::: Doc-Browser: CLEAN_UP: Remiving tmp files:
[ 16:26:01.777768 ] - [ I ] ::: Doc-Browser: CLEAN_UP: Remiving Objects:
[ 16:26:01.778434 ] - [ I ] ::: Doc-Browser: CLEAN_UP: Done

[ 16:27:55.821091 ] - [ I ] ::: ##########################################################################################
[ 16:27:55.821394 ] - [ I ] ::: Doc-Browser: INIT:
[ 16:27:55.821485 ] - [ I ] ::: Doc-Browser: SETTINGS: LOAD: 
[ 16:27:55.821553 ] - [ I ] ::: Doc-Browser: SETTINGS: LOAD: Done
[ 16:27:55.821622 ] - [ I ] ::: Doc-Browser: COOKIE: Loading 
[ 16:27:56.061497 ] - [ I ] ::: Doc-Browser: COOKIE: Done
[ 16:27:56.065056 ] - [ I ] ::: Doc-Browser: NOTEBOOK: LODE: 
[ 16:27:56.069508 ] - [ I ] ::: Doc-Browser: NOTEBOOK: LODE: Done
[ 16:27:56.069621 ] - [ I ] ::: Doc-Browser: Loading: /m-sys/Doc-Browser/storage/favorite.file
[ 16:27:56.118647 ] - [ I ] ::: Doc-Browser: INIT: DONE IN: [1.5944211483] Sec

[ 16:27:56.153192 ] - [ I ] ::: ['DOC_BROWSER']:  Welcome ... [INIT]: Done
[ 18:14:31.047385 ] - [ E ] ::: ['DOC_BROWSER']: ['CMD_MANAGER']: [CMD_MANAGER: [PROCCESS]: [unknown cmd | wrong format]]
[ 18:47:57.487413 ] - [ W ] ::: ['DOC_BROWSER']: ['DEBUGGER']: [Exception: NR: [0]
	FILE: ['/m-sys/Doc-Browser/modules/web_view.py', '210']
	DESC: ['KeyError', ''de9232'']]
[ 18:48:01.585352 ] - [ E ] ::: ['DOC_BROWSER']: ['WEB_VIEW.ON_LOAD_FINISHED']: ['de9232']
[ 18:55:43.802721 ] - [ W ] ::: ['DOC_BROWSER']: ['DEBUGGER']: [Exception: NR: [1]
	FILE: ['/m-sys/Doc-Browser/modules/web_view.py', '210']
	DESC: ['KeyError', ''eba7b8'']]
[ 18:55:59.915993 ] - [ E ] ::: ['DOC_BROWSER']: ['WEB_VIEW.ON_LOAD_FINISHED']: ['eba7b8']
[ 18:59:47.822460 ] - [ I ] ::: ##########################################################################################
[ 18:59:47.892806 ] - [ I ] ::: Doc-Browser: INIT:
[ 18:59:47.893070 ] - [ I ] ::: Doc-Browser: SETTINGS: LOAD: 
[ 18:59:47.893269 ] - [ I ] ::: Doc-Browser: SETTINGS: LOAD: Done
[ 18:59:47.893428 ] - [ I ] ::: Doc-Browser: COOKIE: Loading 
[ 18:59:48.526354 ] - [ I ] ::: Doc-Browser: COOKIE: Done
[ 18:59:48.614700 ] - [ I ] ::: Doc-Browser: NOTEBOOK: LODE: 
[ 18:59:48.655905 ] - [ I ] ::: Doc-Browser: NOTEBOOK: LODE: Done
[ 18:59:48.656128 ] - [ I ] ::: Doc-Browser: Loading: /m-sys/Doc-Browser/storage/favorite.file
[ 18:59:48.794704 ] - [ I ] ::: Doc-Browser: INIT: DONE IN: [3.62440299988] Sec

[ 18:59:48.966321 ] - [ I ] ::: ['DOC_BROWSER']:  Welcome ... [INIT]: Done
[ 20:02:57.263424 ] - [ W ] ::: ['DOC_BROWSER']: ['REQUEST_HANDLER']: [Host programmersforum.ru not found]
[ 20:03:11.783423 ] - [ W ] ::: ['DOC_BROWSER']: ['REQUEST_HANDLER']: [Host programmersforum.ru not found]
[ 20:04:07.816250 ] - [ W ] ::: ['DOC_BROWSER']: ['REQUEST_HANDLER']: [Host programmersforum.ru not found]
[ 20:05:11.853969 ] - [ W ] ::: ['DOC_BROWSER']: ['REQUEST_HANDLER']: [Host programmersforum.ru not found]
[ 20:05:35.868766 ] - [ W ] ::: ['DOC_BROWSER']: ['REQUEST_HANDLER']: [Host programmersforum.ru not found]
[ 20:06:01.959133 ] - [ W ] ::: ['DOC_BROWSER']: ['REQUEST_HANDLER']: [Host programmersforum.ru not found]
[ 20:06:32.115512 ] - [ W ] ::: ['DOC_BROWSER']: ['REQUEST_HANDLER']: [Host  not found]
[ 20:06:38.121800 ] - [ W ] ::: ['DOC_BROWSER']: ['REQUEST_HANDLER']: [Host programmersforum.ru not found]
[ 20:07:22.681826 ] - [ W ] ::: ['DOC_BROWSER']: ['REQUEST_HANDLER']: [Host github.com not found]
[ 20:07:40.853499 ] - [ W ] ::: ['DOC_BROWSER']: ['REQUEST_HANDLER']: [Host github.com not found]
[ 20:07:44.857619 ] - [ W ] ::: ['DOC_BROWSER']: ['REQUEST_HANDLER']: [Host github.com not found]
[ 20:07:48.893633 ] - [ W ] ::: ['DOC_BROWSER']: ['REQUEST_HANDLER']: [Host github.com not found]
[ 20:07:52.899879 ] - [ W ] ::: ['DOC_BROWSER']: ['REQUEST_HANDLER']: [Host github.com not found]
[ 20:07:56.904149 ] - [ W ] ::: ['DOC_BROWSER']: ['REQUEST_HANDLER']: [Host github.com not found]
[ 20:08:00.912902 ] - [ W ] ::: ['DOC_BROWSER']: ['REQUEST_HANDLER']: [Host github.com not found]
[ 20:08:04.918628 ] - [ W ] ::: ['DOC_BROWSER']: ['REQUEST_HANDLER']: [Host github.com not found]
[ 20:10:53.518968 ] - [ I ] ::: Doc-Browser: SETTINGS: SAVE: 
[ 20:10:53.520568 ] - [ I ] ::: Doc-Browser: SETTINGS: SAVE: Done
[ 20:10:53.520754 ] - [ I ] ::: Doc-Browser: NOTEBOOK: SAVE: 
[ 20:10:53.598335 ] - [ I ] ::: Doc-Browser: NOTEBOOK: SAVE: Done
[ 20:10:53.634479 ] - [ I ] ::: Doc-Browser: COOKIE: Saving 
[ 20:10:54.539905 ] - [ I ] ::: Doc-Browser: COOKIE: Done 
[ 20:10:54.572959 ] - [ I ] ::: Doc-Browser: CLEAN_UP: Remiving tmp files:
[ 20:10:54.753202 ] - [ I ] ::: Doc-Browser: CLEAN_UP: Remiving Objects:
[ 20:10:54.861927 ] - [ I ] ::: Doc-Browser: CLEAN_UP: Done

[ 21:54:04.104244 ] - [ I ] ::: ##########################################################################################
[ 21:54:04.104572 ] - [ I ] ::: Doc-Browser: INIT:
[ 21:54:04.104765 ] - [ I ] ::: Doc-Browser: SETTINGS: LOAD: 
[ 21:54:04.104921 ] - [ I ] ::: Doc-Browser: SETTINGS: LOAD: Done
[ 21:54:04.105083 ] - [ I ] ::: Doc-Browser: COOKIE: Loading 
[ 21:54:04.586209 ] - [ I ] ::: Doc-Browser: COOKIE: Done
[ 21:54:04.634467 ] - [ I ] ::: Doc-Browser: NOTEBOOK: LODE: 
[ 21:54:04.644027 ] - [ I ] ::: Doc-Browser: NOTEBOOK: LODE: Done
[ 21:54:04.644235 ] - [ I ] ::: Doc-Browser: Loading: /m-sys/Doc-Browser/storage/favorite.file
[ 21:54:04.769851 ] - [ I ] ::: Doc-Browser: INIT: DONE IN: [2.07710003853] Sec

[ 21:54:04.875222 ] - [ I ] ::: ['DOC_BROWSER']:  Welcome ... [INIT]: Done
[ 23:18:18.317802 ] - [ I ] ::: Doc-Browser: SETTINGS: SAVE: 
[ 23:18:18.477960 ] - [ I ] ::: Doc-Browser: SETTINGS: SAVE: Done
[ 23:18:18.478208 ] - [ I ] ::: Doc-Browser: NOTEBOOK: SAVE: 
[ 23:18:18.755861 ] - [ I ] ::: Doc-Browser: NOTEBOOK: SAVE: Done
[ 23:18:18.756127 ] - [ I ] ::: Doc-Browser: COOKIE: Saving 
[ 23:18:19.534900 ] - [ I ] ::: Doc-Browser: COOKIE: Done 
[ 23:18:19.535552 ] - [ I ] ::: Doc-Browser: CLEAN_UP: Remiving tmp files:
[ 23:18:19.720984 ] - [ I ] ::: Doc-Browser: CLEAN_UP: Remiving Objects:
[ 23:18:19.793275 ] - [ I ] ::: Doc-Browser: CLEAN_UP: Done

[ 23:31:57.803319 ] - [ I ] ::: ##########################################################################################
[ 23:31:57.854669 ] - [ I ] ::: Doc-Browser: INIT:
[ 23:31:57.854880 ] - [ I ] ::: Doc-Browser: SETTINGS: LOAD: 
[ 23:31:57.855039 ] - [ I ] ::: Doc-Browser: SETTINGS: LOAD: Done
[ 23:31:57.855201 ] - [ I ] ::: Doc-Browser: COOKIE: Loading 
[ 23:31:58.382671 ] - [ I ] ::: Doc-Browser: COOKIE: Done
[ 23:31:58.442353 ] - [ I ] ::: Doc-Browser: NOTEBOOK: LODE: 
[ 23:31:58.487143 ] - [ I ] ::: Doc-Browser: NOTEBOOK: LODE: Done
[ 23:31:58.487369 ] - [ I ] ::: Doc-Browser: Loading: /m-sys/Doc-Browser/storage/favorite.file
[ 23:31:58.854188 ] - [ I ] ::: Doc-Browser: INIT: DONE IN: [3.6999938488] Sec

[ 23:31:59.091609 ] - [ I ] ::: ['DOC_BROWSER']:  Welcome ... [INIT]: Done
[ 23:45:02.473435 ] - [ I ] ::: Doc-Browser: SETTINGS: SAVE: 
[ 23:45:02.474021 ] - [ I ] ::: Doc-Browser: SETTINGS: SAVE: Done
[ 23:45:02.474413 ] - [ I ] ::: Doc-Browser: NOTEBOOK: SAVE: 
[ 23:45:02.477233 ] - [ I ] ::: Doc-Browser: NOTEBOOK: SAVE: Done
[ 23:45:02.477491 ] - [ I ] ::: Doc-Browser: COOKIE: Saving 
[ 23:45:02.829335 ] - [ I ] ::: Doc-Browser: COOKIE: Done 
[ 23:45:02.848514 ] - [ I ] ::: Doc-Browser: CLEAN_UP: Remiving tmp files:
[ 23:45:03.024652 ] - [ I ] ::: Doc-Browser: CLEAN_UP: Remiving Objects:
[ 23:45:03.047532 ] - [ I ] ::: Doc-Browser: CLEAN_UP: Done

[ 23:45:14.398688 ] - [ I ] ::: ##########################################################################################
[ 23:45:14.399572 ] - [ I ] ::: Doc-Browser: INIT:
[ 23:45:14.405355 ] - [ I ] ::: Doc-Browser: SETTINGS: LOAD: 
[ 23:45:14.405577 ] - [ I ] ::: Doc-Browser: SETTINGS: LOAD: Done
[ 23:45:14.405746 ] - [ I ] ::: Doc-Browser: COOKIE: Loading 
[ 23:45:15.034362 ] - [ I ] ::: Doc-Browser: COOKIE: Done
[ 23:45:15.047832 ] - [ I ] ::: Doc-Browser: NOTEBOOK: LODE: 
[ 23:45:15.058751 ] - [ I ] ::: Doc-Browser: NOTEBOOK: LODE: Done
[ 23:45:15.058981 ] - [ I ] ::: Doc-Browser: Loading: /m-sys/Doc-Browser/storage/favorite.file
[ 23:45:15.089014 ] - [ I ] ::: Doc-Browser: INIT: DONE IN: [1.82414603233] Sec

[ 23:45:15.168399 ] - [ I ] ::: ['DOC_BROWSER']:  Welcome ... [INIT]: Done
[ 23:50:21.386416 ] - [ I ] ::: Doc-Browser: SETTINGS: SAVE: 
[ 23:50:23.239384 ] - [ I ] ::: Doc-Browser: SETTINGS: SAVE: Done
[ 23:50:24.482801 ] - [ I ] ::: Doc-Browser: NOTEBOOK: SAVE: 
[ 23:50:29.639098 ] - [ I ] ::: Doc-Browser: NOTEBOOK: SAVE: Done
[ 23:50:36.946218 ] - [ I ] ::: Doc-Browser: COOKIE: Saving 
[ 23:50:44.610239 ] - [ I ] ::: Doc-Browser: COOKIE: Done 
[ 23:50:44.899291 ] - [ I ] ::: Doc-Browser: CLEAN_UP: Remiving tmp files:
[ 23:50:45.491546 ] - [ I ] ::: Doc-Browser: CLEAN_UP: Remiving Objects:
[ 23:50:46.618583 ] - [ I ] ::: Doc-Browser: CLEAN_UP: Done

[ 23:56:07.159333 ] - [ I ] ::: ##########################################################################################
[ 23:56:07.159668 ] - [ I ] ::: Doc-Browser: INIT:
[ 23:56:07.159860 ] - [ I ] ::: Doc-Browser: SETTINGS: LOAD: 
[ 23:56:07.160015 ] - [ I ] ::: Doc-Browser: SETTINGS: LOAD: Done
[ 23:56:07.160219 ] - [ I ] ::: Doc-Browser: COOKIE: Loading 
[ 23:56:07.860782 ] - [ I ] ::: Doc-Browser: COOKIE: Done
[ 23:56:07.902918 ] - [ I ] ::: Doc-Browser: NOTEBOOK: LODE: 
[ 23:56:07.938727 ] - [ I ] ::: Doc-Browser: NOTEBOOK: LODE: Done
[ 23:56:07.938846 ] - [ I ] ::: Doc-Browser: Loading: /m-sys/Doc-Browser/storage/favorite.file
[ 23:56:08.119316 ] - [ I ] ::: Doc-Browser: INIT: DONE IN: [3.66332697868] Sec

[ 23:56:08.374559 ] - [ I ] ::: ['DOC_BROWSER']:  Welcome ... [INIT]: Done
[ 00:01:34.216897 ] - [ I ] ::: Doc-Browser: SETTINGS: SAVE: 
[ 00:01:34.217192 ] - [ I ] ::: Doc-Browser: SETTINGS: SAVE: Done
[ 00:01:34.217271 ] - [ I ] ::: Doc-Browser: NOTEBOOK: SAVE: 
[ 00:01:34.218605 ] - [ I ] ::: Doc-Browser: NOTEBOOK: SAVE: Done
[ 00:01:34.218719 ] - [ I ] ::: Doc-Browser: COOKIE: Saving 
[ 00:01:34.306835 ] - [ I ] ::: Doc-Browser: COOKIE: Done 
[ 00:01:34.307202 ] - [ I ] ::: Doc-Browser: CLEAN_UP: Remiving tmp files:
[ 00:01:34.380898 ] - [ I ] ::: Doc-Browser: CLEAN_UP: Remiving Objects:
[ 00:01:34.381286 ] - [ I ] ::: Doc-Browser: CLEAN_UP: Done

