[ 21:00:02.086824 ] - [ I ] ::: ##########################################################################################
[ 21:00:02.087069 ] - [ I ] ::: Doc-Browser: INIT:
[ 21:00:02.087170 ] - [ I ] ::: Doc-Browser: SETTINGS: LOAD: 
[ 21:00:02.087237 ] - [ I ] ::: Doc-Browser: SETTINGS: LOAD: Done
[ 21:00:02.087300 ] - [ I ] ::: Doc-Browser: COOKIE: Loading 
[ 21:00:02.219798 ] - [ I ] ::: Doc-Browser: COOKIE: Done
[ 21:00:02.222677 ] - [ I ] ::: Doc-Browser: NOTEBOOK: LODE: 
[ 21:00:02.224770 ] - [ I ] ::: Doc-Browser: NOTEBOOK: LODE: Done
[ 21:00:02.224885 ] - [ I ] ::: Doc-Browser: Loading: /m-sys/Doc-Browser/storage/favorite.file
[ 21:00:02.287630 ] - [ I ] ::: Doc-Browser: INIT: DONE IN: [0.647126913071] Sec

[ 21:00:02.316323 ] - [ I ] ::: ['DOC_BROWSER']: [ Welcome ... [INIT]: Done]
[ 21:00:06.311296 ] - [ I ] ::: Doc-Browser: SETTINGS: SAVE: 
[ 21:00:06.311662 ] - [ I ] ::: Doc-Browser: SETTINGS: SAVE: Done
[ 21:00:06.311883 ] - [ I ] ::: Doc-Browser: NOTEBOOK: SAVE: 
[ 21:00:06.312841 ] - [ I ] ::: Doc-Browser: NOTEBOOK: SAVE: Done
[ 21:00:06.313113 ] - [ I ] ::: Doc-Browser: COOKIE: Saving 
[ 21:00:06.469460 ] - [ I ] ::: Doc-Browser: COOKIE: Done 
[ 21:00:06.469966 ] - [ I ] ::: Doc-Browser: CLEAN_UP: Remiving tmp files:
[ 21:00:06.479589 ] - [ I ] ::: Doc-Browser: CLEAN_UP: Remiving Objects:
[ 21:00:06.480268 ] - [ I ] ::: Doc-Browser: CLEAN_UP: Done

[ 21:01:14.585683 ] - [ I ] ::: ##########################################################################################
[ 21:01:14.586026 ] - [ I ] ::: Doc-Browser: INIT:
[ 21:01:14.586258 ] - [ I ] ::: Doc-Browser: SETTINGS: LOAD: 
[ 21:01:14.586420 ] - [ I ] ::: Doc-Browser: SETTINGS: LOAD: Done
[ 21:01:14.586575 ] - [ I ] ::: Doc-Browser: COOKIE: Loading 
[ 21:01:14.757932 ] - [ I ] ::: Doc-Browser: COOKIE: Done
[ 21:01:14.760842 ] - [ I ] ::: Doc-Browser: NOTEBOOK: LODE: 
[ 21:01:14.762916 ] - [ I ] ::: Doc-Browser: NOTEBOOK: LODE: Done
[ 21:01:14.763027 ] - [ I ] ::: Doc-Browser: Loading: /m-sys/Doc-Browser/storage/favorite.file
[ 21:01:14.840952 ] - [ I ] ::: Doc-Browser: INIT: DONE IN: [1.12556099892] Sec

[ 21:01:14.866279 ] - [ I ] ::: ['DOC_BROWSER']: [ Welcome ... [INIT]: Done]
[ 21:01:16.964216 ] - [ I ] ::: Doc-Browser: SETTINGS: SAVE: 
[ 21:01:16.964582 ] - [ I ] ::: Doc-Browser: SETTINGS: SAVE: Done
[ 21:01:16.964762 ] - [ I ] ::: Doc-Browser: NOTEBOOK: SAVE: 
[ 21:01:16.965719 ] - [ I ] ::: Doc-Browser: NOTEBOOK: SAVE: Done
[ 21:01:16.966449 ] - [ I ] ::: Doc-Browser: COOKIE: Saving 
[ 21:01:17.142866 ] - [ I ] ::: Doc-Browser: COOKIE: Done 
[ 21:01:17.143383 ] - [ I ] ::: Doc-Browser: CLEAN_UP: Remiving tmp files:
[ 21:01:17.153126 ] - [ I ] ::: Doc-Browser: CLEAN_UP: Remiving Objects:
[ 21:01:17.153748 ] - [ I ] ::: Doc-Browser: CLEAN_UP: Done

[ 21:05:23.136648 ] - [ I ] ::: ##########################################################################################
[ 21:05:23.137784 ] - [ I ] ::: Doc-Browser: INIT:
[ 21:05:23.138083 ] - [ I ] ::: Doc-Browser: SETTINGS: LOAD: 
[ 21:05:23.138162 ] - [ I ] ::: Doc-Browser: SETTINGS: LOAD: Done
[ 21:05:23.138229 ] - [ I ] ::: Doc-Browser: COOKIE: Loading 
[ 21:05:23.272613 ] - [ I ] ::: Doc-Browser: COOKIE: Done
[ 21:05:23.276064 ] - [ I ] ::: Doc-Browser: NOTEBOOK: LODE: 
[ 21:05:23.278129 ] - [ I ] ::: Doc-Browser: NOTEBOOK: LODE: Done
[ 21:05:23.278445 ] - [ I ] ::: Doc-Browser: Loading: /m-sys/Doc-Browser/storage/favorite.file
[ 21:05:23.291854 ] - [ I ] ::: Doc-Browser: INIT: DONE IN: [0.580803155899] Sec

[ 21:05:23.316871 ] - [ I ] ::: ['DOC_BROWSER']: [ Welcome ... [INIT]: Done]
[ 21:06:27.298361 ] - [ I ] ::: ##########################################################################################
[ 21:06:27.298764 ] - [ I ] ::: Doc-Browser: INIT:
[ 21:06:27.549496 ] - [ I ] ::: Doc-Browser: SETTINGS: LOAD: 
[ 21:06:27.549856 ] - [ I ] ::: Doc-Browser: SETTINGS: LOAD: Done
[ 21:06:27.550027 ] - [ I ] ::: Doc-Browser: COOKIE: Loading 
[ 21:06:27.886238 ] - [ I ] ::: Doc-Browser: COOKIE: Done
[ 21:06:28.142558 ] - [ I ] ::: Doc-Browser: NOTEBOOK: LODE: 
[ 21:06:28.150537 ] - [ I ] ::: Doc-Browser: NOTEBOOK: LODE: Done
[ 21:06:28.404830 ] - [ I ] ::: Doc-Browser: Loading: /m-sys/Doc-Browser/storage/favorite.file
[ 21:06:28.713293 ] - [ I ] ::: Doc-Browser: INIT: DONE IN: [5.56458711624] Sec

[ 21:06:28.737251 ] - [ I ] ::: ['DOC_BROWSER']: [ Welcome ... [INIT]: Done]
[ 21:14:26.463365 ] - [ I ] ::: ##########################################################################################
[ 21:14:26.463762 ] - [ I ] ::: Doc-Browser: INIT:
[ 21:14:26.714496 ] - [ I ] ::: Doc-Browser: SETTINGS: LOAD: 
[ 21:14:26.714853 ] - [ I ] ::: Doc-Browser: SETTINGS: LOAD: Done
[ 21:14:26.715025 ] - [ I ] ::: Doc-Browser: COOKIE: Loading 
[ 21:14:27.061920 ] - [ I ] ::: Doc-Browser: COOKIE: Done
[ 21:14:27.318132 ] - [ I ] ::: Doc-Browser: NOTEBOOK: LODE: 
[ 21:14:27.323074 ] - [ I ] ::: Doc-Browser: NOTEBOOK: LODE: Done
[ 21:14:27.574187 ] - [ I ] ::: Doc-Browser: Loading: /m-sys/Doc-Browser/storage/favorite.file
[ 21:14:27.841895 ] - [ I ] ::: Doc-Browser: INIT: DONE IN: [5.63194704056] Sec

[ 21:14:28.022110 ] - [ I ] ::: ['DOC_BROWSER']: [ Welcome ... [INIT]: Done]
[ 21:14:30.038675 ] - [ I ] ::: Doc-Browser: SETTINGS: SAVE: 
[ 21:14:30.039034 ] - [ I ] ::: Doc-Browser: SETTINGS: SAVE: Done
[ 21:14:30.039214 ] - [ I ] ::: Doc-Browser: NOTEBOOK: SAVE: 
[ 21:14:30.040241 ] - [ I ] ::: Doc-Browser: NOTEBOOK: SAVE: Done
[ 21:14:30.040522 ] - [ I ] ::: Doc-Browser: COOKIE: Saving 
[ 21:14:30.196081 ] - [ I ] ::: Doc-Browser: COOKIE: Done 
[ 21:14:30.196598 ] - [ I ] ::: Doc-Browser: CLEAN_UP: Remiving tmp files:
[ 21:14:30.206749 ] - [ I ] ::: Doc-Browser: CLEAN_UP: Remiving Objects:
[ 21:14:30.207367 ] - [ I ] ::: Doc-Browser: CLEAN_UP: Done

[ 21:15:03.286208 ] - [ I ] ::: ##########################################################################################
[ 21:15:03.286604 ] - [ I ] ::: Doc-Browser: INIT:
[ 21:15:03.537299 ] - [ I ] ::: Doc-Browser: SETTINGS: LOAD: 
[ 21:15:03.537652 ] - [ I ] ::: Doc-Browser: SETTINGS: LOAD: Done
[ 21:15:03.537826 ] - [ I ] ::: Doc-Browser: COOKIE: Loading 
[ 21:15:03.876463 ] - [ I ] ::: Doc-Browser: COOKIE: Done
[ 21:15:04.132809 ] - [ I ] ::: Doc-Browser: NOTEBOOK: LODE: 
[ 21:15:04.137688 ] - [ I ] ::: Doc-Browser: NOTEBOOK: LODE: Done
[ 21:15:04.388803 ] - [ I ] ::: Doc-Browser: Loading: /m-sys/Doc-Browser/storage/favorite.file
[ 21:15:04.657701 ] - [ I ] ::: Doc-Browser: INIT: DONE IN: [5.6450958252] Sec

[ 21:15:04.844029 ] - [ I ] ::: ['DOC_BROWSER']: [ Welcome ... [INIT]: Done]
[ 21:15:33.304152 ] - [ I ] ::: Doc-Browser: SETTINGS: SAVE: 
[ 21:15:33.304533 ] - [ I ] ::: Doc-Browser: SETTINGS: SAVE: Done
[ 21:15:33.304716 ] - [ I ] ::: Doc-Browser: NOTEBOOK: SAVE: 
[ 21:15:33.305680 ] - [ I ] ::: Doc-Browser: NOTEBOOK: SAVE: Done
[ 21:15:33.306408 ] - [ I ] ::: Doc-Browser: COOKIE: Saving 
[ 21:15:33.453929 ] - [ I ] ::: Doc-Browser: COOKIE: Done 
[ 21:15:33.454433 ] - [ I ] ::: Doc-Browser: CLEAN_UP: Remiving tmp files:
[ 21:15:33.469405 ] - [ I ] ::: Doc-Browser: CLEAN_UP: Remiving Objects:
[ 21:15:33.470047 ] - [ I ] ::: Doc-Browser: CLEAN_UP: Done

[ 21:20:02.170322 ] - [ I ] ::: ##########################################################################################
[ 21:20:02.170541 ] - [ I ] ::: Doc-Browser: INIT:
[ 21:20:02.170624 ] - [ I ] ::: Doc-Browser: SETTINGS: LOAD: 
[ 21:20:02.170688 ] - [ I ] ::: Doc-Browser: SETTINGS: LOAD: Done
[ 21:20:02.170752 ] - [ I ] ::: Doc-Browser: COOKIE: Loading 
[ 21:20:02.304509 ] - [ I ] ::: Doc-Browser: COOKIE: Done
[ 21:20:02.307310 ] - [ I ] ::: Doc-Browser: NOTEBOOK: LODE: 
[ 21:20:02.309405 ] - [ I ] ::: Doc-Browser: NOTEBOOK: LODE: Done
[ 21:20:02.309500 ] - [ I ] ::: Doc-Browser: Loading: /m-sys/Doc-Browser/storage/favorite.file
[ 21:20:02.317023 ] - [ I ] ::: Doc-Browser: INIT: DONE IN: [0.559340953827] Sec

[ 21:20:02.335920 ] - [ I ] ::: ['DOC_BROWSER']: [ Welcome ... [INIT]: Done]
[ 21:20:07.366897 ] - [ I ] ::: Doc-Browser: SETTINGS: SAVE: 
[ 21:20:07.367260 ] - [ I ] ::: Doc-Browser: SETTINGS: SAVE: Done
[ 21:20:07.367441 ] - [ I ] ::: Doc-Browser: NOTEBOOK: SAVE: 
[ 21:20:07.368449 ] - [ I ] ::: Doc-Browser: NOTEBOOK: SAVE: Done
[ 21:20:07.369218 ] - [ I ] ::: Doc-Browser: COOKIE: Saving 
[ 21:20:07.519545 ] - [ I ] ::: Doc-Browser: COOKIE: Done 
[ 21:20:07.520073 ] - [ I ] ::: Doc-Browser: CLEAN_UP: Remiving tmp files:
[ 21:20:07.534676 ] - [ I ] ::: Doc-Browser: CLEAN_UP: Remiving Objects:
[ 21:20:07.535317 ] - [ I ] ::: Doc-Browser: CLEAN_UP: Done

[ 21:20:29.251951 ] - [ I ] ::: ##########################################################################################
[ 21:20:29.252168 ] - [ I ] ::: Doc-Browser: INIT:
[ 21:20:29.252249 ] - [ I ] ::: Doc-Browser: SETTINGS: LOAD: 
[ 21:20:29.252311 ] - [ I ] ::: Doc-Browser: SETTINGS: LOAD: Done
[ 21:20:29.252373 ] - [ I ] ::: Doc-Browser: COOKIE: Loading 
[ 21:20:29.386311 ] - [ I ] ::: Doc-Browser: COOKIE: Done
[ 21:20:29.389206 ] - [ I ] ::: Doc-Browser: NOTEBOOK: LODE: 
[ 21:20:29.391233 ] - [ I ] ::: Doc-Browser: NOTEBOOK: LODE: Done
[ 21:20:29.391324 ] - [ I ] ::: Doc-Browser: Loading: /m-sys/Doc-Browser/storage/favorite.file
[ 21:20:29.398786 ] - [ I ] ::: Doc-Browser: INIT: DONE IN: [0.540276050568] Sec

[ 21:20:29.417593 ] - [ I ] ::: ['DOC_BROWSER']: [ Welcome ... [INIT]: Done]
[ 21:20:31.012830 ] - [ I ] ::: Doc-Browser: SETTINGS: SAVE: 
[ 21:20:31.013113 ] - [ I ] ::: Doc-Browser: SETTINGS: SAVE: Done
[ 21:20:31.013707 ] - [ I ] ::: Doc-Browser: NOTEBOOK: SAVE: 
[ 21:20:31.014418 ] - [ I ] ::: Doc-Browser: NOTEBOOK: SAVE: Done
[ 21:20:31.014534 ] - [ I ] ::: Doc-Browser: COOKIE: Saving 
[ 21:20:31.120725 ] - [ I ] ::: Doc-Browser: COOKIE: Done 
[ 21:20:31.121084 ] - [ I ] ::: Doc-Browser: CLEAN_UP: Remiving tmp files:
[ 21:20:31.127454 ] - [ I ] ::: Doc-Browser: CLEAN_UP: Remiving Objects:
[ 21:20:31.128002 ] - [ I ] ::: Doc-Browser: CLEAN_UP: Done

[ 21:20:41.140621 ] - [ I ] ::: ##########################################################################################
[ 21:20:41.140838 ] - [ I ] ::: Doc-Browser: INIT:
[ 21:20:41.140922 ] - [ I ] ::: Doc-Browser: SETTINGS: LOAD: 
[ 21:20:41.140986 ] - [ I ] ::: Doc-Browser: SETTINGS: LOAD: Done
[ 21:20:41.141051 ] - [ I ] ::: Doc-Browser: COOKIE: Loading 
[ 21:20:41.273121 ] - [ I ] ::: Doc-Browser: COOKIE: Done
[ 21:20:41.275916 ] - [ I ] ::: Doc-Browser: NOTEBOOK: LODE: 
[ 21:20:41.277966 ] - [ I ] ::: Doc-Browser: NOTEBOOK: LODE: Done
[ 21:20:41.278056 ] - [ I ] ::: Doc-Browser: Loading: /m-sys/Doc-Browser/storage/favorite.file
[ 21:20:41.286764 ] - [ I ] ::: Doc-Browser: INIT: DONE IN: [0.548753976822] Sec

[ 21:20:41.308086 ] - [ I ] ::: ['DOC_BROWSER']: [ Welcome ... [INIT]: Done]
[ 21:21:19.987279 ] - [ I ] ::: Doc-Browser: SETTINGS: SAVE: 
[ 21:21:19.987666 ] - [ I ] ::: Doc-Browser: SETTINGS: SAVE: Done
[ 21:21:19.987894 ] - [ I ] ::: Doc-Browser: NOTEBOOK: SAVE: 
[ 21:21:19.988868 ] - [ I ] ::: Doc-Browser: NOTEBOOK: SAVE: Done
[ 21:21:19.989591 ] - [ I ] ::: Doc-Browser: COOKIE: Saving 
[ 21:21:20.160628 ] - [ I ] ::: Doc-Browser: COOKIE: Done 
[ 21:21:20.161119 ] - [ I ] ::: Doc-Browser: CLEAN_UP: Remiving tmp files:
[ 21:21:20.175578 ] - [ I ] ::: Doc-Browser: CLEAN_UP: Remiving Objects:
[ 21:21:20.176313 ] - [ I ] ::: Doc-Browser: CLEAN_UP: Done

[ 21:22:24.593800 ] - [ I ] ::: ##########################################################################################
[ 21:22:24.594025 ] - [ I ] ::: Doc-Browser: INIT:
[ 21:22:24.594107 ] - [ I ] ::: Doc-Browser: SETTINGS: LOAD: 
[ 21:22:24.594170 ] - [ I ] ::: Doc-Browser: SETTINGS: LOAD: Done
[ 21:22:24.594234 ] - [ I ] ::: Doc-Browser: COOKIE: Loading 
[ 21:22:24.735272 ] - [ I ] ::: Doc-Browser: COOKIE: Done
[ 21:22:24.738110 ] - [ I ] ::: Doc-Browser: NOTEBOOK: LODE: 
[ 21:22:24.740185 ] - [ I ] ::: Doc-Browser: NOTEBOOK: LODE: Done
[ 21:22:24.740277 ] - [ I ] ::: Doc-Browser: Loading: /m-sys/Doc-Browser/storage/favorite.file
[ 21:22:24.747681 ] - [ I ] ::: Doc-Browser: INIT: DONE IN: [0.494041919708] Sec

[ 21:22:24.766159 ] - [ I ] ::: ['DOC_BROWSER']: [ Welcome ... [INIT]: Done]
[ 21:22:35.229970 ] - [ I ] ::: Doc-Browser: SETTINGS: SAVE: 
[ 21:22:35.230364 ] - [ I ] ::: Doc-Browser: SETTINGS: SAVE: Done
[ 21:22:35.230549 ] - [ I ] ::: Doc-Browser: NOTEBOOK: SAVE: 
[ 21:22:35.231535 ] - [ I ] ::: Doc-Browser: NOTEBOOK: SAVE: Done
[ 21:22:35.232342 ] - [ I ] ::: Doc-Browser: COOKIE: Saving 
[ 21:22:35.386787 ] - [ I ] ::: Doc-Browser: COOKIE: Done 
[ 21:22:35.387270 ] - [ I ] ::: Doc-Browser: CLEAN_UP: Remiving tmp files:
[ 21:22:35.396660 ] - [ I ] ::: Doc-Browser: CLEAN_UP: Remiving Objects:
[ 21:22:35.397287 ] - [ I ] ::: Doc-Browser: CLEAN_UP: Done

[ 21:22:49.508068 ] - [ I ] ::: ##########################################################################################
[ 21:22:49.508291 ] - [ I ] ::: Doc-Browser: INIT:
[ 21:22:49.508377 ] - [ I ] ::: Doc-Browser: SETTINGS: LOAD: 
[ 21:22:49.508445 ] - [ I ] ::: Doc-Browser: SETTINGS: LOAD: Done
[ 21:22:49.508512 ] - [ I ] ::: Doc-Browser: COOKIE: Loading 
[ 21:22:49.643711 ] - [ I ] ::: Doc-Browser: COOKIE: Done
[ 21:22:49.646596 ] - [ I ] ::: Doc-Browser: NOTEBOOK: LODE: 
[ 21:22:49.648678 ] - [ I ] ::: Doc-Browser: NOTEBOOK: LODE: Done
[ 21:22:49.648772 ] - [ I ] ::: Doc-Browser: Loading: /m-sys/Doc-Browser/storage/favorite.file
[ 21:22:49.656129 ] - [ I ] ::: Doc-Browser: INIT: DONE IN: [0.501002073288] Sec

[ 21:22:49.680292 ] - [ I ] ::: ['DOC_BROWSER']: [ Welcome ... [INIT]: Done]
[ 21:23:04.687381 ] - [ I ] ::: Doc-Browser: SETTINGS: SAVE: 
[ 21:23:04.687740 ] - [ I ] ::: Doc-Browser: SETTINGS: SAVE: Done
[ 21:23:04.687972 ] - [ I ] ::: Doc-Browser: NOTEBOOK: SAVE: 
[ 21:23:04.688945 ] - [ I ] ::: Doc-Browser: NOTEBOOK: SAVE: Done
[ 21:23:04.689127 ] - [ I ] ::: Doc-Browser: COOKIE: Saving 
[ 21:23:04.842501 ] - [ I ] ::: Doc-Browser: COOKIE: Done 
[ 21:23:04.842999 ] - [ I ] ::: Doc-Browser: CLEAN_UP: Remiving tmp files:
[ 21:23:04.852417 ] - [ I ] ::: Doc-Browser: CLEAN_UP: Remiving Objects:
[ 21:23:04.853049 ] - [ I ] ::: Doc-Browser: CLEAN_UP: Done

[ 21:23:20.448760 ] - [ I ] ::: ##########################################################################################
[ 21:23:20.448978 ] - [ I ] ::: Doc-Browser: INIT:
[ 21:23:20.449061 ] - [ I ] ::: Doc-Browser: SETTINGS: LOAD: 
[ 21:23:20.449125 ] - [ I ] ::: Doc-Browser: SETTINGS: LOAD: Done
[ 21:23:20.449188 ] - [ I ] ::: Doc-Browser: COOKIE: Loading 
[ 21:23:20.584168 ] - [ I ] ::: Doc-Browser: COOKIE: Done
[ 21:23:20.587451 ] - [ I ] ::: Doc-Browser: NOTEBOOK: LODE: 
[ 21:23:20.589561 ] - [ I ] ::: Doc-Browser: NOTEBOOK: LODE: Done
[ 21:23:20.589652 ] - [ I ] ::: Doc-Browser: Loading: /m-sys/Doc-Browser/storage/favorite.file
[ 21:23:20.597592 ] - [ I ] ::: Doc-Browser: INIT: DONE IN: [0.479660987854] Sec

[ 21:23:20.621971 ] - [ I ] ::: ['DOC_BROWSER']: [ Welcome ... [INIT]: Done]
[ 21:23:26.167764 ] - [ I ] ::: Doc-Browser: SETTINGS: SAVE: 
[ 21:23:26.168169 ] - [ I ] ::: Doc-Browser: SETTINGS: SAVE: Done
[ 21:23:26.168352 ] - [ I ] ::: Doc-Browser: NOTEBOOK: SAVE: 
[ 21:23:26.169302 ] - [ I ] ::: Doc-Browser: NOTEBOOK: SAVE: Done
[ 21:23:26.169578 ] - [ I ] ::: Doc-Browser: COOKIE: Saving 
[ 21:23:26.321943 ] - [ I ] ::: Doc-Browser: COOKIE: Done 
[ 21:23:26.322431 ] - [ I ] ::: Doc-Browser: CLEAN_UP: Remiving tmp files:
[ 21:23:26.332929 ] - [ I ] ::: Doc-Browser: CLEAN_UP: Remiving Objects:
[ 21:23:26.333562 ] - [ I ] ::: Doc-Browser: CLEAN_UP: Done

[ 21:23:38.166396 ] - [ I ] ::: ##########################################################################################
[ 21:23:38.166624 ] - [ I ] ::: Doc-Browser: INIT:
[ 21:23:38.166706 ] - [ I ] ::: Doc-Browser: SETTINGS: LOAD: 
[ 21:23:38.166771 ] - [ I ] ::: Doc-Browser: SETTINGS: LOAD: Done
[ 21:23:38.166836 ] - [ I ] ::: Doc-Browser: COOKIE: Loading 
[ 21:23:38.300480 ] - [ I ] ::: Doc-Browser: COOKIE: Done
[ 21:23:38.303339 ] - [ I ] ::: Doc-Browser: NOTEBOOK: LODE: 
[ 21:23:38.305540 ] - [ I ] ::: Doc-Browser: NOTEBOOK: LODE: Done
[ 21:23:38.305638 ] - [ I ] ::: Doc-Browser: Loading: /m-sys/Doc-Browser/storage/favorite.file
[ 21:23:38.313031 ] - [ I ] ::: Doc-Browser: INIT: DONE IN: [0.479552030563] Sec

[ 21:23:38.334037 ] - [ I ] ::: ['DOC_BROWSER']: [ Welcome ... [INIT]: Done]
[ 21:23:43.446536 ] - [ I ] ::: Doc-Browser: SETTINGS: SAVE: 
[ 21:23:43.446907 ] - [ I ] ::: Doc-Browser: SETTINGS: SAVE: Done
[ 21:23:43.447134 ] - [ I ] ::: Doc-Browser: NOTEBOOK: SAVE: 
[ 21:23:43.448139 ] - [ I ] ::: Doc-Browser: NOTEBOOK: SAVE: Done
[ 21:23:43.448413 ] - [ I ] ::: Doc-Browser: COOKIE: Saving 
[ 21:23:43.604556 ] - [ I ] ::: Doc-Browser: COOKIE: Done 
[ 21:23:43.605023 ] - [ I ] ::: Doc-Browser: CLEAN_UP: Remiving tmp files:
[ 21:23:43.614418 ] - [ I ] ::: Doc-Browser: CLEAN_UP: Remiving Objects:
[ 21:23:43.615051 ] - [ I ] ::: Doc-Browser: CLEAN_UP: Done

[ 21:24:13.838146 ] - [ I ] ::: ##########################################################################################
[ 21:24:13.838353 ] - [ I ] ::: Doc-Browser: INIT:
[ 21:24:13.838435 ] - [ I ] ::: Doc-Browser: SETTINGS: LOAD: 
[ 21:24:13.838498 ] - [ I ] ::: Doc-Browser: SETTINGS: LOAD: Done
[ 21:24:13.838561 ] - [ I ] ::: Doc-Browser: COOKIE: Loading 
[ 21:24:13.972000 ] - [ I ] ::: Doc-Browser: COOKIE: Done
[ 21:24:13.974824 ] - [ I ] ::: Doc-Browser: NOTEBOOK: LODE: 
[ 21:24:13.976938 ] - [ I ] ::: Doc-Browser: NOTEBOOK: LODE: Done
[ 21:24:13.977033 ] - [ I ] ::: Doc-Browser: Loading: /m-sys/Doc-Browser/storage/favorite.file
[ 21:24:13.984382 ] - [ I ] ::: Doc-Browser: INIT: DONE IN: [0.478125095367] Sec

[ 21:24:14.006239 ] - [ I ] ::: ['DOC_BROWSER']: [ Welcome ... [INIT]: Done]
[ 21:24:19.836603 ] - [ I ] ::: Doc-Browser: SETTINGS: SAVE: 
[ 21:24:19.836968 ] - [ I ] ::: Doc-Browser: SETTINGS: SAVE: Done
[ 21:24:19.837150 ] - [ I ] ::: Doc-Browser: NOTEBOOK: SAVE: 
[ 21:24:19.838100 ] - [ I ] ::: Doc-Browser: NOTEBOOK: SAVE: Done
[ 21:24:19.838815 ] - [ I ] ::: Doc-Browser: COOKIE: Saving 
[ 21:24:19.991682 ] - [ I ] ::: Doc-Browser: COOKIE: Done 
[ 21:24:19.992204 ] - [ I ] ::: Doc-Browser: CLEAN_UP: Remiving tmp files:
[ 21:24:20.001356 ] - [ I ] ::: Doc-Browser: CLEAN_UP: Remiving Objects:
[ 21:24:20.001991 ] - [ I ] ::: Doc-Browser: CLEAN_UP: Done

[ 21:24:26.714656 ] - [ I ] ::: ##########################################################################################
[ 21:24:26.714872 ] - [ I ] ::: Doc-Browser: INIT:
[ 21:24:26.714955 ] - [ I ] ::: Doc-Browser: SETTINGS: LOAD: 
[ 21:24:26.715019 ] - [ I ] ::: Doc-Browser: SETTINGS: LOAD: Done
[ 21:24:26.715083 ] - [ I ] ::: Doc-Browser: COOKIE: Loading 
[ 21:24:26.848784 ] - [ I ] ::: Doc-Browser: COOKIE: Done
[ 21:24:26.851614 ] - [ I ] ::: Doc-Browser: NOTEBOOK: LODE: 
[ 21:24:26.853719 ] - [ I ] ::: Doc-Browser: NOTEBOOK: LODE: Done
[ 21:24:26.853815 ] - [ I ] ::: Doc-Browser: Loading: /m-sys/Doc-Browser/storage/favorite.file
[ 21:24:26.861472 ] - [ I ] ::: Doc-Browser: INIT: DONE IN: [0.481750011444] Sec

[ 21:24:26.882732 ] - [ I ] ::: ['DOC_BROWSER']: [ Welcome ... [INIT]: Done]
[ 21:24:52.792933 ] - [ I ] ::: Doc-Browser: SETTINGS: SAVE: 
[ 21:24:52.793332 ] - [ I ] ::: Doc-Browser: SETTINGS: SAVE: Done
[ 21:24:52.793514 ] - [ I ] ::: Doc-Browser: NOTEBOOK: SAVE: 
[ 21:24:52.794517 ] - [ I ] ::: Doc-Browser: NOTEBOOK: SAVE: Done
[ 21:24:52.794796 ] - [ I ] ::: Doc-Browser: COOKIE: Saving 
[ 21:24:52.949968 ] - [ I ] ::: Doc-Browser: COOKIE: Done 
[ 21:24:52.950447 ] - [ I ] ::: Doc-Browser: CLEAN_UP: Remiving tmp files:
[ 21:24:52.964586 ] - [ I ] ::: Doc-Browser: CLEAN_UP: Remiving Objects:
[ 21:24:52.965216 ] - [ I ] ::: Doc-Browser: CLEAN_UP: Done

[ 21:24:57.837932 ] - [ I ] ::: ##########################################################################################
[ 21:24:57.838155 ] - [ I ] ::: Doc-Browser: INIT:
[ 21:24:57.838237 ] - [ I ] ::: Doc-Browser: SETTINGS: LOAD: 
[ 21:24:57.838300 ] - [ I ] ::: Doc-Browser: SETTINGS: LOAD: Done
[ 21:24:57.838364 ] - [ I ] ::: Doc-Browser: COOKIE: Loading 
[ 21:24:57.970334 ] - [ I ] ::: Doc-Browser: COOKIE: Done
[ 21:24:57.973156 ] - [ I ] ::: Doc-Browser: NOTEBOOK: LODE: 
[ 21:24:57.975218 ] - [ I ] ::: Doc-Browser: NOTEBOOK: LODE: Done
[ 21:24:57.975316 ] - [ I ] ::: Doc-Browser: Loading: /m-sys/Doc-Browser/storage/favorite.file
[ 21:24:57.984319 ] - [ I ] ::: Doc-Browser: INIT: DONE IN: [0.548150062561] Sec

[ 21:24:58.005695 ] - [ I ] ::: ['DOC_BROWSER']: [ Welcome ... [INIT]: Done]
[ 21:25:05.393730 ] - [ I ] ::: Doc-Browser: SETTINGS: SAVE: 
[ 21:25:05.394144 ] - [ I ] ::: Doc-Browser: SETTINGS: SAVE: Done
[ 21:25:05.394326 ] - [ I ] ::: Doc-Browser: NOTEBOOK: SAVE: 
[ 21:25:05.395282 ] - [ I ] ::: Doc-Browser: NOTEBOOK: SAVE: Done
[ 21:25:05.396060 ] - [ I ] ::: Doc-Browser: COOKIE: Saving 
[ 21:25:05.549539 ] - [ I ] ::: Doc-Browser: COOKIE: Done 
[ 21:25:05.550003 ] - [ I ] ::: Doc-Browser: CLEAN_UP: Remiving tmp files:
[ 21:25:05.563915 ] - [ I ] ::: Doc-Browser: CLEAN_UP: Remiving Objects:
[ 21:25:05.564551 ] - [ I ] ::: Doc-Browser: CLEAN_UP: Done

[ 21:26:00.121159 ] - [ I ] ::: ##########################################################################################
[ 21:26:00.121380 ] - [ I ] ::: Doc-Browser: INIT:
[ 21:26:00.121463 ] - [ I ] ::: Doc-Browser: SETTINGS: LOAD: 
[ 21:26:00.121527 ] - [ I ] ::: Doc-Browser: SETTINGS: LOAD: Done
[ 21:26:00.121591 ] - [ I ] ::: Doc-Browser: COOKIE: Loading 
[ 21:26:00.252535 ] - [ I ] ::: Doc-Browser: COOKIE: Done
[ 21:26:00.255392 ] - [ I ] ::: Doc-Browser: NOTEBOOK: LODE: 
[ 21:26:00.258702 ] - [ I ] ::: Doc-Browser: NOTEBOOK: LODE: Done
[ 21:26:00.258848 ] - [ I ] ::: Doc-Browser: Loading: /m-sys/Doc-Browser/storage/favorite.file
[ 21:26:00.266276 ] - [ I ] ::: Doc-Browser: INIT: DONE IN: [0.659184932709] Sec

[ 21:26:00.287609 ] - [ I ] ::: ['DOC_BROWSER']: [ Welcome ... [INIT]: Done]
[ 21:26:07.050572 ] - [ I ] ::: Doc-Browser: SETTINGS: SAVE: 
[ 21:26:07.050950 ] - [ I ] ::: Doc-Browser: SETTINGS: SAVE: Done
[ 21:26:07.051133 ] - [ I ] ::: Doc-Browser: NOTEBOOK: SAVE: 
[ 21:26:07.052190 ] - [ I ] ::: Doc-Browser: NOTEBOOK: SAVE: Done
[ 21:26:07.052463 ] - [ I ] ::: Doc-Browser: COOKIE: Saving 
[ 21:26:07.206744 ] - [ I ] ::: Doc-Browser: COOKIE: Done 
[ 21:26:07.207254 ] - [ I ] ::: Doc-Browser: CLEAN_UP: Remiving tmp files:
[ 21:26:07.216579 ] - [ I ] ::: Doc-Browser: CLEAN_UP: Remiving Objects:
[ 21:26:07.217189 ] - [ I ] ::: Doc-Browser: CLEAN_UP: Done

[ 21:26:40.035238 ] - [ I ] ::: ##########################################################################################
[ 21:26:40.035457 ] - [ I ] ::: Doc-Browser: INIT:
[ 21:26:40.035539 ] - [ I ] ::: Doc-Browser: SETTINGS: LOAD: 
[ 21:26:40.035603 ] - [ I ] ::: Doc-Browser: SETTINGS: LOAD: Done
[ 21:26:40.035667 ] - [ I ] ::: Doc-Browser: COOKIE: Loading 
[ 21:26:40.167665 ] - [ I ] ::: Doc-Browser: COOKIE: Done
[ 21:26:40.170526 ] - [ I ] ::: Doc-Browser: NOTEBOOK: LODE: 
[ 21:26:40.172637 ] - [ I ] ::: Doc-Browser: NOTEBOOK: LODE: Done
[ 21:26:40.172733 ] - [ I ] ::: Doc-Browser: Loading: /m-sys/Doc-Browser/storage/favorite.file
[ 21:26:40.180929 ] - [ I ] ::: Doc-Browser: INIT: DONE IN: [0.659268856049] Sec

[ 21:26:40.202727 ] - [ I ] ::: ['DOC_BROWSER']: [ Welcome ... [INIT]: Done]
[ 21:26:45.201230 ] - [ I ] ::: Doc-Browser: SETTINGS: SAVE: 
[ 21:26:45.202343 ] - [ I ] ::: Doc-Browser: SETTINGS: SAVE: Done
[ 21:26:45.202543 ] - [ I ] ::: Doc-Browser: NOTEBOOK: SAVE: 
[ 21:26:45.203528 ] - [ I ] ::: Doc-Browser: NOTEBOOK: SAVE: Done
[ 21:26:45.204268 ] - [ I ] ::: Doc-Browser: COOKIE: Saving 
[ 21:26:45.361809 ] - [ I ] ::: Doc-Browser: COOKIE: Done 
[ 21:26:45.362283 ] - [ I ] ::: Doc-Browser: CLEAN_UP: Remiving tmp files:
[ 21:26:45.371521 ] - [ I ] ::: Doc-Browser: CLEAN_UP: Remiving Objects:
[ 21:26:45.372197 ] - [ I ] ::: Doc-Browser: CLEAN_UP: Done

[ 21:26:55.803990 ] - [ I ] ::: ##########################################################################################
[ 21:26:55.804208 ] - [ I ] ::: Doc-Browser: INIT:
[ 21:26:55.804291 ] - [ I ] ::: Doc-Browser: SETTINGS: LOAD: 
[ 21:26:55.804355 ] - [ I ] ::: Doc-Browser: SETTINGS: LOAD: Done
[ 21:26:55.804419 ] - [ I ] ::: Doc-Browser: COOKIE: Loading 
[ 21:26:55.936528 ] - [ I ] ::: Doc-Browser: COOKIE: Done
[ 21:26:55.939328 ] - [ I ] ::: Doc-Browser: NOTEBOOK: LODE: 
[ 21:26:55.941469 ] - [ I ] ::: Doc-Browser: NOTEBOOK: LODE: Done
[ 21:26:55.941564 ] - [ I ] ::: Doc-Browser: Loading: /m-sys/Doc-Browser/storage/favorite.file
[ 21:26:55.948945 ] - [ I ] ::: Doc-Browser: INIT: DONE IN: [0.652909994125] Sec

[ 21:26:55.970331 ] - [ I ] ::: ['DOC_BROWSER']: [ Welcome ... [INIT]: Done]
[ 21:39:03.062392 ] - [ I ] ::: Doc-Browser: SETTINGS: SAVE: 
[ 21:39:04.394065 ] - [ I ] ::: Doc-Browser: SETTINGS: SAVE: Done
[ 21:39:04.394342 ] - [ I ] ::: Doc-Browser: NOTEBOOK: SAVE: 
[ 21:39:04.981340 ] - [ I ] ::: Doc-Browser: NOTEBOOK: SAVE: Done
[ 21:39:05.218466 ] - [ I ] ::: Doc-Browser: COOKIE: Saving 
[ 21:39:06.670912 ] - [ I ] ::: Doc-Browser: COOKIE: Done 
[ 21:39:07.053822 ] - [ I ] ::: Doc-Browser: CLEAN_UP: Remiving tmp files:
[ 21:39:08.808167 ] - [ I ] ::: Doc-Browser: CLEAN_UP: Remiving Objects:
[ 21:39:09.503621 ] - [ I ] ::: Doc-Browser: CLEAN_UP: Done

[ 21:40:44.559679 ] - [ I ] ::: ##########################################################################################
[ 21:40:44.560057 ] - [ I ] ::: Doc-Browser: INIT:
[ 21:40:44.560253 ] - [ I ] ::: Doc-Browser: SETTINGS: LOAD: 
[ 21:40:44.560411 ] - [ I ] ::: Doc-Browser: SETTINGS: LOAD: Done
[ 21:40:44.560566 ] - [ I ] ::: Doc-Browser: COOKIE: Loading 
[ 21:40:44.891372 ] - [ I ] ::: Doc-Browser: COOKIE: Done
[ 21:40:44.936604 ] - [ I ] ::: Doc-Browser: NOTEBOOK: LODE: 
[ 21:40:44.941447 ] - [ I ] ::: Doc-Browser: NOTEBOOK: LODE: Done
[ 21:40:44.941654 ] - [ I ] ::: Doc-Browser: Loading: /m-sys/Doc-Browser/storage/favorite.file
[ 21:40:45.014955 ] - [ I ] ::: Doc-Browser: INIT: DONE IN: [3.22006487846] Sec

[ 21:40:45.190917 ] - [ I ] ::: ['DOC_BROWSER']: [ Welcome ... [INIT]: Done]
[ 22:28:14.381859 ] - [ I ] ::: Doc-Browser: SETTINGS: SAVE: 
[ 22:28:14.477343 ] - [ I ] ::: Doc-Browser: SETTINGS: SAVE: Done
[ 22:28:14.477638 ] - [ I ] ::: Doc-Browser: NOTEBOOK: SAVE: 
[ 22:28:14.549438 ] - [ I ] ::: Doc-Browser: NOTEBOOK: SAVE: Done
[ 22:28:14.570431 ] - [ I ] ::: Doc-Browser: COOKIE: Saving 
[ 22:28:14.918457 ] - [ I ] ::: Doc-Browser: COOKIE: Done 
[ 22:28:14.985254 ] - [ I ] ::: Doc-Browser: CLEAN_UP: Remiving tmp files:
[ 22:28:15.115734 ] - [ I ] ::: Doc-Browser: CLEAN_UP: Remiving Objects:
[ 22:28:15.160922 ] - [ I ] ::: Doc-Browser: CLEAN_UP: Done

[ 22:28:30.771009 ] - [ I ] ::: ##########################################################################################
[ 22:28:30.771347 ] - [ I ] ::: Doc-Browser: INIT:
[ 22:28:30.771543 ] - [ I ] ::: Doc-Browser: SETTINGS: LOAD: 
[ 22:28:30.771699 ] - [ I ] ::: Doc-Browser: SETTINGS: LOAD: Done
[ 22:28:30.771905 ] - [ I ] ::: Doc-Browser: COOKIE: Loading 
[ 22:28:31.125149 ] - [ I ] ::: Doc-Browser: COOKIE: Done
[ 22:28:31.130662 ] - [ I ] ::: Doc-Browser: NOTEBOOK: LODE: 
[ 22:28:31.137320 ] - [ I ] ::: Doc-Browser: NOTEBOOK: LODE: Done
[ 22:28:31.137538 ] - [ I ] ::: Doc-Browser: Loading: /m-sys/Doc-Browser/storage/favorite.file
[ 22:28:31.164699 ] - [ I ] ::: Doc-Browser: INIT: DONE IN: [1.62501382828] Sec

[ 22:28:31.278837 ] - [ I ] ::: ['DOC_BROWSER']: [ Welcome ... [INIT]: Done]
[ 22:30:18.156497 ] - [ I ] ::: Doc-Browser: SETTINGS: SAVE: 
[ 22:30:18.156918 ] - [ I ] ::: Doc-Browser: SETTINGS: SAVE: Done
[ 22:30:18.157108 ] - [ I ] ::: Doc-Browser: NOTEBOOK: SAVE: 
[ 22:30:18.158252 ] - [ I ] ::: Doc-Browser: NOTEBOOK: SAVE: Done
[ 22:30:18.158538 ] - [ I ] ::: Doc-Browser: COOKIE: Saving 
[ 22:30:18.306531 ] - [ I ] ::: Doc-Browser: COOKIE: Done 
[ 22:30:18.307076 ] - [ I ] ::: Doc-Browser: CLEAN_UP: Remiving tmp files:
[ 22:30:18.319905 ] - [ I ] ::: Doc-Browser: CLEAN_UP: Remiving Objects:
[ 22:30:18.320554 ] - [ I ] ::: Doc-Browser: CLEAN_UP: Done

[ 22:30:20.924005 ] - [ I ] ::: ##########################################################################################
[ 22:30:20.924219 ] - [ I ] ::: Doc-Browser: INIT:
[ 22:30:20.924300 ] - [ I ] ::: Doc-Browser: SETTINGS: LOAD: 
[ 22:30:20.924363 ] - [ I ] ::: Doc-Browser: SETTINGS: LOAD: Done
[ 22:30:20.924426 ] - [ I ] ::: Doc-Browser: COOKIE: Loading 
[ 22:30:21.073556 ] - [ I ] ::: Doc-Browser: COOKIE: Done
[ 22:30:21.077464 ] - [ I ] ::: Doc-Browser: NOTEBOOK: LODE: 
[ 22:30:21.080347 ] - [ I ] ::: Doc-Browser: NOTEBOOK: LODE: Done
[ 22:30:21.080451 ] - [ I ] ::: Doc-Browser: Loading: /m-sys/Doc-Browser/storage/favorite.file
[ 22:30:21.089973 ] - [ I ] ::: Doc-Browser: INIT: DONE IN: [0.435797929764] Sec

[ 22:30:21.140401 ] - [ I ] ::: ['DOC_BROWSER']: [ Welcome ... [INIT]: Done]
[ 23:10:28.277366 ] - [ I ] ::: Doc-Browser: SETTINGS: SAVE: 
[ 23:10:28.277943 ] - [ I ] ::: Doc-Browser: SETTINGS: SAVE: Done
[ 23:10:28.278135 ] - [ I ] ::: Doc-Browser: NOTEBOOK: SAVE: 
[ 23:10:28.279256 ] - [ I ] ::: Doc-Browser: NOTEBOOK: SAVE: Done
[ 23:10:28.279549 ] - [ I ] ::: Doc-Browser: COOKIE: Saving 
[ 23:10:28.426396 ] - [ I ] ::: Doc-Browser: COOKIE: Done 
[ 23:10:28.426995 ] - [ I ] ::: Doc-Browser: CLEAN_UP: Remiving tmp files:
[ 23:10:28.445757 ] - [ I ] ::: Doc-Browser: CLEAN_UP: Remiving Objects:
[ 23:10:28.446423 ] - [ I ] ::: Doc-Browser: CLEAN_UP: Done

[ 23:14:43.094836 ] - [ I ] ::: ##########################################################################################
[ 23:14:43.095157 ] - [ I ] ::: Doc-Browser: INIT:
[ 23:14:43.095349 ] - [ I ] ::: Doc-Browser: SETTINGS: LOAD: 
[ 23:14:43.095505 ] - [ I ] ::: Doc-Browser: SETTINGS: LOAD: Done
[ 23:14:43.095660 ] - [ I ] ::: Doc-Browser: COOKIE: Loading 
[ 23:14:43.428680 ] - [ I ] ::: Doc-Browser: COOKIE: Done
[ 23:14:43.433993 ] - [ I ] ::: Doc-Browser: NOTEBOOK: LODE: 
[ 23:14:43.440678 ] - [ I ] ::: Doc-Browser: NOTEBOOK: LODE: Done
[ 23:14:43.440887 ] - [ I ] ::: Doc-Browser: Loading: /m-sys/Doc-Browser/storage/favorite.file
[ 23:14:43.456559 ] - [ I ] ::: Doc-Browser: INIT: DONE IN: [0.961187124252] Sec

[ 23:14:43.507661 ] - [ I ] ::: ['DOC_BROWSER']: [ Welcome ... [INIT]: Done]
[ 23:15:29.048664 ] - [ I ] ::: Doc-Browser: SETTINGS: SAVE: 
[ 23:15:29.049098 ] - [ I ] ::: Doc-Browser: SETTINGS: SAVE: Done
[ 23:15:29.049286 ] - [ I ] ::: Doc-Browser: NOTEBOOK: SAVE: 
[ 23:15:29.050389 ] - [ I ] ::: Doc-Browser: NOTEBOOK: SAVE: Done
[ 23:15:29.050669 ] - [ I ] ::: Doc-Browser: COOKIE: Saving 
[ 23:15:29.196595 ] - [ I ] ::: Doc-Browser: COOKIE: Done 
[ 23:15:29.197106 ] - [ I ] ::: Doc-Browser: CLEAN_UP: Remiving tmp files:
[ 23:15:29.210720 ] - [ I ] ::: Doc-Browser: CLEAN_UP: Remiving Objects:
[ 23:15:29.211355 ] - [ I ] ::: Doc-Browser: CLEAN_UP: Done

[ 23:16:00.964241 ] - [ I ] ::: ##########################################################################################
[ 23:16:00.964512 ] - [ I ] ::: Doc-Browser: INIT:
[ 23:16:00.966245 ] - [ I ] ::: Doc-Browser: SETTINGS: LOAD: 
[ 23:16:00.966520 ] - [ I ] ::: Doc-Browser: SETTINGS: LOAD: Done
[ 23:16:00.966595 ] - [ I ] ::: Doc-Browser: COOKIE: Loading 
[ 23:16:01.108124 ] - [ I ] ::: Doc-Browser: COOKIE: Done
[ 23:16:01.110906 ] - [ I ] ::: Doc-Browser: NOTEBOOK: LODE: 
[ 23:16:01.113750 ] - [ I ] ::: Doc-Browser: NOTEBOOK: LODE: Done
[ 23:16:01.113850 ] - [ I ] ::: Doc-Browser: Loading: /m-sys/Doc-Browser/storage/favorite.file
[ 23:16:01.121168 ] - [ I ] ::: Doc-Browser: INIT: DONE IN: [0.418636083603] Sec

[ 23:16:01.142144 ] - [ I ] ::: ['DOC_BROWSER']: [ Welcome ... [INIT]: Done]
[ 23:16:35.434047 ] - [ I ] ::: Doc-Browser: SETTINGS: SAVE: 
[ 23:16:35.434442 ] - [ I ] ::: Doc-Browser: SETTINGS: SAVE: Done
[ 23:16:35.434625 ] - [ I ] ::: Doc-Browser: NOTEBOOK: SAVE: 
[ 23:16:35.435733 ] - [ I ] ::: Doc-Browser: NOTEBOOK: SAVE: Done
[ 23:16:35.436055 ] - [ I ] ::: Doc-Browser: COOKIE: Saving 
[ 23:16:35.585669 ] - [ I ] ::: Doc-Browser: COOKIE: Done 
[ 23:16:35.586188 ] - [ I ] ::: Doc-Browser: CLEAN_UP: Remiving tmp files:
[ 23:16:35.596138 ] - [ I ] ::: Doc-Browser: CLEAN_UP: Remiving Objects:
[ 23:16:35.596764 ] - [ I ] ::: Doc-Browser: CLEAN_UP: Done

[ 23:19:54.403699 ] - [ I ] ::: ##########################################################################################
[ 23:19:54.404053 ] - [ I ] ::: Doc-Browser: INIT:
[ 23:19:54.404147 ] - [ I ] ::: Doc-Browser: SETTINGS: LOAD: 
[ 23:19:54.404213 ] - [ I ] ::: Doc-Browser: SETTINGS: LOAD: Done
[ 23:19:54.404278 ] - [ I ] ::: Doc-Browser: COOKIE: Loading 
[ 23:19:54.538321 ] - [ I ] ::: Doc-Browser: COOKIE: Done
[ 23:19:54.541062 ] - [ I ] ::: Doc-Browser: NOTEBOOK: LODE: 
[ 23:19:54.543904 ] - [ I ] ::: Doc-Browser: NOTEBOOK: LODE: Done
[ 23:19:54.544004 ] - [ I ] ::: Doc-Browser: Loading: /m-sys/Doc-Browser/storage/favorite.file
[ 23:19:54.551627 ] - [ I ] ::: Doc-Browser: INIT: DONE IN: [0.36927485466] Sec

[ 23:19:54.588259 ] - [ I ] ::: ['DOC_BROWSER']: [ Welcome ... [INIT]: Done]
[ 23:22:36.821097 ] - [ I ] ::: Doc-Browser: SETTINGS: SAVE: 
[ 23:22:36.821466 ] - [ I ] ::: Doc-Browser: SETTINGS: SAVE: Done
[ 23:22:36.821657 ] - [ I ] ::: Doc-Browser: NOTEBOOK: SAVE: 
[ 23:22:36.822773 ] - [ I ] ::: Doc-Browser: NOTEBOOK: SAVE: Done
[ 23:22:36.823053 ] - [ I ] ::: Doc-Browser: COOKIE: Saving 
[ 23:22:36.968295 ] - [ I ] ::: Doc-Browser: COOKIE: Done 
[ 23:22:36.968843 ] - [ I ] ::: Doc-Browser: CLEAN_UP: Remiving tmp files:
[ 23:22:36.981494 ] - [ I ] ::: Doc-Browser: CLEAN_UP: Remiving Objects:
[ 23:22:36.982142 ] - [ I ] ::: Doc-Browser: CLEAN_UP: Done

[ 23:22:39.917698 ] - [ I ] ::: ##########################################################################################
[ 23:22:39.917993 ] - [ I ] ::: Doc-Browser: INIT:
[ 23:22:39.918085 ] - [ I ] ::: Doc-Browser: SETTINGS: LOAD: 
[ 23:22:39.918151 ] - [ I ] ::: Doc-Browser: SETTINGS: LOAD: Done
[ 23:22:39.918216 ] - [ I ] ::: Doc-Browser: COOKIE: Loading 
[ 23:22:40.059249 ] - [ I ] ::: Doc-Browser: COOKIE: Done
[ 23:22:40.062328 ] - [ I ] ::: Doc-Browser: NOTEBOOK: LODE: 
[ 23:22:40.065169 ] - [ I ] ::: Doc-Browser: NOTEBOOK: LODE: Done
[ 23:22:40.065269 ] - [ I ] ::: Doc-Browser: Loading: /m-sys/Doc-Browser/storage/favorite.file
[ 23:22:40.072837 ] - [ I ] ::: Doc-Browser: INIT: DONE IN: [0.449303865433] Sec

[ 23:22:40.094413 ] - [ I ] ::: ['DOC_BROWSER']: [ Welcome ... [INIT]: Done]
[ 23:23:14.958018 ] - [ I ] ::: Doc-Browser: SETTINGS: SAVE: 
[ 23:23:14.958383 ] - [ I ] ::: Doc-Browser: SETTINGS: SAVE: Done
[ 23:23:14.958564 ] - [ I ] ::: Doc-Browser: NOTEBOOK: SAVE: 
[ 23:23:14.959652 ] - [ I ] ::: Doc-Browser: NOTEBOOK: SAVE: Done
[ 23:23:14.959979 ] - [ I ] ::: Doc-Browser: COOKIE: Saving 
[ 23:23:15.121642 ] - [ I ] ::: Doc-Browser: COOKIE: Done 
[ 23:23:15.122181 ] - [ I ] ::: Doc-Browser: CLEAN_UP: Remiving tmp files:
[ 23:23:15.132029 ] - [ I ] ::: Doc-Browser: CLEAN_UP: Remiving Objects:
[ 23:23:15.132645 ] - [ I ] ::: Doc-Browser: CLEAN_UP: Done

[ 23:23:52.297173 ] - [ I ] ::: ##########################################################################################
[ 23:23:52.297396 ] - [ I ] ::: Doc-Browser: INIT:
[ 23:23:52.297502 ] - [ I ] ::: Doc-Browser: SETTINGS: LOAD: 
[ 23:23:52.297583 ] - [ I ] ::: Doc-Browser: SETTINGS: LOAD: Done
[ 23:23:52.297662 ] - [ I ] ::: Doc-Browser: COOKIE: Loading 
[ 23:23:52.462977 ] - [ I ] ::: Doc-Browser: COOKIE: Done
[ 23:23:52.466481 ] - [ I ] ::: Doc-Browser: NOTEBOOK: LODE: 
[ 23:23:52.469957 ] - [ I ] ::: Doc-Browser: NOTEBOOK: LODE: Done
[ 23:23:52.470071 ] - [ I ] ::: Doc-Browser: Loading: /m-sys/Doc-Browser/storage/favorite.file
[ 23:23:52.478986 ] - [ I ] ::: Doc-Browser: INIT: DONE IN: [0.525063037872] Sec

[ 23:23:52.503998 ] - [ I ] ::: ['DOC_BROWSER']: [ Welcome ... [INIT]: Done]
[ 23:24:14.164497 ] - [ I ] ::: Doc-Browser: SETTINGS: SAVE: 
[ 23:24:14.164854 ] - [ I ] ::: Doc-Browser: SETTINGS: SAVE: Done
[ 23:24:14.165033 ] - [ I ] ::: Doc-Browser: NOTEBOOK: SAVE: 
[ 23:24:14.166161 ] - [ I ] ::: Doc-Browser: NOTEBOOK: SAVE: Done
[ 23:24:14.166437 ] - [ I ] ::: Doc-Browser: COOKIE: Saving 
[ 23:24:14.316035 ] - [ I ] ::: Doc-Browser: COOKIE: Done 
[ 23:24:14.316578 ] - [ I ] ::: Doc-Browser: CLEAN_UP: Remiving tmp files:
[ 23:24:14.326394 ] - [ I ] ::: Doc-Browser: CLEAN_UP: Remiving Objects:
[ 23:24:14.327013 ] - [ I ] ::: Doc-Browser: CLEAN_UP: Done

[ 23:28:37.634519 ] - [ I ] ::: ##########################################################################################
[ 23:28:37.634771 ] - [ I ] ::: Doc-Browser: INIT:
[ 23:28:37.634859 ] - [ I ] ::: Doc-Browser: SETTINGS: LOAD: 
[ 23:28:37.634925 ] - [ I ] ::: Doc-Browser: SETTINGS: LOAD: Done
[ 23:28:37.634990 ] - [ I ] ::: Doc-Browser: COOKIE: Loading 
[ 23:28:37.764697 ] - [ I ] ::: Doc-Browser: COOKIE: Done
[ 23:28:37.767480 ] - [ I ] ::: Doc-Browser: NOTEBOOK: LODE: 
[ 23:28:37.770338 ] - [ I ] ::: Doc-Browser: NOTEBOOK: LODE: Done
[ 23:28:37.770472 ] - [ I ] ::: Doc-Browser: Loading: /m-sys/Doc-Browser/storage/favorite.file
[ 23:28:37.777769 ] - [ I ] ::: Doc-Browser: INIT: DONE IN: [0.402830123901] Sec

[ 23:28:37.799023 ] - [ I ] ::: ['DOC_BROWSER']: [ Welcome ... [INIT]: Done]
[ 23:29:25.850581 ] - [ I ] ::: Doc-Browser: SETTINGS: SAVE: 
[ 23:29:25.850957 ] - [ I ] ::: Doc-Browser: SETTINGS: SAVE: Done
[ 23:29:25.851139 ] - [ I ] ::: Doc-Browser: NOTEBOOK: SAVE: 
[ 23:29:25.852300 ] - [ I ] ::: Doc-Browser: NOTEBOOK: SAVE: Done
[ 23:29:25.853145 ] - [ I ] ::: Doc-Browser: COOKIE: Saving 
[ 23:29:25.998774 ] - [ I ] ::: Doc-Browser: COOKIE: Done 
[ 23:29:25.999295 ] - [ I ] ::: Doc-Browser: CLEAN_UP: Remiving tmp files:
[ 23:29:26.009395 ] - [ I ] ::: Doc-Browser: CLEAN_UP: Remiving Objects:
[ 23:29:26.010021 ] - [ I ] ::: Doc-Browser: CLEAN_UP: Done

[ 23:29:30.220664 ] - [ I ] ::: ##########################################################################################
[ 23:29:30.220928 ] - [ I ] ::: Doc-Browser: INIT:
[ 23:29:30.221019 ] - [ I ] ::: Doc-Browser: SETTINGS: LOAD: 
[ 23:29:30.221084 ] - [ I ] ::: Doc-Browser: SETTINGS: LOAD: Done
[ 23:29:30.221148 ] - [ I ] ::: Doc-Browser: COOKIE: Loading 
[ 23:29:30.351682 ] - [ I ] ::: Doc-Browser: COOKIE: Done
[ 23:29:30.354475 ] - [ I ] ::: Doc-Browser: NOTEBOOK: LODE: 
[ 23:29:30.357281 ] - [ I ] ::: Doc-Browser: NOTEBOOK: LODE: Done
[ 23:29:30.357372 ] - [ I ] ::: Doc-Browser: Loading: /m-sys/Doc-Browser/storage/favorite.file
[ 23:29:30.364680 ] - [ I ] ::: Doc-Browser: INIT: DONE IN: [0.400100946426] Sec

[ 23:29:30.385558 ] - [ I ] ::: ['DOC_BROWSER']: [ Welcome ... [INIT]: Done]
[ 23:29:45.888185 ] - [ I ] ::: Doc-Browser: SETTINGS: SAVE: 
[ 23:29:45.888561 ] - [ I ] ::: Doc-Browser: SETTINGS: SAVE: Done
[ 23:29:45.888743 ] - [ I ] ::: Doc-Browser: NOTEBOOK: SAVE: 
[ 23:29:45.889889 ] - [ I ] ::: Doc-Browser: NOTEBOOK: SAVE: Done
[ 23:29:45.890267 ] - [ I ] ::: Doc-Browser: COOKIE: Saving 
[ 23:29:46.047685 ] - [ I ] ::: Doc-Browser: COOKIE: Done 
[ 23:29:46.048280 ] - [ I ] ::: Doc-Browser: CLEAN_UP: Remiving tmp files:
[ 23:29:46.058496 ] - [ I ] ::: Doc-Browser: CLEAN_UP: Remiving Objects:
[ 23:29:46.059157 ] - [ I ] ::: Doc-Browser: CLEAN_UP: Done

[ 23:31:24.491793 ] - [ I ] ::: ##########################################################################################
[ 23:31:24.492133 ] - [ I ] ::: Doc-Browser: INIT:
[ 23:31:24.492226 ] - [ I ] ::: Doc-Browser: SETTINGS: LOAD: 
[ 23:31:24.492292 ] - [ I ] ::: Doc-Browser: SETTINGS: LOAD: Done
[ 23:31:24.492355 ] - [ I ] ::: Doc-Browser: COOKIE: Loading 
[ 23:31:24.626245 ] - [ I ] ::: Doc-Browser: COOKIE: Done
[ 23:31:24.629057 ] - [ I ] ::: Doc-Browser: NOTEBOOK: LODE: 
[ 23:31:24.631904 ] - [ I ] ::: Doc-Browser: NOTEBOOK: LODE: Done
[ 23:31:24.632013 ] - [ I ] ::: Doc-Browser: Loading: /m-sys/Doc-Browser/storage/favorite.file
[ 23:31:24.639407 ] - [ I ] ::: Doc-Browser: INIT: DONE IN: [0.382507801056] Sec

[ 23:31:24.658451 ] - [ I ] ::: ['DOC_BROWSER']: [ Welcome ... [INIT]: Done]
[ 23:31:58.413197 ] - [ I ] ::: Doc-Browser: SETTINGS: SAVE: 
[ 23:31:58.413562 ] - [ I ] ::: Doc-Browser: SETTINGS: SAVE: Done
[ 23:31:58.413744 ] - [ I ] ::: Doc-Browser: NOTEBOOK: SAVE: 
[ 23:31:58.414850 ] - [ I ] ::: Doc-Browser: NOTEBOOK: SAVE: Done
[ 23:31:58.415530 ] - [ I ] ::: Doc-Browser: COOKIE: Saving 
[ 23:31:58.567487 ] - [ I ] ::: Doc-Browser: COOKIE: Done 
[ 23:31:58.568081 ] - [ I ] ::: Doc-Browser: CLEAN_UP: Remiving tmp files:
[ 23:31:58.577980 ] - [ I ] ::: Doc-Browser: CLEAN_UP: Remiving Objects:
[ 23:31:58.578606 ] - [ I ] ::: Doc-Browser: CLEAN_UP: Done

[ 23:33:40.728853 ] - [ I ] ::: ##########################################################################################
[ 23:33:40.729120 ] - [ I ] ::: Doc-Browser: INIT:
[ 23:33:40.729208 ] - [ I ] ::: Doc-Browser: SETTINGS: LOAD: 
[ 23:33:40.729273 ] - [ I ] ::: Doc-Browser: SETTINGS: LOAD: Done
[ 23:33:40.729338 ] - [ I ] ::: Doc-Browser: COOKIE: Loading 
[ 23:33:40.866259 ] - [ I ] ::: Doc-Browser: COOKIE: Done
[ 23:33:40.869065 ] - [ I ] ::: Doc-Browser: NOTEBOOK: LODE: 
[ 23:33:40.872152 ] - [ I ] ::: Doc-Browser: NOTEBOOK: LODE: Done
[ 23:33:40.872265 ] - [ I ] ::: Doc-Browser: Loading: /m-sys/Doc-Browser/storage/favorite.file
[ 23:33:40.880607 ] - [ I ] ::: Doc-Browser: INIT: DONE IN: [0.42301607132] Sec

[ 23:33:40.902534 ] - [ I ] ::: ['DOC_BROWSER']: [ Welcome ... [INIT]: Done]
[ 23:34:21.111185 ] - [ I ] ::: Doc-Browser: SETTINGS: SAVE: 
[ 23:34:21.111587 ] - [ I ] ::: Doc-Browser: SETTINGS: SAVE: Done
[ 23:34:21.111769 ] - [ I ] ::: Doc-Browser: NOTEBOOK: SAVE: 
[ 23:34:21.112917 ] - [ I ] ::: Doc-Browser: NOTEBOOK: SAVE: Done
[ 23:34:21.113192 ] - [ I ] ::: Doc-Browser: COOKIE: Saving 
[ 23:34:21.264148 ] - [ I ] ::: Doc-Browser: COOKIE: Done 
[ 23:34:21.264692 ] - [ I ] ::: Doc-Browser: CLEAN_UP: Remiving tmp files:
[ 23:34:21.274346 ] - [ I ] ::: Doc-Browser: CLEAN_UP: Remiving Objects:
[ 23:34:21.274963 ] - [ I ] ::: Doc-Browser: CLEAN_UP: Done

[ 23:37:14.024445 ] - [ I ] ::: ##########################################################################################
[ 23:37:14.024715 ] - [ I ] ::: Doc-Browser: INIT:
[ 23:37:14.024803 ] - [ I ] ::: Doc-Browser: SETTINGS: LOAD: 
[ 23:37:14.024868 ] - [ I ] ::: Doc-Browser: SETTINGS: LOAD: Done
[ 23:37:14.024933 ] - [ I ] ::: Doc-Browser: COOKIE: Loading 
[ 23:37:14.158757 ] - [ I ] ::: Doc-Browser: COOKIE: Done
[ 23:37:14.161575 ] - [ I ] ::: Doc-Browser: NOTEBOOK: LODE: 
[ 23:37:14.164437 ] - [ I ] ::: Doc-Browser: NOTEBOOK: LODE: Done
[ 23:37:14.164539 ] - [ I ] ::: Doc-Browser: Loading: /m-sys/Doc-Browser/storage/favorite.file
[ 23:37:14.172893 ] - [ I ] ::: Doc-Browser: INIT: DONE IN: [0.429520130157] Sec

[ 23:37:14.193069 ] - [ I ] ::: ['DOC_BROWSER']: [ Welcome ... [INIT]: Done]
[ 23:37:59.228802 ] - [ I ] ::: Doc-Browser: SETTINGS: SAVE: 
[ 23:37:59.229186 ] - [ I ] ::: Doc-Browser: SETTINGS: SAVE: Done
[ 23:37:59.229369 ] - [ I ] ::: Doc-Browser: NOTEBOOK: SAVE: 
[ 23:37:59.230472 ] - [ I ] ::: Doc-Browser: NOTEBOOK: SAVE: Done
[ 23:37:59.230750 ] - [ I ] ::: Doc-Browser: COOKIE: Saving 
[ 23:37:59.379218 ] - [ I ] ::: Doc-Browser: COOKIE: Done 
[ 23:37:59.379733 ] - [ I ] ::: Doc-Browser: CLEAN_UP: Remiving tmp files:
[ 23:37:59.390468 ] - [ I ] ::: Doc-Browser: CLEAN_UP: Remiving Objects:
[ 23:37:59.391081 ] - [ I ] ::: Doc-Browser: CLEAN_UP: Done

[ 23:39:47.596242 ] - [ I ] ::: ##########################################################################################
[ 23:39:47.596465 ] - [ I ] ::: Doc-Browser: INIT:
[ 23:39:47.596549 ] - [ I ] ::: Doc-Browser: SETTINGS: LOAD: 
[ 23:39:47.596620 ] - [ I ] ::: Doc-Browser: SETTINGS: LOAD: Done
[ 23:39:47.596684 ] - [ I ] ::: Doc-Browser: COOKIE: Loading 
[ 23:39:47.733722 ] - [ I ] ::: Doc-Browser: COOKIE: Done
[ 23:39:47.736494 ] - [ I ] ::: Doc-Browser: NOTEBOOK: LODE: 
[ 23:39:47.740352 ] - [ I ] ::: Doc-Browser: NOTEBOOK: LODE: Done
[ 23:39:47.740500 ] - [ I ] ::: Doc-Browser: Loading: /m-sys/Doc-Browser/storage/favorite.file
[ 23:39:47.747951 ] - [ I ] ::: Doc-Browser: INIT: DONE IN: [0.422116994858] Sec

[ 23:39:47.768538 ] - [ I ] ::: ['DOC_BROWSER']: [ Welcome ... [INIT]: Done]
[ 23:55:50.469200 ] - [ I ] ::: Doc-Browser: SETTINGS: SAVE: 
[ 23:55:50.469555 ] - [ I ] ::: Doc-Browser: SETTINGS: SAVE: Done
[ 23:55:50.469739 ] - [ I ] ::: Doc-Browser: NOTEBOOK: SAVE: 
[ 23:55:50.470839 ] - [ I ] ::: Doc-Browser: NOTEBOOK: SAVE: Done
[ 23:55:50.471029 ] - [ I ] ::: Doc-Browser: COOKIE: Saving 
[ 23:55:50.618377 ] - [ I ] ::: Doc-Browser: COOKIE: Done 
[ 23:55:50.618928 ] - [ I ] ::: Doc-Browser: CLEAN_UP: Remiving tmp files:
[ 23:55:50.633332 ] - [ I ] ::: Doc-Browser: CLEAN_UP: Remiving Objects:
[ 23:55:50.633955 ] - [ I ] ::: Doc-Browser: CLEAN_UP: Done

[ 23:55:53.342021 ] - [ I ] ::: ##########################################################################################
[ 23:55:53.342231 ] - [ I ] ::: Doc-Browser: INIT:
[ 23:55:53.342327 ] - [ I ] ::: Doc-Browser: SETTINGS: LOAD: 
[ 23:55:53.342391 ] - [ I ] ::: Doc-Browser: SETTINGS: LOAD: Done
[ 23:55:53.342454 ] - [ I ] ::: Doc-Browser: COOKIE: Loading 
[ 23:55:53.471968 ] - [ I ] ::: Doc-Browser: COOKIE: Done
[ 23:55:53.474742 ] - [ I ] ::: Doc-Browser: NOTEBOOK: LODE: 
[ 23:55:53.477637 ] - [ I ] ::: Doc-Browser: NOTEBOOK: LODE: Done
[ 23:55:53.477737 ] - [ I ] ::: Doc-Browser: Loading: /m-sys/Doc-Browser/storage/favorite.file
[ 23:55:53.485116 ] - [ I ] ::: Doc-Browser: INIT: DONE IN: [0.394088983536] Sec

[ 23:55:53.506365 ] - [ I ] ::: ['DOC_BROWSER']: [ Welcome ... [INIT]: Done]
[ 23:56:40.110144 ] - [ E ] ::: ['DOC_BROWSER.TAB_INDEX_CHANGED']: ['QLineEdit' object has no attribute 'open']
[ 23:56:44.114008 ] - [ E ] ::: ['DOC_BROWSER.TAB_INDEX_CHANGED']: ['QLineEdit' object has no attribute 'open']
[ 23:57:24.688665 ] - [ I ] ::: Doc-Browser: SETTINGS: SAVE: 
[ 23:57:24.689042 ] - [ I ] ::: Doc-Browser: SETTINGS: SAVE: Done
[ 23:57:24.689226 ] - [ I ] ::: Doc-Browser: NOTEBOOK: SAVE: 
[ 23:57:24.690332 ] - [ I ] ::: Doc-Browser: NOTEBOOK: SAVE: Done
[ 23:57:24.691045 ] - [ I ] ::: Doc-Browser: COOKIE: Saving 
[ 23:57:24.837341 ] - [ I ] ::: Doc-Browser: COOKIE: Done 
[ 23:57:24.837874 ] - [ I ] ::: Doc-Browser: CLEAN_UP: Remiving tmp files:
[ 23:57:24.848092 ] - [ I ] ::: Doc-Browser: CLEAN_UP: Remiving Objects:
[ 23:57:24.848726 ] - [ I ] ::: Doc-Browser: CLEAN_UP: Done

[ 23:57:27.312976 ] - [ I ] ::: ##########################################################################################
[ 23:57:27.313194 ] - [ I ] ::: Doc-Browser: INIT:
[ 23:57:27.313277 ] - [ I ] ::: Doc-Browser: SETTINGS: LOAD: 
[ 23:57:27.313341 ] - [ I ] ::: Doc-Browser: SETTINGS: LOAD: Done
[ 23:57:27.313405 ] - [ I ] ::: Doc-Browser: COOKIE: Loading 
[ 23:57:27.446039 ] - [ I ] ::: Doc-Browser: COOKIE: Done
[ 23:57:27.449090 ] - [ I ] ::: Doc-Browser: NOTEBOOK: LODE: 
[ 23:57:27.451927 ] - [ I ] ::: Doc-Browser: NOTEBOOK: LODE: Done
[ 23:57:27.452023 ] - [ I ] ::: Doc-Browser: Loading: /m-sys/Doc-Browser/storage/favorite.file
[ 23:57:27.459409 ] - [ I ] ::: Doc-Browser: INIT: DONE IN: [0.407488107681] Sec

[ 23:57:27.481739 ] - [ I ] ::: ['DOC_BROWSER']: [ Welcome ... [INIT]: Done]
[ 23:57:57.100821 ] - [ I ] ::: Doc-Browser: SETTINGS: SAVE: 
[ 23:57:57.101186 ] - [ I ] ::: Doc-Browser: SETTINGS: SAVE: Done
[ 23:57:57.101369 ] - [ I ] ::: Doc-Browser: NOTEBOOK: SAVE: 
[ 23:57:57.102473 ] - [ I ] ::: Doc-Browser: NOTEBOOK: SAVE: Done
[ 23:57:57.102747 ] - [ I ] ::: Doc-Browser: COOKIE: Saving 
[ 23:57:57.250509 ] - [ I ] ::: Doc-Browser: COOKIE: Done 
[ 23:57:57.251052 ] - [ I ] ::: Doc-Browser: CLEAN_UP: Remiving tmp files:
[ 23:57:57.261152 ] - [ I ] ::: Doc-Browser: CLEAN_UP: Remiving Objects:
[ 23:57:57.261774 ] - [ I ] ::: Doc-Browser: CLEAN_UP: Done

