[ 14:44:28.354884 ] - [ I ] ::: ##########################################################################################
[ 14:44:28.383009 ] - [ I ] ::: Doc-Browser: INIT:
[ 14:44:28.383202 ] - [ I ] ::: Doc-Browser: SETTINGS: LOAD: 
[ 14:44:28.383355 ] - [ I ] ::: Doc-Browser: SETTINGS: LOAD: Done
[ 14:44:28.383507 ] - [ I ] ::: Doc-Browser: COOKIE: Loading 
[ 14:44:28.811800 ] - [ I ] ::: Doc-Browser: COOKIE: Done
[ 14:44:28.865296 ] - [ I ] ::: Doc-Browser: NOTEBOOK: LODE: 
[ 14:44:28.916525 ] - [ I ] ::: Doc-Browser: NOTEBOOK: LODE: Done
[ 14:44:28.916780 ] - [ I ] ::: Doc-Browser: Loading: /m-sys/Doc-Browser/storage/favorite.file
[ 14:44:29.243659 ] - [ I ] ::: Doc-Browser: INIT: DONE IN: [4.50923299789] Sec

[ 14:44:29.457400 ] - [ I ] ::: ['DOC_BROWSER']: [ Welcome ... [INIT]: Done]
[ 14:44:55.616987 ] - [ I ] ::: Doc-Browser: SETTINGS: SAVE: 
[ 14:44:55.617346 ] - [ I ] ::: Doc-Browser: SETTINGS: SAVE: Done
[ 14:44:55.617524 ] - [ I ] ::: Doc-Browser: NOTEBOOK: SAVE: 
[ 14:44:55.698262 ] - [ I ] ::: Doc-Browser: NOTEBOOK: SAVE: Done
[ 14:44:55.698544 ] - [ I ] ::: Doc-Browser: COOKIE: Saving 
[ 14:44:55.902330 ] - [ I ] ::: Doc-Browser: COOKIE: Done 
[ 14:44:55.902886 ] - [ I ] ::: Doc-Browser: CLEAN_UP: Remiving tmp files:
[ 14:44:56.012490 ] - [ I ] ::: Doc-Browser: CLEAN_UP: Remiving Objects:
[ 14:44:56.013120 ] - [ I ] ::: Doc-Browser: CLEAN_UP: Done

[ 14:47:30.551216 ] - [ I ] ::: ##########################################################################################
[ 14:47:30.551426 ] - [ I ] ::: Doc-Browser: INIT:
[ 14:47:30.551508 ] - [ I ] ::: Doc-Browser: SETTINGS: LOAD: 
[ 14:47:30.551571 ] - [ I ] ::: Doc-Browser: SETTINGS: LOAD: Done
[ 14:47:30.551634 ] - [ I ] ::: Doc-Browser: COOKIE: Loading 
[ 14:47:30.704291 ] - [ I ] ::: Doc-Browser: COOKIE: Done
[ 14:47:30.707157 ] - [ I ] ::: Doc-Browser: NOTEBOOK: LODE: 
[ 14:47:30.710793 ] - [ I ] ::: Doc-Browser: NOTEBOOK: LODE: Done
[ 14:47:30.710888 ] - [ I ] ::: Doc-Browser: Loading: /m-sys/Doc-Browser/storage/favorite.file
[ 14:47:30.718330 ] - [ I ] ::: Doc-Browser: INIT: DONE IN: [0.466265916824] Sec

[ 14:47:30.743756 ] - [ I ] ::: ['DOC_BROWSER']: [ Welcome ... [INIT]: Done]
[ 15:07:13.344142 ] - [ E ] ::: ['DOC_BROWSER']: [['WEB_VIEW.ON_LOAD_FINISHED']: ['342f38']]
[ 15:11:20.034674 ] - [ E ] ::: ['DOC_BROWSER']: [['WEB_VIEW.ON_LOAD_FINISHED']: ['2bb4dd']]
[ 15:17:35.501274 ] - [ E ] ::: ['DOC_BROWSER']: [['WEB_VIEW.ON_LOAD_FINISHED']: ['56f107']]
[ 15:17:53.895414 ] - [ I ] ::: Doc-Browser: SETTINGS: SAVE: 
[ 15:17:54.129893 ] - [ I ] ::: Doc-Browser: SETTINGS: SAVE: Done
[ 15:17:54.130207 ] - [ I ] ::: Doc-Browser: NOTEBOOK: SAVE: 
[ 15:17:54.272706 ] - [ I ] ::: Doc-Browser: NOTEBOOK: SAVE: Done
[ 15:17:54.296410 ] - [ I ] ::: Doc-Browser: COOKIE: Saving 
[ 15:17:54.911226 ] - [ I ] ::: Doc-Browser: COOKIE: Done 
[ 15:17:55.034437 ] - [ I ] ::: Doc-Browser: CLEAN_UP: Remiving tmp files:
[ 15:17:55.515361 ] - [ I ] ::: Doc-Browser: CLEAN_UP: Remiving Objects:
[ 15:17:55.638841 ] - [ I ] ::: Doc-Browser: CLEAN_UP: Done

[ 15:22:07.825775 ] - [ I ] ::: ##########################################################################################
[ 15:22:07.826484 ] - [ I ] ::: Doc-Browser: INIT:
[ 15:22:07.826853 ] - [ I ] ::: Doc-Browser: SETTINGS: LOAD: 
[ 15:22:07.827181 ] - [ I ] ::: Doc-Browser: SETTINGS: LOAD: Done
[ 15:22:07.827505 ] - [ I ] ::: Doc-Browser: COOKIE: Loading 
[ 15:22:08.227368 ] - [ I ] ::: Doc-Browser: COOKIE: Done
[ 15:22:08.270216 ] - [ I ] ::: Doc-Browser: NOTEBOOK: LODE: 
[ 15:22:08.279008 ] - [ I ] ::: Doc-Browser: NOTEBOOK: LODE: Done
[ 15:22:08.279541 ] - [ I ] ::: Doc-Browser: Loading: /m-sys/Doc-Browser/storage/favorite.file
[ 15:22:08.447580 ] - [ I ] ::: Doc-Browser: INIT: DONE IN: [2.99552702904] Sec

[ 15:22:08.684616 ] - [ I ] ::: ['DOC_BROWSER']: [ Welcome ... [INIT]: Done]
[ 15:22:12.687497 ] - [ E ] ::: ['DOC_BROWSER']: [['DEBUGGER']: ['NoneType' object has no attribute 'tb_frame']]
[ 15:22:32.144095 ] - [ E ] ::: ['DOC_BROWSER']: [['DEBUGGER']: ['NoneType' object has no attribute 'tb_frame']]
[ 15:22:42.252155 ] - [ E ] ::: ['DOC_BROWSER']: [['DEBUGGER']: ['NoneType' object has no attribute 'tb_frame']]
[ 15:22:54.809282 ] - [ E ] ::: ['DOC_BROWSER']: [['DEBUGGER']: ['NoneType' object has no attribute 'tb_frame']]
[ 15:22:58.812802 ] - [ E ] ::: ['DOC_BROWSER']: [['DEBUGGER']: ['NoneType' object has no attribute 'tb_frame']]
[ 15:23:02.816125 ] - [ E ] ::: ['DOC_BROWSER']: [['DEBUGGER']: ['NoneType' object has no attribute 'tb_frame']]
[ 15:23:06.819579 ] - [ E ] ::: ['DOC_BROWSER']: [['DEBUGGER']: ['NoneType' object has no attribute 'tb_frame']]
[ 15:23:10.822764 ] - [ E ] ::: ['DOC_BROWSER']: [['DEBUGGER']: ['NoneType' object has no attribute 'tb_frame']]
[ 15:23:14.826111 ] - [ E ] ::: ['DOC_BROWSER']: [['DEBUGGER']: ['NoneType' object has no attribute 'tb_frame']]
[ 15:23:18.829690 ] - [ E ] ::: ['DOC_BROWSER']: [['DEBUGGER']: ['NoneType' object has no attribute 'tb_frame']]
[ 15:23:22.832319 ] - [ E ] ::: ['DOC_BROWSER']: [['DEBUGGER']: ['NoneType' object has no attribute 'tb_frame']]
[ 15:23:26.835512 ] - [ E ] ::: ['DOC_BROWSER']: [['DEBUGGER']: ['NoneType' object has no attribute 'tb_frame']]
[ 15:23:30.838836 ] - [ E ] ::: ['DOC_BROWSER']: [['DEBUGGER']: ['NoneType' object has no attribute 'tb_frame']]
[ 15:23:34.841805 ] - [ E ] ::: ['DOC_BROWSER']: [['DEBUGGER']: ['NoneType' object has no attribute 'tb_frame']]
[ 15:23:38.845210 ] - [ E ] ::: ['DOC_BROWSER']: [['DEBUGGER']: ['NoneType' object has no attribute 'tb_frame']]
[ 15:23:42.848076 ] - [ E ] ::: ['DOC_BROWSER']: [['DEBUGGER']: ['NoneType' object has no attribute 'tb_frame']]
[ 15:23:46.851123 ] - [ E ] ::: ['DOC_BROWSER']: [['DEBUGGER']: ['NoneType' object has no attribute 'tb_frame']]
[ 15:23:50.854252 ] - [ E ] ::: ['DOC_BROWSER']: [['DEBUGGER']: ['NoneType' object has no attribute 'tb_frame']]
[ 15:23:54.857229 ] - [ E ] ::: ['DOC_BROWSER']: [['DEBUGGER']: ['NoneType' object has no attribute 'tb_frame']]
[ 15:23:58.860432 ] - [ E ] ::: ['DOC_BROWSER']: [['DEBUGGER']: ['NoneType' object has no attribute 'tb_frame']]
[ 15:24:02.862436 ] - [ E ] ::: ['DOC_BROWSER']: [['DEBUGGER']: ['NoneType' object has no attribute 'tb_frame']]
[ 15:24:35.687624 ] - [ I ] ::: Doc-Browser: SETTINGS: SAVE: 
[ 15:24:35.688004 ] - [ I ] ::: Doc-Browser: SETTINGS: SAVE: Done
[ 15:24:35.688188 ] - [ I ] ::: Doc-Browser: NOTEBOOK: SAVE: 
[ 15:24:35.689614 ] - [ I ] ::: Doc-Browser: NOTEBOOK: SAVE: Done
[ 15:24:35.689809 ] - [ I ] ::: Doc-Browser: COOKIE: Saving 
[ 15:24:35.860658 ] - [ I ] ::: Doc-Browser: COOKIE: Done 
[ 15:24:35.861504 ] - [ I ] ::: Doc-Browser: CLEAN_UP: Remiving tmp files:
[ 15:24:35.918798 ] - [ I ] ::: Doc-Browser: CLEAN_UP: Remiving Objects:
[ 15:24:35.919427 ] - [ I ] ::: Doc-Browser: CLEAN_UP: Done

[ 15:24:39.072601 ] - [ I ] ::: ##########################################################################################
[ 15:24:39.072847 ] - [ I ] ::: Doc-Browser: INIT:
[ 15:24:39.072929 ] - [ I ] ::: Doc-Browser: SETTINGS: LOAD: 
[ 15:24:39.072993 ] - [ I ] ::: Doc-Browser: SETTINGS: LOAD: Done
[ 15:24:39.073056 ] - [ I ] ::: Doc-Browser: COOKIE: Loading 
[ 15:24:39.225697 ] - [ I ] ::: Doc-Browser: COOKIE: Done
[ 15:24:39.228529 ] - [ I ] ::: Doc-Browser: NOTEBOOK: LODE: 
[ 15:24:39.232152 ] - [ I ] ::: Doc-Browser: NOTEBOOK: LODE: Done
[ 15:24:39.232247 ] - [ I ] ::: Doc-Browser: Loading: /m-sys/Doc-Browser/storage/favorite.file
[ 15:24:39.239794 ] - [ I ] ::: Doc-Browser: INIT: DONE IN: [0.436717987061] Sec

[ 15:24:39.271951 ] - [ I ] ::: ['DOC_BROWSER']: [ Welcome ... [INIT]: Done]
[ 15:24:49.663547 ] - [ I ] ::: Doc-Browser: SETTINGS: SAVE: 
[ 15:24:49.663877 ] - [ I ] ::: Doc-Browser: SETTINGS: SAVE: Done
[ 15:24:49.664056 ] - [ I ] ::: Doc-Browser: NOTEBOOK: SAVE: 
[ 15:24:49.665441 ] - [ I ] ::: Doc-Browser: NOTEBOOK: SAVE: Done
[ 15:24:49.665634 ] - [ I ] ::: Doc-Browser: COOKIE: Saving 
[ 15:24:49.841649 ] - [ I ] ::: Doc-Browser: COOKIE: Done 
[ 15:24:49.842186 ] - [ I ] ::: Doc-Browser: CLEAN_UP: Remiving tmp files:
[ 15:24:49.851396 ] - [ I ] ::: Doc-Browser: CLEAN_UP: Remiving Objects:
[ 15:24:49.851993 ] - [ I ] ::: Doc-Browser: CLEAN_UP: Done

[ 15:33:23.230992 ] - [ I ] ::: ##########################################################################################
[ 15:33:23.231270 ] - [ I ] ::: Doc-Browser: INIT:
[ 15:33:23.231359 ] - [ I ] ::: Doc-Browser: SETTINGS: LOAD: 
[ 15:33:23.231423 ] - [ I ] ::: Doc-Browser: SETTINGS: LOAD: Done
[ 15:33:23.231487 ] - [ I ] ::: Doc-Browser: COOKIE: Loading 
[ 15:33:23.386893 ] - [ I ] ::: Doc-Browser: COOKIE: Done
[ 15:33:23.389713 ] - [ I ] ::: Doc-Browser: NOTEBOOK: LODE: 
[ 15:33:23.393283 ] - [ I ] ::: Doc-Browser: NOTEBOOK: LODE: Done
[ 15:33:23.393384 ] - [ I ] ::: Doc-Browser: Loading: /m-sys/Doc-Browser/storage/favorite.file
[ 15:33:23.400774 ] - [ I ] ::: Doc-Browser: INIT: DONE IN: [0.609871149063] Sec

[ 15:33:23.440514 ] - [ I ] ::: ['DOC_BROWSER']: [ Welcome ... [INIT]: Done]
[ 15:33:41.040536 ] - [ I ] ::: Doc-Browser: SETTINGS: SAVE: 
[ 15:33:41.040925 ] - [ I ] ::: Doc-Browser: SETTINGS: SAVE: Done
[ 15:33:41.041109 ] - [ I ] ::: Doc-Browser: NOTEBOOK: SAVE: 
[ 15:33:41.042458 ] - [ I ] ::: Doc-Browser: NOTEBOOK: SAVE: Done
[ 15:33:41.042652 ] - [ I ] ::: Doc-Browser: COOKIE: Saving 
[ 15:33:41.208996 ] - [ I ] ::: Doc-Browser: COOKIE: Done 
[ 15:33:41.209546 ] - [ I ] ::: Doc-Browser: CLEAN_UP: Remiving tmp files:
[ 15:33:41.218677 ] - [ I ] ::: Doc-Browser: CLEAN_UP: Remiving Objects:
[ 15:33:41.219287 ] - [ I ] ::: Doc-Browser: CLEAN_UP: Done

[ 15:34:44.302183 ] - [ I ] ::: ##########################################################################################
[ 15:34:44.302469 ] - [ I ] ::: Doc-Browser: INIT:
[ 15:34:44.302563 ] - [ I ] ::: Doc-Browser: SETTINGS: LOAD: 
[ 15:34:44.302632 ] - [ I ] ::: Doc-Browser: SETTINGS: LOAD: Done
[ 15:34:44.302700 ] - [ I ] ::: Doc-Browser: COOKIE: Loading 
[ 15:34:44.466097 ] - [ I ] ::: Doc-Browser: COOKIE: Done
[ 15:34:44.469069 ] - [ I ] ::: Doc-Browser: NOTEBOOK: LODE: 
[ 15:34:44.472906 ] - [ I ] ::: Doc-Browser: NOTEBOOK: LODE: Done
[ 15:34:44.473010 ] - [ I ] ::: Doc-Browser: Loading: /m-sys/Doc-Browser/storage/favorite.file
[ 15:34:44.480864 ] - [ I ] ::: Doc-Browser: INIT: DONE IN: [4.9144961834] Sec

[ 15:34:44.517448 ] - [ I ] ::: ['DOC_BROWSER']: [ Welcome ... [INIT]: Done]
[ 15:34:47.641891 ] - [ I ] ::: Doc-Browser: SETTINGS: SAVE: 
[ 15:34:47.642127 ] - [ I ] ::: Doc-Browser: SETTINGS: SAVE: Done
[ 15:34:47.642208 ] - [ I ] ::: Doc-Browser: NOTEBOOK: SAVE: 
[ 15:34:47.642826 ] - [ I ] ::: Doc-Browser: NOTEBOOK: SAVE: Done
[ 15:34:47.642913 ] - [ I ] ::: Doc-Browser: COOKIE: Saving 
[ 15:34:47.718292 ] - [ I ] ::: Doc-Browser: COOKIE: Done 
[ 15:34:47.718630 ] - [ I ] ::: Doc-Browser: CLEAN_UP: Remiving tmp files:
[ 15:34:47.723351 ] - [ I ] ::: Doc-Browser: CLEAN_UP: Remiving Objects:
[ 15:34:47.723736 ] - [ I ] ::: Doc-Browser: CLEAN_UP: Done

[ 15:35:46.243688 ] - [ I ] ::: ##########################################################################################
[ 15:35:46.243900 ] - [ I ] ::: Doc-Browser: INIT:
[ 15:35:46.243982 ] - [ I ] ::: Doc-Browser: SETTINGS: LOAD: 
[ 15:35:46.244045 ] - [ I ] ::: Doc-Browser: SETTINGS: LOAD: Done
[ 15:35:46.244109 ] - [ I ] ::: Doc-Browser: COOKIE: Loading 
[ 15:35:46.391579 ] - [ I ] ::: Doc-Browser: COOKIE: Done
[ 15:35:46.394462 ] - [ I ] ::: Doc-Browser: NOTEBOOK: LODE: 
[ 15:35:46.398086 ] - [ I ] ::: Doc-Browser: NOTEBOOK: LODE: Done
[ 15:35:46.398185 ] - [ I ] ::: Doc-Browser: Loading: /m-sys/Doc-Browser/storage/favorite.file
[ 15:35:46.405941 ] - [ I ] ::: Doc-Browser: INIT: DONE IN: [0.442336082458] Sec

[ 15:35:46.439469 ] - [ I ] ::: ['DOC_BROWSER']: [ Welcome ... [INIT]: Done]
[ 15:35:59.062210 ] - [ E ] ::: ['DOC_BROWSER']: [['CMD_MANAGER']: [CMD_MANAGER: [PROCCESS]: [unknown cmd | wrong format]]]
[ 15:36:44.170032 ] - [ I ] ::: Doc-Browser: SETTINGS: SAVE: 
[ 15:36:44.170391 ] - [ I ] ::: Doc-Browser: SETTINGS: SAVE: Done
[ 15:36:44.170572 ] - [ I ] ::: Doc-Browser: NOTEBOOK: SAVE: 
[ 15:36:44.171911 ] - [ I ] ::: Doc-Browser: NOTEBOOK: SAVE: Done
[ 15:36:44.172100 ] - [ I ] ::: Doc-Browser: COOKIE: Saving 
[ 15:36:44.338288 ] - [ I ] ::: Doc-Browser: COOKIE: Done 
[ 15:36:44.338825 ] - [ I ] ::: Doc-Browser: CLEAN_UP: Remiving tmp files:
[ 15:36:44.347971 ] - [ I ] ::: Doc-Browser: CLEAN_UP: Remiving Objects:
[ 15:36:44.348589 ] - [ I ] ::: Doc-Browser: CLEAN_UP: Done

[ 15:39:07.547850 ] - [ I ] ::: ##########################################################################################
[ 15:39:07.548061 ] - [ I ] ::: Doc-Browser: INIT:
[ 15:39:07.548163 ] - [ I ] ::: Doc-Browser: SETTINGS: LOAD: 
[ 15:39:07.548243 ] - [ I ] ::: Doc-Browser: SETTINGS: LOAD: Done
[ 15:39:07.548322 ] - [ I ] ::: Doc-Browser: COOKIE: Loading 
[ 15:39:07.730478 ] - [ I ] ::: Doc-Browser: COOKIE: Done
[ 15:39:07.733723 ] - [ I ] ::: Doc-Browser: NOTEBOOK: LODE: 
[ 15:39:07.738143 ] - [ I ] ::: Doc-Browser: NOTEBOOK: LODE: Done
[ 15:39:07.738268 ] - [ I ] ::: Doc-Browser: Loading: /m-sys/Doc-Browser/storage/favorite.file
[ 15:39:07.747212 ] - [ I ] ::: Doc-Browser: INIT: DONE IN: [0.518156051636] Sec

[ 15:39:07.794900 ] - [ I ] ::: ['DOC_BROWSER']: [ Welcome ... [INIT]: Done]
[ 15:39:33.265431 ] - [ I ] ::: Doc-Browser: SETTINGS: SAVE: 
[ 15:39:33.265766 ] - [ I ] ::: Doc-Browser: SETTINGS: SAVE: Done
[ 15:39:33.265945 ] - [ I ] ::: Doc-Browser: NOTEBOOK: SAVE: 
[ 15:39:33.267289 ] - [ I ] ::: Doc-Browser: NOTEBOOK: SAVE: Done
[ 15:39:33.267479 ] - [ I ] ::: Doc-Browser: COOKIE: Saving 
[ 15:39:33.522161 ] - [ I ] ::: Doc-Browser: COOKIE: Done 
[ 15:39:33.522691 ] - [ I ] ::: Doc-Browser: CLEAN_UP: Remiving tmp files:
[ 15:39:33.533184 ] - [ I ] ::: Doc-Browser: CLEAN_UP: Remiving Objects:
[ 15:39:33.533812 ] - [ I ] ::: Doc-Browser: CLEAN_UP: Done

[ 15:39:45.540484 ] - [ I ] ::: ##########################################################################################
[ 15:39:45.540912 ] - [ I ] ::: Doc-Browser: INIT:
[ 15:39:45.541005 ] - [ I ] ::: Doc-Browser: SETTINGS: LOAD: 
[ 15:39:45.541071 ] - [ I ] ::: Doc-Browser: SETTINGS: LOAD: Done
[ 15:39:45.541135 ] - [ I ] ::: Doc-Browser: COOKIE: Loading 
[ 15:39:45.693554 ] - [ I ] ::: Doc-Browser: COOKIE: Done
[ 15:39:45.696378 ] - [ I ] ::: Doc-Browser: NOTEBOOK: LODE: 
[ 15:39:45.699990 ] - [ I ] ::: Doc-Browser: NOTEBOOK: LODE: Done
[ 15:39:45.700089 ] - [ I ] ::: Doc-Browser: Loading: /m-sys/Doc-Browser/storage/favorite.file
[ 15:39:45.707896 ] - [ I ] ::: Doc-Browser: INIT: DONE IN: [0.433266878128] Sec

[ 15:39:45.740659 ] - [ I ] ::: ['DOC_BROWSER']: [ Welcome ... [INIT]: Done]
[ 15:39:52.594596 ] - [ W ] ::: ['DOC_BROWSER']: [['REQUEST_HANDLER']: [Host wrong.domain not found]]
[ 15:40:13.521022 ] - [ I ] ::: Doc-Browser: SETTINGS: SAVE: 
[ 15:40:13.521385 ] - [ I ] ::: Doc-Browser: SETTINGS: SAVE: Done
[ 15:40:13.521567 ] - [ I ] ::: Doc-Browser: NOTEBOOK: SAVE: 
[ 15:40:13.522918 ] - [ I ] ::: Doc-Browser: NOTEBOOK: SAVE: Done
[ 15:40:13.523109 ] - [ I ] ::: Doc-Browser: COOKIE: Saving 
[ 15:40:13.689955 ] - [ I ] ::: Doc-Browser: COOKIE: Done 
[ 15:40:13.690489 ] - [ I ] ::: Doc-Browser: CLEAN_UP: Remiving tmp files:
[ 15:40:13.699459 ] - [ I ] ::: Doc-Browser: CLEAN_UP: Remiving Objects:
[ 15:40:13.700077 ] - [ I ] ::: Doc-Browser: CLEAN_UP: Done

[ 15:41:28.636357 ] - [ I ] ::: ##########################################################################################
[ 15:41:28.636578 ] - [ I ] ::: Doc-Browser: INIT:
[ 15:41:28.636661 ] - [ I ] ::: Doc-Browser: SETTINGS: LOAD: 
[ 15:41:28.636762 ] - [ I ] ::: Doc-Browser: SETTINGS: LOAD: Done
[ 15:41:28.636829 ] - [ I ] ::: Doc-Browser: COOKIE: Loading 
[ 15:41:28.782769 ] - [ I ] ::: Doc-Browser: COOKIE: Done
[ 15:41:28.785645 ] - [ I ] ::: Doc-Browser: NOTEBOOK: LODE: 
[ 15:41:28.789230 ] - [ I ] ::: Doc-Browser: NOTEBOOK: LODE: Done
[ 15:41:28.789330 ] - [ I ] ::: Doc-Browser: Loading: /m-sys/Doc-Browser/storage/favorite.file
[ 15:41:28.796817 ] - [ I ] ::: Doc-Browser: INIT: DONE IN: [0.429003953934] Sec

[ 15:41:28.827669 ] - [ I ] ::: ['DOC_BROWSER']:  Welcome ... [INIT]: Done
[ 15:41:35.472288 ] - [ W ] ::: ['DOC_BROWSER']: [['REQUEST_HANDLER']: [Host wrong.domain not found]]
[ 15:42:06.984635 ] - [ I ] ::: Doc-Browser: SETTINGS: SAVE: 
[ 15:42:06.985051 ] - [ I ] ::: Doc-Browser: SETTINGS: SAVE: Done
[ 15:42:06.985277 ] - [ I ] ::: Doc-Browser: NOTEBOOK: SAVE: 
[ 15:42:06.986602 ] - [ I ] ::: Doc-Browser: NOTEBOOK: SAVE: Done
[ 15:42:06.986792 ] - [ I ] ::: Doc-Browser: COOKIE: Saving 
[ 15:42:07.159922 ] - [ I ] ::: Doc-Browser: COOKIE: Done 
[ 15:42:07.160454 ] - [ I ] ::: Doc-Browser: CLEAN_UP: Remiving tmp files:
[ 15:42:07.169455 ] - [ I ] ::: Doc-Browser: CLEAN_UP: Remiving Objects:
[ 15:42:07.170076 ] - [ I ] ::: Doc-Browser: CLEAN_UP: Done

[ 15:42:25.367875 ] - [ I ] ::: ##########################################################################################
[ 15:42:25.368079 ] - [ I ] ::: Doc-Browser: INIT:
[ 15:42:25.368159 ] - [ I ] ::: Doc-Browser: SETTINGS: LOAD: 
[ 15:42:25.368221 ] - [ I ] ::: Doc-Browser: SETTINGS: LOAD: Done
[ 15:42:25.368284 ] - [ I ] ::: Doc-Browser: COOKIE: Loading 
[ 15:42:25.516963 ] - [ I ] ::: Doc-Browser: COOKIE: Done
[ 15:42:25.519751 ] - [ I ] ::: Doc-Browser: NOTEBOOK: LODE: 
[ 15:42:25.523441 ] - [ I ] ::: Doc-Browser: NOTEBOOK: LODE: Done
[ 15:42:25.523539 ] - [ I ] ::: Doc-Browser: Loading: /m-sys/Doc-Browser/storage/favorite.file
[ 15:42:25.540962 ] - [ I ] ::: Doc-Browser: INIT: DONE IN: [0.447900056839] Sec

[ 15:42:25.605170 ] - [ I ] ::: ['DOC_BROWSER']:  Welcome ... [INIT]: Done
[ 15:42:38.142680 ] - [ W ] ::: ['DOC_BROWSER']: ['REQUEST_HANDLER']: [Host wrong.domain not found]
[ 15:42:44.145697 ] - [ W ] ::: ['DOC_BROWSER']: ['REQUEST_HANDLER']: [Host wrong.domain not found]
[ 15:44:50.010294 ] - [ I ] ::: Doc-Browser: SETTINGS: SAVE: 
[ 15:44:50.010648 ] - [ I ] ::: Doc-Browser: SETTINGS: SAVE: Done
[ 15:44:50.010827 ] - [ I ] ::: Doc-Browser: NOTEBOOK: SAVE: 
[ 15:44:50.012149 ] - [ I ] ::: Doc-Browser: NOTEBOOK: SAVE: Done
[ 15:44:50.012339 ] - [ I ] ::: Doc-Browser: COOKIE: Saving 
[ 15:44:50.194424 ] - [ I ] ::: Doc-Browser: COOKIE: Done 
[ 15:44:50.194979 ] - [ I ] ::: Doc-Browser: CLEAN_UP: Remiving tmp files:
[ 15:44:50.203941 ] - [ I ] ::: Doc-Browser: CLEAN_UP: Remiving Objects:
[ 15:44:50.204562 ] - [ I ] ::: Doc-Browser: CLEAN_UP: Done

[ 15:44:50.211927 ] - [ W ] ::: ['DOC_BROWSER']: ['REQUEST_HANDLER']: [Host wrong.domain not found]
[ 15:44:52.869642 ] - [ I ] ::: ##########################################################################################
[ 15:44:52.869844 ] - [ I ] ::: Doc-Browser: INIT:
[ 15:44:52.869926 ] - [ I ] ::: Doc-Browser: SETTINGS: LOAD: 
[ 15:44:52.869990 ] - [ I ] ::: Doc-Browser: SETTINGS: LOAD: Done
[ 15:44:52.870055 ] - [ I ] ::: Doc-Browser: COOKIE: Loading 
[ 15:44:53.021420 ] - [ I ] ::: Doc-Browser: COOKIE: Done
[ 15:44:53.024192 ] - [ I ] ::: Doc-Browser: NOTEBOOK: LODE: 
[ 15:44:53.027813 ] - [ I ] ::: Doc-Browser: NOTEBOOK: LODE: Done
[ 15:44:53.027912 ] - [ I ] ::: Doc-Browser: Loading: /m-sys/Doc-Browser/storage/favorite.file
[ 15:44:53.035387 ] - [ I ] ::: Doc-Browser: INIT: DONE IN: [0.399131059647] Sec

[ 15:44:53.057932 ] - [ I ] ::: ['DOC_BROWSER']:  Welcome ... [INIT]: Done
[ 15:45:01.727762 ] - [ I ] ::: Doc-Browser: SETTINGS: SAVE: 
[ 15:45:01.728109 ] - [ I ] ::: Doc-Browser: SETTINGS: SAVE: Done
[ 15:45:01.728291 ] - [ I ] ::: Doc-Browser: NOTEBOOK: SAVE: 
[ 15:45:01.729696 ] - [ I ] ::: Doc-Browser: NOTEBOOK: SAVE: Done
[ 15:45:01.729889 ] - [ I ] ::: Doc-Browser: COOKIE: Saving 
[ 15:45:01.894079 ] - [ I ] ::: Doc-Browser: COOKIE: Done 
[ 15:45:01.894655 ] - [ I ] ::: Doc-Browser: CLEAN_UP: Remiving tmp files:
[ 15:45:01.903646 ] - [ I ] ::: Doc-Browser: CLEAN_UP: Remiving Objects:
[ 15:45:01.904255 ] - [ I ] ::: Doc-Browser: CLEAN_UP: Done

[ 15:57:39.033007 ] - [ I ] ::: ##########################################################################################
[ 15:57:39.033216 ] - [ I ] ::: Doc-Browser: INIT:
[ 15:57:39.033295 ] - [ I ] ::: Doc-Browser: SETTINGS: LOAD: 
[ 15:57:39.033357 ] - [ I ] ::: Doc-Browser: SETTINGS: LOAD: Done
[ 15:57:39.033420 ] - [ I ] ::: Doc-Browser: COOKIE: Loading 
[ 15:57:39.178830 ] - [ I ] ::: Doc-Browser: COOKIE: Done
[ 15:57:39.181583 ] - [ I ] ::: Doc-Browser: NOTEBOOK: LODE: 
[ 15:57:39.185211 ] - [ I ] ::: Doc-Browser: NOTEBOOK: LODE: Done
[ 15:57:39.185329 ] - [ I ] ::: Doc-Browser: Loading: /m-sys/Doc-Browser/storage/favorite.file
[ 15:57:39.192775 ] - [ I ] ::: Doc-Browser: INIT: DONE IN: [0.455821990967] Sec

[ 15:57:39.224446 ] - [ I ] ::: ['DOC_BROWSER']:  Welcome ... [INIT]: Done
[ 15:57:53.717880 ] - [ W ] ::: ['DOC_BROWSER']: ['REQUEST_HANDLER']: [Host wrong.domain not found]
[ 15:58:03.722187 ] - [ E ] ::: ['DOC_BROWSER']: ['CMD_MANAGER']: [CMD_MANAGER: [PROCCESS]: [unknown cmd | wrong format]]
[ 15:58:28.506660 ] - [ I ] ::: Doc-Browser: SETTINGS: SAVE: 
[ 15:58:28.507031 ] - [ I ] ::: Doc-Browser: SETTINGS: SAVE: Done
[ 15:58:28.507212 ] - [ I ] ::: Doc-Browser: NOTEBOOK: SAVE: 
[ 15:58:28.508564 ] - [ I ] ::: Doc-Browser: NOTEBOOK: SAVE: Done
[ 15:58:28.509348 ] - [ I ] ::: Doc-Browser: COOKIE: Saving 
[ 15:58:28.690192 ] - [ I ] ::: Doc-Browser: COOKIE: Done 
[ 15:58:28.690724 ] - [ I ] ::: Doc-Browser: CLEAN_UP: Remiving tmp files:
[ 15:58:28.699741 ] - [ I ] ::: Doc-Browser: CLEAN_UP: Remiving Objects:
[ 15:58:28.700364 ] - [ I ] ::: Doc-Browser: CLEAN_UP: Done

[ 15:58:51.719829 ] - [ I ] ::: ##########################################################################################
[ 15:58:51.720035 ] - [ I ] ::: Doc-Browser: INIT:
[ 15:58:51.720116 ] - [ I ] ::: Doc-Browser: SETTINGS: LOAD: 
[ 15:58:51.720180 ] - [ I ] ::: Doc-Browser: SETTINGS: LOAD: Done
[ 15:58:51.720243 ] - [ I ] ::: Doc-Browser: COOKIE: Loading 
[ 15:58:51.869407 ] - [ I ] ::: Doc-Browser: COOKIE: Done
[ 15:58:51.872179 ] - [ I ] ::: Doc-Browser: NOTEBOOK: LODE: 
[ 15:58:51.875812 ] - [ I ] ::: Doc-Browser: NOTEBOOK: LODE: Done
[ 15:58:51.875912 ] - [ I ] ::: Doc-Browser: Loading: /m-sys/Doc-Browser/storage/favorite.file
[ 15:58:51.883261 ] - [ I ] ::: Doc-Browser: INIT: DONE IN: [0.514875888824] Sec

[ 15:58:51.914465 ] - [ I ] ::: ['DOC_BROWSER']:  Welcome ... [INIT]: Done
[ 16:05:36.491540 ] - [ W ] ::: ['DOC_BROWSER']: ['REQUEST_HANDLER']: [Host none not found]
[ 16:11:09.629717 ] - [ W ] ::: ['DOC_BROWSER']: ['REQUEST_HANDLER']: [Host  not found]
[ 16:11:18.082292 ] - [ W ] ::: ['DOC_BROWSER']: ['REQUEST_HANDLER']: [Host  not found]
[ 16:42:02.552698 ] - [ W ] ::: ['DOC_BROWSER']: ['REQUEST_HANDLER']: [Host  not found]
[ 16:44:03.741412 ] - [ I ] ::: ['DOC_BROWSER']: ['DOWNLOAD_MANAGER']: [Download: Aborted: [blockisimonstalk.pptx]]
[ 16:53:47.244361 ] - [ I ] ::: ['DOC_BROWSER']: ['DOWNLOAD_MANAGER']: [Download started: 1984.txt.gz]
[ 16:53:51.275858 ] - [ I ] ::: ['DOC_BROWSER']: ['DOWNLOAD_MANAGER']: [Download finished: 1984.txt.gz]
[ 16:54:07.181704 ] - [ I ] ::: ['DOC_BROWSER']: ['DOWNLOAD_MANAGER']: [Download started: russian2.tgz]
[ 16:54:11.183757 ] - [ I ] ::: ['DOC_BROWSER']: ['DOWNLOAD_MANAGER']: [Download finished: russian2.tgz]
[ 16:55:03.013103 ] - [ I ] ::: ['DOC_BROWSER']: ['DOWNLOAD_MANAGER']: [Download finished: usenet-names.gz]
[ 16:55:07.024863 ] - [ I ] ::: ['DOC_BROWSER']: ['DOWNLOAD_MANAGER']: [Download started: usenet-names.gz]
[ 16:56:20.952251 ] - [ I ] ::: ['DOC_BROWSER']: ['DOWNLOAD_MANAGER']: [Download started: japanese.gz]
[ 16:56:28.100804 ] - [ I ] ::: ['DOC_BROWSER']: ['DOWNLOAD_MANAGER']: [Download finished: japanese.gz]
[ 16:56:36.676710 ] - [ I ] ::: ['DOC_BROWSER']: ['DOWNLOAD_MANAGER']: [Download started: italian.gz]
[ 16:56:42.716361 ] - [ I ] ::: ['DOC_BROWSER']: ['DOWNLOAD_MANAGER']: [Download finished: italian.gz]
[ 16:56:52.731319 ] - [ I ] ::: ['DOC_BROWSER']: ['DOWNLOAD_MANAGER']: [Download finished: greek.gz]
[ 16:56:57.157248 ] - [ I ] ::: ['DOC_BROWSER']: ['DOWNLOAD_MANAGER']: [Download started: greek.gz]
[ 16:57:03.162867 ] - [ I ] ::: ['DOC_BROWSER']: ['DOWNLOAD_MANAGER']: [Download finished: german.gz]
[ 16:57:07.164827 ] - [ I ] ::: ['DOC_BROWSER']: ['DOWNLOAD_MANAGER']: [Download started: german.gz]
[ 16:57:11.545682 ] - [ I ] ::: ['DOC_BROWSER']: ['DOWNLOAD_MANAGER']: [Download finished: french.gz]
[ 16:57:15.547544 ] - [ I ] ::: ['DOC_BROWSER']: ['DOWNLOAD_MANAGER']: [Download started: french.gz]
[ 16:57:23.550833 ] - [ I ] ::: ['DOC_BROWSER']: ['DOWNLOAD_MANAGER']: [Download finished: ethnologue.gz]
[ 16:57:27.577287 ] - [ I ] ::: ['DOC_BROWSER']: ['DOWNLOAD_MANAGER']: [Download started: ethnologue.gz]
[ 16:57:37.915499 ] - [ I ] ::: ['DOC_BROWSER']: ['DOWNLOAD_MANAGER']: [Download finished: english.gz]
[ 16:57:41.918838 ] - [ I ] ::: ['DOC_BROWSER']: ['DOWNLOAD_MANAGER']: [Download started: english.gz]
[ 16:57:51.945698 ] - [ I ] ::: ['DOC_BROWSER']: ['DOWNLOAD_MANAGER']: [Download finished: dutch.gz]
[ 16:57:55.966869 ] - [ I ] ::: ['DOC_BROWSER']: ['DOWNLOAD_MANAGER']: [Download started: dutch.gz]
[ 16:58:07.974248 ] - [ I ] ::: ['DOC_BROWSER']: ['DOWNLOAD_MANAGER']: [Download finished: czech.gz]
[ 16:58:11.977161 ] - [ I ] ::: ['DOC_BROWSER']: ['DOWNLOAD_MANAGER']: [Download started: czech.gz]
[ 16:58:28.028473 ] - [ I ] ::: ['DOC_BROWSER']: ['DOWNLOAD_MANAGER']: [Download finished: dict-crl.gz]
[ 16:58:34.272362 ] - [ I ] ::: ['DOC_BROWSER']: ['DOWNLOAD_MANAGER']: [Download started: dict-crl.gz]
[ 16:58:40.547713 ] - [ I ] ::: ['DOC_BROWSER']: ['DOWNLOAD_MANAGER']: [Download finished: etc_hosts.gz]
[ 16:58:44.562778 ] - [ I ] ::: ['DOC_BROWSER']: ['DOWNLOAD_MANAGER']: [Download started: etc_hosts.gz]
[ 16:59:05.121828 ] - [ I ] ::: ['DOC_BROWSER']: ['DOWNLOAD_MANAGER']: [Download finished: allwords.gz]
[ 16:59:09.132409 ] - [ I ] ::: ['DOC_BROWSER']: ['DOWNLOAD_MANAGER']: [Download started: allwords.gz]
[ 16:59:19.563722 ] - [ I ] ::: ['DOC_BROWSER']: ['DOWNLOAD_MANAGER']: [Download finished: monty_python.gz]
[ 16:59:23.571794 ] - [ I ] ::: ['DOC_BROWSER']: ['DOWNLOAD_MANAGER']: [Download started: monty_python.gz]
[ 16:59:31.709879 ] - [ I ] ::: ['DOC_BROWSER']: ['DOWNLOAD_MANAGER']: [Download finished: world_factbook.gz]
[ 16:59:35.712249 ] - [ I ] ::: ['DOC_BROWSER']: ['DOWNLOAD_MANAGER']: [Download started: world_factbook.gz]
[ 16:59:46.216500 ] - [ I ] ::: ['DOC_BROWSER']: ['DOWNLOAD_MANAGER']: [Download started: 31337_speak.gz]
[ 16:59:52.257495 ] - [ I ] ::: ['DOC_BROWSER']: ['DOWNLOAD_MANAGER']: [Download finished: 31337_speak.gz]
[ 17:00:02.305998 ] - [ I ] ::: ['DOC_BROWSER']: ['DOWNLOAD_MANAGER']: [Download finished: unix-words.gz]
[ 17:00:06.316675 ] - [ I ] ::: ['DOC_BROWSER']: ['DOWNLOAD_MANAGER']: [Download started: unix-words.gz]
[ 17:00:18.535908 ] - [ I ] ::: ['DOC_BROWSER']: ['DOWNLOAD_MANAGER']: [Download finished: websters-two_word.gz]
[ 17:00:22.549410 ] - [ I ] ::: ['DOC_BROWSER']: ['DOWNLOAD_MANAGER']: [Download started: websters-two_word.gz]
[ 17:02:22.926831 ] - [ I ] ::: ['DOC_BROWSER']: ['DOWNLOAD_MANAGER']: [Download started: websters-dictionary.gz]
[ 17:02:26.929053 ] - [ I ] ::: ['DOC_BROWSER']: ['DOWNLOAD_MANAGER']: [Download finished: websters-dictionary.gz]
[ 17:02:32.932213 ] - [ W ] ::: ['DOC_BROWSER']: ['REQUEST_HANDLER']: [Host www.isdpodcast.com not found]
[ 17:02:41.031869 ] - [ W ] ::: ['DOC_BROWSER']: ['REQUEST_HANDLER']: [Host www.isdpodcast.com not found]
[ 17:08:13.735261 ] - [ I ] ::: Doc-Browser: SETTINGS: SAVE: 
[ 17:08:14.020755 ] - [ I ] ::: Doc-Browser: SETTINGS: SAVE: Done
[ 17:08:14.020971 ] - [ I ] ::: Doc-Browser: NOTEBOOK: SAVE: 
[ 17:08:14.114662 ] - [ I ] ::: Doc-Browser: NOTEBOOK: SAVE: Done
[ 17:08:14.130978 ] - [ I ] ::: Doc-Browser: COOKIE: Saving 
[ 17:08:15.037263 ] - [ I ] ::: Doc-Browser: COOKIE: Done 
[ 17:08:15.038180 ] - [ I ] ::: Doc-Browser: CLEAN_UP: Remiving tmp files:
[ 17:08:15.499833 ] - [ I ] ::: Doc-Browser: CLEAN_UP: Remiving Objects:
[ 17:08:15.631941 ] - [ I ] ::: Doc-Browser: CLEAN_UP: Done

