[ 00:42:40.100090 ] - [ I ] ::: ##########################################################################################
[ 00:42:40.100327 ] - [ I ] ::: Doc-Browser: INIT:
[ 00:42:40.100414 ] - [ I ] ::: Doc-Browser: SETTINGS: LOAD: 
[ 00:42:40.100515 ] - [ I ] ::: Doc-Browser: SETTINGS: LOAD: Done
[ 00:42:40.100587 ] - [ I ] ::: Doc-Browser: COOKIE: Loading 
[ 00:42:40.322922 ] - [ I ] ::: Doc-Browser: COOKIE: Done
[ 00:42:40.326498 ] - [ I ] ::: Doc-Browser: NOTEBOOK: LODE: 
[ 00:42:40.330770 ] - [ I ] ::: Doc-Browser: NOTEBOOK: LODE: Done
[ 00:42:40.330876 ] - [ I ] ::: Doc-Browser: Loading: /m-sys/Doc-Browser/storage/favorite.file
[ 00:42:40.339193 ] - [ I ] ::: Doc-Browser: INIT: DONE IN: [0.653718948364] Sec

[ 00:42:40.365978 ] - [ I ] ::: ['DOC_BROWSER']:  Welcome ... [INIT]: Done
[ 00:45:01.729521 ] - [ I ] ::: Doc-Browser: SETTINGS: SAVE: 
[ 00:45:01.729965 ] - [ I ] ::: Doc-Browser: SETTINGS: SAVE: Done
[ 00:45:01.730133 ] - [ I ] ::: Doc-Browser: NOTEBOOK: SAVE: 
[ 00:45:01.754993 ] - [ I ] ::: Doc-Browser: NOTEBOOK: SAVE: Done
[ 00:45:01.755155 ] - [ I ] ::: Doc-Browser: COOKIE: Saving 
[ 00:45:01.889513 ] - [ I ] ::: Doc-Browser: COOKIE: Done 
[ 00:45:01.942047 ] - [ I ] ::: Doc-Browser: CLEAN_UP: Remiving tmp files:
[ 00:45:02.254999 ] - [ I ] ::: Doc-Browser: CLEAN_UP: Remiving Objects:
[ 00:45:02.261954 ] - [ I ] ::: Doc-Browser: CLEAN_UP: Done

[ 00:53:05.605091 ] - [ I ] ::: ##########################################################################################
[ 00:53:05.605355 ] - [ I ] ::: Doc-Browser: INIT:
[ 00:53:05.605474 ] - [ I ] ::: Doc-Browser: SETTINGS: LOAD: 
[ 00:53:05.605568 ] - [ I ] ::: Doc-Browser: SETTINGS: LOAD: Done
[ 00:53:05.605666 ] - [ I ] ::: Doc-Browser: COOKIE: Loading 
[ 00:53:06.285255 ] - [ I ] ::: Doc-Browser: COOKIE: Done
[ 00:53:06.296306 ] - [ I ] ::: Doc-Browser: NOTEBOOK: LODE: 
[ 00:53:06.372093 ] - [ I ] ::: Doc-Browser: NOTEBOOK: LODE: Done
[ 00:53:06.372340 ] - [ I ] ::: Doc-Browser: Loading: /m-sys/Doc-Browser/storage/favorite.file
[ 00:53:06.404649 ] - [ I ] ::: Doc-Browser: INIT: DONE IN: [2.85318613052] Sec

[ 00:53:06.662192 ] - [ I ] ::: ['DOC_BROWSER']:  Welcome ... [INIT]: Done
[ 01:23:18.841534 ] - [ I ] ::: Doc-Browser: SETTINGS: SAVE: 
[ 01:23:18.842077 ] - [ I ] ::: Doc-Browser: SETTINGS: SAVE: Done
[ 01:23:18.842274 ] - [ I ] ::: Doc-Browser: NOTEBOOK: SAVE: 
[ 01:23:18.844286 ] - [ I ] ::: Doc-Browser: NOTEBOOK: SAVE: Done
[ 01:23:18.844536 ] - [ I ] ::: Doc-Browser: COOKIE: Saving 
[ 01:23:19.107285 ] - [ I ] ::: Doc-Browser: COOKIE: Done 
[ 01:23:19.108395 ] - [ I ] ::: Doc-Browser: CLEAN_UP: Remiving tmp files:
[ 01:23:19.214407 ] - [ I ] ::: Doc-Browser: CLEAN_UP: Remiving Objects:
[ 01:23:19.243723 ] - [ I ] ::: Doc-Browser: CLEAN_UP: Done

[ 01:26:14.593213 ] - [ I ] ::: ##########################################################################################
[ 01:26:14.593546 ] - [ I ] ::: Doc-Browser: INIT:
[ 01:26:14.593738 ] - [ I ] ::: Doc-Browser: SETTINGS: LOAD: 
[ 01:26:14.593894 ] - [ I ] ::: Doc-Browser: SETTINGS: LOAD: Done
[ 01:26:14.594054 ] - [ I ] ::: Doc-Browser: COOKIE: Loading 
[ 01:26:15.102592 ] - [ I ] ::: Doc-Browser: COOKIE: Done
[ 01:26:15.109376 ] - [ I ] ::: Doc-Browser: NOTEBOOK: LODE: 
[ 01:26:15.119082 ] - [ I ] ::: Doc-Browser: NOTEBOOK: LODE: Done
[ 01:26:15.119302 ] - [ I ] ::: Doc-Browser: Loading: /m-sys/Doc-Browser/storage/favorite.file
[ 01:26:15.163362 ] - [ I ] ::: Doc-Browser: INIT: DONE IN: [1.53060603142] Sec

[ 01:26:15.234109 ] - [ I ] ::: ['DOC_BROWSER']:  Welcome ... [INIT]: Done
[ 01:38:43.390746 ] - [ I ] ::: Doc-Browser: SETTINGS: SAVE: 
[ 01:38:43.391094 ] - [ I ] ::: Doc-Browser: SETTINGS: SAVE: Done
[ 01:38:43.391177 ] - [ I ] ::: Doc-Browser: NOTEBOOK: SAVE: 
[ 01:38:43.391889 ] - [ I ] ::: Doc-Browser: NOTEBOOK: SAVE: Done
[ 01:38:43.391980 ] - [ I ] ::: Doc-Browser: COOKIE: Saving 
[ 01:38:43.620862 ] - [ I ] ::: Doc-Browser: COOKIE: Done 
[ 01:38:43.621731 ] - [ I ] ::: Doc-Browser: CLEAN_UP: Remiving tmp files:
[ 01:38:43.687597 ] - [ I ] ::: Doc-Browser: CLEAN_UP: Remiving Objects:
[ 01:38:43.698743 ] - [ I ] ::: Doc-Browser: CLEAN_UP: Done

[ 01:48:23.327499 ] - [ I ] ::: ##########################################################################################
[ 01:48:23.327857 ] - [ I ] ::: Doc-Browser: INIT:
[ 01:48:23.328054 ] - [ I ] ::: Doc-Browser: SETTINGS: LOAD: 
[ 01:48:23.328211 ] - [ I ] ::: Doc-Browser: SETTINGS: LOAD: Done
[ 01:48:23.328368 ] - [ I ] ::: Doc-Browser: COOKIE: Loading 
[ 01:48:23.811313 ] - [ I ] ::: Doc-Browser: COOKIE: Done
[ 01:48:23.817856 ] - [ I ] ::: Doc-Browser: NOTEBOOK: LODE: 
[ 01:48:23.827360 ] - [ I ] ::: Doc-Browser: NOTEBOOK: LODE: Done
[ 01:48:23.827575 ] - [ I ] ::: Doc-Browser: Loading: /m-sys/Doc-Browser/storage/favorite.file
[ 01:48:23.845566 ] - [ I ] ::: Doc-Browser: INIT: DONE IN: [1.27166008949] Sec

[ 01:48:23.909006 ] - [ I ] ::: ['DOC_BROWSER']:  Welcome ... [INIT]: Done
[ 01:48:56.298323 ] - [ I ] ::: Doc-Browser: SETTINGS: SAVE: 
[ 01:48:56.298674 ] - [ I ] ::: Doc-Browser: SETTINGS: SAVE: Done
[ 01:48:56.298854 ] - [ I ] ::: Doc-Browser: NOTEBOOK: SAVE: 
[ 01:48:56.300233 ] - [ I ] ::: Doc-Browser: NOTEBOOK: SAVE: Done
[ 01:48:56.300423 ] - [ I ] ::: Doc-Browser: COOKIE: Saving 
[ 01:48:56.520533 ] - [ I ] ::: Doc-Browser: COOKIE: Done 
[ 01:48:56.521156 ] - [ I ] ::: Doc-Browser: CLEAN_UP: Remiving tmp files:
[ 01:48:56.531109 ] - [ I ] ::: Doc-Browser: CLEAN_UP: Remiving Objects:
[ 01:48:56.531726 ] - [ I ] ::: Doc-Browser: CLEAN_UP: Done

[ 02:09:44.135552 ] - [ I ] ::: ##########################################################################################
[ 02:09:44.135777 ] - [ I ] ::: Doc-Browser: INIT:
[ 02:09:44.135860 ] - [ I ] ::: Doc-Browser: SETTINGS: LOAD: 
[ 02:09:44.135923 ] - [ I ] ::: Doc-Browser: SETTINGS: LOAD: Done
[ 02:09:44.135986 ] - [ I ] ::: Doc-Browser: COOKIE: Loading 
[ 02:09:44.335479 ] - [ I ] ::: Doc-Browser: COOKIE: Done
[ 02:09:44.338934 ] - [ I ] ::: Doc-Browser: NOTEBOOK: LODE: 
[ 02:09:44.342992 ] - [ I ] ::: Doc-Browser: NOTEBOOK: LODE: Done
[ 02:09:44.343093 ] - [ I ] ::: Doc-Browser: Loading: /m-sys/Doc-Browser/storage/favorite.file
[ 02:09:44.351216 ] - [ I ] ::: Doc-Browser: INIT: DONE IN: [0.59848690033] Sec

[ 02:09:44.380370 ] - [ I ] ::: ['DOC_BROWSER']:  Welcome ... [INIT]: Done
[ 03:58:11.762404 ] - [ W ] ::: ['DOC_BROWSER']: ['REQUEST_HANDLER']: [Host inst3.jc-affiliates.com not found]
[ 03:58:53.435187 ] - [ I ] ::: ['DOC_BROWSER']: ['DOWNLOAD_MANAGER']: [Download finished: Eminem%2B-%2BStan%2B%28Long%2BVersion%29%2Bft.%2BDido.mp3%3Fvideo_id%3DgOMhN-hfMtY%26t%3DZ09NaE4taGZNdFktMjM3NDQxMjE0Mi0xNDY3MjUxOTcyLTcyNzYyOQ%3D%3D%26exp%3D03-07-2016%26s%3Deceb7e16b925b484760314ab61ea5150]
[ 03:58:57.439254 ] - [ I ] ::: ['DOC_BROWSER']: ['DOWNLOAD_MANAGER']: [Download started: Eminem%2B-%2BStan%2B%28Long%2BVersion%29%2Bft.%2BDido.mp3%3Fvideo_id%3DgOMhN-hfMtY%26t%3DZ09NaE4taGZNdFktMjM3NDQxMjE0Mi0xNDY3MjUxOTcyLTcyNzYyOQ%3D%3D%26exp%3D03-07-2016%26s%3Deceb7e16b925b484760314ab61ea5150]
[ 04:01:46.672813 ] - [ W ] ::: ['DOC_BROWSER']: ['REQUEST_HANDLER']: [Host d2tjil5tz17cbz.cloudfront.net not found]
[ 04:02:23.691680 ] - [ I ] ::: ['DOC_BROWSER']: ['DOWNLOAD_MANAGER']: [Download finished: HARVEY%2BLINDO%2B%2B%2BTHE%2BTIMES%2BFT%2B%2BKAT%2BJOHNSON.mp3%3Fvideo_id%3DQWfQXcm5a1I%26t%3DUVdmUVhjbTVhMUktMjM3NDQxMjE0Mi0xNDY3MjUyMTkzLTY3MTUwMg%3D%3D%26exp%3D03-07-2016%26s%3Da3559313cf8c563d6459db6f36a2cc77]
[ 04:02:27.695549 ] - [ I ] ::: ['DOC_BROWSER']: ['DOWNLOAD_MANAGER']: [Download started: HARVEY%2BLINDO%2B%2B%2BTHE%2BTIMES%2BFT%2B%2BKAT%2BJOHNSON.mp3%3Fvideo_id%3DQWfQXcm5a1I%26t%3DUVdmUVhjbTVhMUktMjM3NDQxMjE0Mi0xNDY3MjUyMTkzLTY3MTUwMg%3D%3D%26exp%3D03-07-2016%26s%3Da3559313cf8c563d6459db6f36a2cc77]
[ 04:02:31.919415 ] - [ I ] ::: ['DOC_BROWSER']: ['DOWNLOAD_MANAGER']: [Download finished: Candy%2BDulfer%2B-%2BFinsbury%2BPark%2C%2BCafe%2B67%2B%28Original%2BRadio%2BEdit%29.mp3%3Fvideo_id%3DpxCxQ7a1-lE%26t%3DcHhDeFE3YTEtbEUtMjM3NDQxMjE0Mi0xNDY3MjUyMjAzLTQ0MDEyMA%3D%3D%26exp%3D03-07-2016%26s%3Dd17e8a98a060ce83e9a19e3d474d3ee0]
[ 04:02:35.921707 ] - [ I ] ::: ['DOC_BROWSER']: ['DOWNLOAD_MANAGER']: [Download started: Candy%2BDulfer%2B-%2BFinsbury%2BPark%2C%2BCafe%2B67%2B%28Original%2BRadio%2BEdit%29.mp3%3Fvideo_id%3DpxCxQ7a1-lE%26t%3DcHhDeFE3YTEtbEUtMjM3NDQxMjE0Mi0xNDY3MjUyMjAzLTQ0MDEyMA%3D%3D%26exp%3D03-07-2016%26s%3Dd17e8a98a060ce83e9a19e3d474d3ee0]
[ 04:03:11.015473 ] - [ I ] ::: ['DOC_BROWSER']: ['DOWNLOAD_MANAGER']: [Download finished: Smoove%2B%26%2BTurrell%2B-%2BWasted%2BMan.mp3%3Fvideo_id%3DMhCP_BNpXdw%26t%3DTWhDUF9CTnBYZHctMjM3NDQxMjE0Mi0xNDY3MjUyMjQyLTkxMTk1NA%3D%3D%26exp%3D03-07-2016%26s%3D3117917b2e219530f70523978b4a3b26]
[ 04:03:15.027964 ] - [ I ] ::: ['DOC_BROWSER']: ['DOWNLOAD_MANAGER']: [Download started: Smoove%2B%26%2BTurrell%2B-%2BWasted%2BMan.mp3%3Fvideo_id%3DMhCP_BNpXdw%26t%3DTWhDUF9CTnBYZHctMjM3NDQxMjE0Mi0xNDY3MjUyMjQyLTkxMTk1NA%3D%3D%26exp%3D03-07-2016%26s%3D3117917b2e219530f70523978b4a3b26]
[ 04:03:34.738901 ] - [ I ] ::: ['DOC_BROWSER']: ['DOWNLOAD_MANAGER']: [Download finished: Tosca%2B-%2BMango%2Bdi%2BBango.mp3%3Fvideo_id%3DZwWowOlWjRc%26t%3DWndXb3dPbFdqUmMtMjM3NDQxMjE0Mi0xNDY3MjUyMjY2LTcwODUzNQ%3D%3D%26exp%3D03-07-2016%26s%3D7339cf816f750e60fc1d55e4ab4cae2b]
[ 04:03:38.741238 ] - [ I ] ::: ['DOC_BROWSER']: ['DOWNLOAD_MANAGER']: [Download started: Tosca%2B-%2BMango%2Bdi%2BBango.mp3%3Fvideo_id%3DZwWowOlWjRc%26t%3DWndXb3dPbFdqUmMtMjM3NDQxMjE0Mi0xNDY3MjUyMjY2LTcwODUzNQ%3D%3D%26exp%3D03-07-2016%26s%3D7339cf816f750e60fc1d55e4ab4cae2b]
[ 04:04:11.923054 ] - [ I ] ::: ['DOC_BROWSER']: ['DOWNLOAD_MANAGER']: [Download finished: Wax%2BPoetic%2Bfeat.%2BNorah%2BJones%2B-%2BAngels.mp3%3Fvideo_id%3DCq7kMbOAbE0%26t%3DQ3E3a01iT0FiRTAtMjM3NDQxMjE0Mi0xNDY3MjUyMzAzLTk5MzE5Ng%3D%3D%26exp%3D03-07-2016%26s%3Dd9dbfa842d2602c505d50b4e8c1c3eb0]
[ 04:04:15.969534 ] - [ I ] ::: ['DOC_BROWSER']: ['DOWNLOAD_MANAGER']: [Download started: Wax%2BPoetic%2Bfeat.%2BNorah%2BJones%2B-%2BAngels.mp3%3Fvideo_id%3DCq7kMbOAbE0%26t%3DQ3E3a01iT0FiRTAtMjM3NDQxMjE0Mi0xNDY3MjUyMzAzLTk5MzE5Ng%3D%3D%26exp%3D03-07-2016%26s%3Dd9dbfa842d2602c505d50b4e8c1c3eb0]
[ 04:04:42.683729 ] - [ I ] ::: ['DOC_BROWSER']: ['DOWNLOAD_MANAGER']: [Download finished: Nirvana%2B-%2BCome%2BAs%2BYou%2BAre.mp3%3Fvideo_id%3DvabnZ9-ex7o%26t%3DdmFiblo5LWV4N28tMjM3NDQxMjE0Mi0xNDY3MjUyMzM0LTgzMzkzMQ%3D%3D%26exp%3D03-07-2016%26s%3D6649a3f3d0d822a17b442ce2cc2d643e]
[ 04:04:46.705183 ] - [ I ] ::: ['DOC_BROWSER']: ['DOWNLOAD_MANAGER']: [Download started: Nirvana%2B-%2BCome%2BAs%2BYou%2BAre.mp3%3Fvideo_id%3DvabnZ9-ex7o%26t%3DdmFiblo5LWV4N28tMjM3NDQxMjE0Mi0xNDY3MjUyMzM0LTgzMzkzMQ%3D%3D%26exp%3D03-07-2016%26s%3D6649a3f3d0d822a17b442ce2cc2d643e]
[ 04:05:08.949282 ] - [ I ] ::: ['DOC_BROWSER']: ['DOWNLOAD_MANAGER']: [Download finished: Le%2BGrand%2BOrchestre%2Bdu%2BComptoir%2Bde%2BMarrakech%2B%2BYalili.mp3%3Fvideo_id%3DNcvJzF_UKmI%26t%3DTmN2SnpGX1VLbUktMjM3NDQxMjE0Mi0xNDY3MjUyMzYwLTk5MDk1Mw%3D%3D%26exp%3D03-07-2016%26s%3D45751761b21d65f0b4a5dbd2e83b2915]
[ 04:05:12.961431 ] - [ I ] ::: ['DOC_BROWSER']: ['DOWNLOAD_MANAGER']: [Download started: Le%2BGrand%2BOrchestre%2Bdu%2BComptoir%2Bde%2BMarrakech%2B%2BYalili.mp3%3Fvideo_id%3DNcvJzF_UKmI%26t%3DTmN2SnpGX1VLbUktMjM3NDQxMjE0Mi0xNDY3MjUyMzYwLTk5MDk1Mw%3D%3D%26exp%3D03-07-2016%26s%3D45751761b21d65f0b4a5dbd2e83b2915]
[ 04:05:32.235045 ] - [ I ] ::: ['DOC_BROWSER']: ['DOWNLOAD_MANAGER']: [Download finished: Bonobo%2B-%2BKota.mp3%3Fvideo_id%3DqwhjlBUG9s8%26t%3DcXdoamxCVUc5czgtMjM3NDQxMjE0Mi0xNDY3MjUyMzgyLTM5NTYzMg%3D%3D%26exp%3D03-07-2016%26s%3D3a306e29b56110c8483e71f8152d5de8]
[ 04:05:36.238674 ] - [ I ] ::: ['DOC_BROWSER']: ['DOWNLOAD_MANAGER']: [Download started: Bonobo%2B-%2BKota.mp3%3Fvideo_id%3DqwhjlBUG9s8%26t%3DcXdoamxCVUc5czgtMjM3NDQxMjE0Mi0xNDY3MjUyMzgyLTM5NTYzMg%3D%3D%26exp%3D03-07-2016%26s%3D3a306e29b56110c8483e71f8152d5de8]
[ 04:06:05.849678 ] - [ I ] ::: ['DOC_BROWSER']: ['DOWNLOAD_MANAGER']: [Download finished: Thievery%2BCorporation%2B-%2BLebanese%2BBlonde%2B%28Instrumental%29.mp3%3Fvideo_id%3Dz3e2p7d0qTc%26t%3DejNlMnA3ZDBxVGMtMjM3NDQxMjE0Mi0xNDY3MjUyNDE3LTU2MzQ2OQ%3D%3D%26exp%3D03-07-2016%26s%3D2739041177b35e8a315c9c2aa7ac19b0]
[ 04:06:11.977149 ] - [ I ] ::: ['DOC_BROWSER']: ['DOWNLOAD_MANAGER']: [Download started: Thievery%2BCorporation%2B-%2BLebanese%2BBlonde%2B%28Instrumental%29.mp3%3Fvideo_id%3Dz3e2p7d0qTc%26t%3DejNlMnA3ZDBxVGMtMjM3NDQxMjE0Mi0xNDY3MjUyNDE3LTU2MzQ2OQ%3D%3D%26exp%3D03-07-2016%26s%3D2739041177b35e8a315c9c2aa7ac19b0]
[ 04:06:28.772747 ] - [ I ] ::: ['DOC_BROWSER']: ['DOWNLOAD_MANAGER']: [Download finished: Christophe%2BGoze%2B-%2BJa%2BVidi.mp3%3Fvideo_id%3DxTkD3PiPC40%26t%3DeFRrRDNQaVBDNDAtMjM3NDQxMjE0Mi0xNDY3MjUyNDM5LTI0NjI3Nw%3D%3D%26exp%3D03-07-2016%26s%3De9caebc5610d1791b48e6c3cd5b5dd45]
[ 04:06:32.776969 ] - [ I ] ::: ['DOC_BROWSER']: ['DOWNLOAD_MANAGER']: [Download started: Christophe%2BGoze%2B-%2BJa%2BVidi.mp3%3Fvideo_id%3DxTkD3PiPC40%26t%3DeFRrRDNQaVBDNDAtMjM3NDQxMjE0Mi0xNDY3MjUyNDM5LTI0NjI3Nw%3D%3D%26exp%3D03-07-2016%26s%3De9caebc5610d1791b48e6c3cd5b5dd45]
[ 04:06:53.095060 ] - [ I ] ::: ['DOC_BROWSER']: ['DOWNLOAD_MANAGER']: [Download finished: The%2BDum%2BDum%2BProject%2B-%2BHey%2BDiwani%2BHey%2BDiwana.mp3%3Fvideo_id%3DZCeQEAN-OmI%26t%3DWkNlUUVBTi1PbUktMjM3NDQxMjE0Mi0xNDY3MjUyNDYyLTE0ODg0Mw%3D%3D%26exp%3D03-07-2016%26s%3D12b1d19e2e758ad9912ae70233090dbe]
[ 04:06:57.101027 ] - [ I ] ::: ['DOC_BROWSER']: ['DOWNLOAD_MANAGER']: [Download started: The%2BDum%2BDum%2BProject%2B-%2BHey%2BDiwani%2BHey%2BDiwana.mp3%3Fvideo_id%3DZCeQEAN-OmI%26t%3DWkNlUUVBTi1PbUktMjM3NDQxMjE0Mi0xNDY3MjUyNDYyLTE0ODg0Mw%3D%3D%26exp%3D03-07-2016%26s%3D12b1d19e2e758ad9912ae70233090dbe]
[ 04:10:44.983812 ] - [ I ] ::: ['DOC_BROWSER']: ['DOWNLOAD_MANAGER']: [Download finished: Coco%2B%26%2BPuttnam%2B%28feat.%2BCathy%2BBattistessa%29%2B-%2BStarlight.mp3%3Fvideo_id%3DuspW66V7ayE%26t%3DdXNwVzY2VjdheUUtMjM3NDQxMjE0Mi0xNDY3MjUyNjIyLTg2NTg2NQ%3D%3D%26exp%3D03-07-2016%26s%3D755fa63bc59782d0b879b47589149e58]
[ 04:10:53.088625 ] - [ I ] ::: ['DOC_BROWSER']: ['DOWNLOAD_MANAGER']: [Download started: Coco%2B%26%2BPuttnam%2B%28feat.%2BCathy%2BBattistessa%29%2B-%2BStarlight.mp3%3Fvideo_id%3DuspW66V7ayE%26t%3DdXNwVzY2VjdheUUtMjM3NDQxMjE0Mi0xNDY3MjUyNjIyLTg2NTg2NQ%3D%3D%26exp%3D03-07-2016%26s%3D755fa63bc59782d0b879b47589149e58]
[ 04:11:18.992188 ] - [ I ] ::: ['DOC_BROWSER']: ['DOWNLOAD_MANAGER']: [Download finished: Alihan%2BSamedov%2B-%2BSen%2BGelmez%2BOldun.mp3%3Fvideo_id%3DigQz3505y7s%26t%3DaWdRejM1MDV5N3MtMjM3NDQxMjE0Mi0xNDY3MjUyNzMxLTk3NTM1Mg%3D%3D%26exp%3D03-07-2016%26s%3Dc646fff9a44adfe5c4365611f8598c6b]
[ 04:11:22.996387 ] - [ I ] ::: ['DOC_BROWSER']: ['DOWNLOAD_MANAGER']: [Download started: Alihan%2BSamedov%2B-%2BSen%2BGelmez%2BOldun.mp3%3Fvideo_id%3DigQz3505y7s%26t%3DaWdRejM1MDV5N3MtMjM3NDQxMjE0Mi0xNDY3MjUyNzMxLTk3NTM1Mg%3D%3D%26exp%3D03-07-2016%26s%3Dc646fff9a44adfe5c4365611f8598c6b]
[ 04:16:16.956732 ] - [ W ] ::: ['DOC_BROWSER']: ['DEBUGGER']: [Exception: NR: [0]
	FILE: ['/m-sys/Doc-Browser/modules/web_view.py', '210']
	DESC: ['KeyError', ''7129c1'']]
[ 04:16:24.261044 ] - [ I ] ::: ['DOC_BROWSER']: ['DOWNLOAD_MANAGER']: [Download finished: Alihan%2BSamedov%2B-%2BSen%2BGelmez%2BOldun.mp3%3Fvideo_id%3DigQz3505y7s%26t%3DaWdRejM1MDV5N3MtMjM3NDQxMjE0Mi0xNDY3MjUzMDM0LTYzNzA4OQ%3D%3D%26exp%3D03-07-2016%26s%3Dc8d1c4b20d49c45d7bbc8057589356ba]
[ 04:16:30.467386 ] - [ I ] ::: ['DOC_BROWSER']: ['DOWNLOAD_MANAGER']: [Download started: Alihan%2BSamedov%2B-%2BSen%2BGelmez%2BOldun.mp3%3Fvideo_id%3DigQz3505y7s%26t%3DaWdRejM1MDV5N3MtMjM3NDQxMjE0Mi0xNDY3MjUzMDM0LTYzNzA4OQ%3D%3D%26exp%3D03-07-2016%26s%3Dc8d1c4b20d49c45d7bbc8057589356ba]
[ 04:16:34.472098 ] - [ W ] ::: ['DOC_BROWSER']: ['DEBUGGER']: [Exception: NR: [1]
	FILE: ['/m-sys/Doc-Browser/modules/web_view.py', '210']
	DESC: ['KeyError', ''7129c1'']]
[ 04:16:38.476983 ] - [ E ] ::: ['DOC_BROWSER']: ['WEB_VIEW.ON_LOAD_FINISHED']: ['7129c1']
[ 04:16:42.480009 ] - [ E ] ::: ['DOC_BROWSER']: ['WEB_VIEW.ON_LOAD_FINISHED']: ['7129c1']
[ 04:19:09.426442 ] - [ I ] ::: ##########################################################################################
[ 04:19:09.448846 ] - [ I ] ::: Doc-Browser: INIT:
[ 04:19:09.449423 ] - [ I ] ::: Doc-Browser: SETTINGS: LOAD: 
[ 04:19:09.450176 ] - [ I ] ::: Doc-Browser: SETTINGS: LOAD: Done
[ 04:19:09.450354 ] - [ I ] ::: Doc-Browser: COOKIE: Loading 
[ 04:19:10.119486 ] - [ I ] ::: Doc-Browser: COOKIE: Done
[ 04:19:10.126127 ] - [ I ] ::: Doc-Browser: NOTEBOOK: LODE: 
[ 04:19:10.184274 ] - [ I ] ::: Doc-Browser: NOTEBOOK: LODE: Done
[ 04:19:10.184539 ] - [ I ] ::: Doc-Browser: Loading: /m-sys/Doc-Browser/storage/favorite.file
[ 04:19:10.257692 ] - [ I ] ::: Doc-Browser: INIT: DONE IN: [2.8782479763] Sec

[ 04:19:10.419629 ] - [ I ] ::: ['DOC_BROWSER']:  Welcome ... [INIT]: Done
[ 04:27:20.335665 ] - [ W ] ::: ['DOC_BROWSER']: ['DEBUGGER']: [Exception: NR: [0]
	FILE: ['/m-sys/Doc-Browser/modules/download_manager.py', '321']
	DESC: ['HTTPError', 'HTTP Error 400: Bad Request']]
[ 04:27:30.366042 ] - [ E ] ::: ['DOC_BROWSER']: ['DOWNLOAD_MANAGER.NEW_DOWNLOAD']: [HTTP Error 400: Bad Request]
[ 04:30:39.075578 ] - [ W ] ::: ['DOC_BROWSER']: ['DEBUGGER']: [Exception: NR: [1]
	FILE: ['/m-sys/Doc-Browser/modules/web_view.py', '210']
	DESC: ['KeyError', ''c9f98e'']]
[ 04:30:47.201964 ] - [ W ] ::: ['DOC_BROWSER']: ['DEBUGGER']: [Exception: NR: [2]
	FILE: ['/m-sys/Doc-Browser/modules/web_view.py', '210']
	DESC: ['KeyError', ''c9f98e'']]
[ 04:30:53.229752 ] - [ E ] ::: ['DOC_BROWSER']: ['WEB_VIEW.ON_LOAD_FINISHED']: ['c9f98e']
[ 04:30:59.243889 ] - [ E ] ::: ['DOC_BROWSER']: ['WEB_VIEW.ON_LOAD_FINISHED']: ['c9f98e']
[ 04:32:09.682860 ] - [ I ] ::: Doc-Browser: SETTINGS: SAVE: 
[ 04:32:09.683270 ] - [ I ] ::: Doc-Browser: SETTINGS: SAVE: Done
[ 04:32:09.683358 ] - [ I ] ::: Doc-Browser: NOTEBOOK: SAVE: 
[ 04:32:09.736046 ] - [ I ] ::: Doc-Browser: NOTEBOOK: SAVE: Done
[ 04:32:09.736229 ] - [ I ] ::: Doc-Browser: COOKIE: Saving 
[ 04:32:10.080185 ] - [ I ] ::: Doc-Browser: COOKIE: Done 
[ 04:32:10.081339 ] - [ I ] ::: Doc-Browser: CLEAN_UP: Remiving tmp files:
[ 04:32:10.466907 ] - [ I ] ::: Doc-Browser: CLEAN_UP: Remiving Objects:
[ 04:32:10.530752 ] - [ I ] ::: Doc-Browser: CLEAN_UP: Done

[ 04:32:45.701113 ] - [ I ] ::: ##########################################################################################
[ 04:32:45.701453 ] - [ I ] ::: Doc-Browser: INIT:
[ 04:32:45.701646 ] - [ I ] ::: Doc-Browser: SETTINGS: LOAD: 
[ 04:32:45.701802 ] - [ I ] ::: Doc-Browser: SETTINGS: LOAD: Done
[ 04:32:45.701962 ] - [ I ] ::: Doc-Browser: COOKIE: Loading 
[ 04:32:46.197390 ] - [ I ] ::: Doc-Browser: COOKIE: Done
[ 04:32:46.204087 ] - [ I ] ::: Doc-Browser: NOTEBOOK: LODE: 
[ 04:32:46.245051 ] - [ I ] ::: Doc-Browser: NOTEBOOK: LODE: Done
[ 04:32:46.245282 ] - [ I ] ::: Doc-Browser: Loading: /m-sys/Doc-Browser/storage/favorite.file
[ 04:32:46.347250 ] - [ I ] ::: Doc-Browser: INIT: DONE IN: [2.03499293327] Sec

[ 04:32:46.466033 ] - [ I ] ::: ['DOC_BROWSER']:  Welcome ... [INIT]: Done
[ 04:56:39.911966 ] - [ W ] ::: ['DOC_BROWSER']: ['DEBUGGER']: [Exception: NR: [0]
	FILE: ['/m-sys/Doc-Browser/modules/web_view.py', '210']
	DESC: ['KeyError', ''883f0a'']]
[ 04:57:42.836925 ] - [ I ] ::: ##########################################################################################
[ 04:57:42.837272 ] - [ I ] ::: Doc-Browser: INIT:
[ 04:57:42.837466 ] - [ I ] ::: Doc-Browser: SETTINGS: LOAD: 
[ 04:57:42.837623 ] - [ I ] ::: Doc-Browser: SETTINGS: LOAD: Done
[ 04:57:42.837783 ] - [ I ] ::: Doc-Browser: COOKIE: Loading 
[ 04:57:43.423472 ] - [ I ] ::: Doc-Browser: COOKIE: Done
[ 04:57:43.430361 ] - [ I ] ::: Doc-Browser: NOTEBOOK: LODE: 
[ 04:57:43.463652 ] - [ I ] ::: Doc-Browser: NOTEBOOK: LODE: Done
[ 04:57:43.463883 ] - [ I ] ::: Doc-Browser: Loading: /m-sys/Doc-Browser/storage/favorite.file
[ 04:57:43.533203 ] - [ I ] ::: Doc-Browser: INIT: DONE IN: [2.06156516075] Sec

[ 04:57:43.676549 ] - [ I ] ::: ['DOC_BROWSER']:  Welcome ... [INIT]: Done
[ 05:02:28.922726 ] - [ I ] ::: ['DOC_BROWSER']: ['DOWNLOAD_MANAGER']: [Download started: 1467255748.mpeg]
[ 05:02:48.928196 ] - [ I ] ::: ['DOC_BROWSER']: ['DOWNLOAD_MANAGER']: [Download finished: 1467255748.mpeg]
[ 05:11:39.451475 ] - [ I ] ::: ['DOC_BROWSER']: ['DOWNLOAD_MANAGER']: [Download started: Sg_Lewis-Lighter_%28mp3.cc%29.mp3]
[ 05:12:08.159857 ] - [ I ] ::: ['DOC_BROWSER']: ['DOWNLOAD_MANAGER']: [Download finished: Sg_Lewis-Lighter_%28mp3.cc%29.mp3]
[ 05:25:07.256817 ] - [ W ] ::: ['DOC_BROWSER']: ['REQUEST_HANDLER']: [Host ak-media.beatport.com not found]
[ 05:25:13.418412 ] - [ W ] ::: ['DOC_BROWSER']: ['REQUEST_HANDLER']: [Host  not found]
[ 05:26:50.162185 ] - [ I ] ::: Doc-Browser: SETTINGS: SAVE: 
[ 05:26:50.162596 ] - [ I ] ::: Doc-Browser: SETTINGS: SAVE: Done
[ 05:26:50.162681 ] - [ I ] ::: Doc-Browser: NOTEBOOK: SAVE: 
[ 05:26:50.245597 ] - [ I ] ::: Doc-Browser: NOTEBOOK: SAVE: Done
[ 05:26:50.245773 ] - [ I ] ::: Doc-Browser: COOKIE: Saving 
[ 05:26:50.415897 ] - [ I ] ::: Doc-Browser: COOKIE: Done 
[ 05:26:50.416432 ] - [ I ] ::: Doc-Browser: CLEAN_UP: Remiving tmp files:
[ 05:26:50.573006 ] - [ I ] ::: Doc-Browser: CLEAN_UP: Remiving Objects:
[ 05:26:50.587112 ] - [ I ] ::: Doc-Browser: CLEAN_UP: Done

[ 05:28:24.693057 ] - [ I ] ::: ##########################################################################################
[ 05:28:24.693393 ] - [ I ] ::: Doc-Browser: INIT:
[ 05:28:24.693587 ] - [ I ] ::: Doc-Browser: SETTINGS: LOAD: 
[ 05:28:24.693744 ] - [ I ] ::: Doc-Browser: SETTINGS: LOAD: Done
[ 05:28:24.693906 ] - [ I ] ::: Doc-Browser: COOKIE: Loading 
[ 05:28:25.209777 ] - [ I ] ::: Doc-Browser: COOKIE: Done
[ 05:28:25.216793 ] - [ I ] ::: Doc-Browser: NOTEBOOK: LODE: 
[ 05:28:25.226253 ] - [ I ] ::: Doc-Browser: NOTEBOOK: LODE: Done
[ 05:28:25.226472 ] - [ I ] ::: Doc-Browser: Loading: /m-sys/Doc-Browser/storage/favorite.file
[ 05:28:25.263593 ] - [ I ] ::: Doc-Browser: INIT: DONE IN: [1.28782606125] Sec

[ 05:28:25.305793 ] - [ I ] ::: ['DOC_BROWSER']:  Welcome ... [INIT]: Done
[ 05:40:12.184255 ] - [ W ] ::: ['DOC_BROWSER']: ['DEBUGGER']: [Exception: NR: [0]
	FILE: ['/m-sys/Doc-Browser/modules/web_view.py', '210']
	DESC: ['KeyError', ''c51a3d'']]
[ 05:40:18.547029 ] - [ E ] ::: ['DOC_BROWSER']: ['WEB_VIEW.ON_LOAD_FINISHED']: ['c51a3d']
[ 06:14:12.560049 ] - [ I ] ::: Doc-Browser: SETTINGS: SAVE: 
[ 06:14:12.735969 ] - [ I ] ::: Doc-Browser: SETTINGS: SAVE: Done
[ 06:14:12.736179 ] - [ I ] ::: Doc-Browser: NOTEBOOK: SAVE: 
[ 06:14:12.797109 ] - [ I ] ::: Doc-Browser: NOTEBOOK: SAVE: Done
[ 06:14:12.798509 ] - [ I ] ::: Doc-Browser: COOKIE: Saving 
[ 06:14:13.439606 ] - [ I ] ::: Doc-Browser: COOKIE: Done 
[ 06:14:13.485393 ] - [ I ] ::: Doc-Browser: CLEAN_UP: Remiving tmp files:
[ 06:14:13.591154 ] - [ I ] ::: Doc-Browser: CLEAN_UP: Remiving Objects:
[ 06:14:13.644337 ] - [ I ] ::: Doc-Browser: CLEAN_UP: Done

[ 07:14:44.011427 ] - [ I ] ::: ##########################################################################################
[ 07:14:44.011762 ] - [ I ] ::: Doc-Browser: INIT:
[ 07:14:44.011955 ] - [ I ] ::: Doc-Browser: SETTINGS: LOAD: 
[ 07:14:44.012112 ] - [ I ] ::: Doc-Browser: SETTINGS: LOAD: Done
[ 07:14:44.012273 ] - [ I ] ::: Doc-Browser: COOKIE: Loading 
[ 07:14:44.614999 ] - [ I ] ::: Doc-Browser: COOKIE: Done
[ 07:14:44.695348 ] - [ I ] ::: Doc-Browser: NOTEBOOK: LODE: 
[ 07:14:44.735097 ] - [ I ] ::: Doc-Browser: NOTEBOOK: LODE: Done
[ 07:14:44.735324 ] - [ I ] ::: Doc-Browser: Loading: /m-sys/Doc-Browser/storage/favorite.file
[ 07:14:45.056921 ] - [ I ] ::: Doc-Browser: INIT: DONE IN: [3.63753390312] Sec

[ 07:14:45.257331 ] - [ I ] ::: ['DOC_BROWSER']:  Welcome ... [INIT]: Done
[ 07:17:02.813038 ] - [ W ] ::: ['DOC_BROWSER']: ['REQUEST_HANDLER']: [Host  not found]
[ 07:17:30.938255 ] - [ W ] ::: ['DOC_BROWSER']: ['REQUEST_HANDLER']: [Host  not found]
[ 07:17:53.220288 ] - [ W ] ::: ['DOC_BROWSER']: ['REQUEST_HANDLER']: [Host  not found]
[ 07:20:25.444044 ] - [ I ] ::: Doc-Browser: SETTINGS: SAVE: 
[ 07:20:25.444628 ] - [ I ] ::: Doc-Browser: SETTINGS: SAVE: Done
[ 07:20:25.444824 ] - [ I ] ::: Doc-Browser: NOTEBOOK: SAVE: 
[ 07:20:25.446259 ] - [ I ] ::: Doc-Browser: NOTEBOOK: SAVE: Done
[ 07:20:25.446462 ] - [ I ] ::: Doc-Browser: COOKIE: Saving 
[ 07:20:25.741545 ] - [ I ] ::: Doc-Browser: COOKIE: Done 
[ 07:20:25.742610 ] - [ I ] ::: Doc-Browser: CLEAN_UP: Remiving tmp files:
[ 07:20:25.859673 ] - [ I ] ::: Doc-Browser: CLEAN_UP: Remiving Objects:
[ 07:20:25.873229 ] - [ I ] ::: Doc-Browser: CLEAN_UP: Done

[ 12:16:04.474955 ] - [ I ] ::: ##########################################################################################
[ 12:16:04.536077 ] - [ I ] ::: Doc-Browser: INIT:
[ 12:16:04.536298 ] - [ I ] ::: Doc-Browser: SETTINGS: LOAD: 
[ 12:16:04.536458 ] - [ I ] ::: Doc-Browser: SETTINGS: LOAD: Done
[ 12:16:04.536619 ] - [ I ] ::: Doc-Browser: COOKIE: Loading 
[ 12:16:05.322266 ] - [ I ] ::: Doc-Browser: COOKIE: Done
[ 12:16:05.395176 ] - [ I ] ::: Doc-Browser: NOTEBOOK: LODE: 
[ 12:16:05.423074 ] - [ I ] ::: Doc-Browser: NOTEBOOK: LODE: Done
[ 12:16:05.423407 ] - [ I ] ::: Doc-Browser: Loading: /m-sys/Doc-Browser/storage/favorite.file
[ 12:16:05.776227 ] - [ I ] ::: Doc-Browser: INIT: DONE IN: [4.97125887871] Sec

[ 12:16:05.986868 ] - [ I ] ::: ['DOC_BROWSER']:  Welcome ... [INIT]: Done
[ 13:55:20.736430 ] - [ I ] ::: Doc-Browser: SETTINGS: SAVE: 
[ 13:55:20.736980 ] - [ I ] ::: Doc-Browser: SETTINGS: SAVE: Done
[ 13:55:20.737173 ] - [ I ] ::: Doc-Browser: NOTEBOOK: SAVE: 
[ 13:55:20.738501 ] - [ I ] ::: Doc-Browser: NOTEBOOK: SAVE: Done
[ 13:55:20.738699 ] - [ I ] ::: Doc-Browser: COOKIE: Saving 
[ 13:55:21.202276 ] - [ I ] ::: Doc-Browser: COOKIE: Done 
[ 13:55:21.214087 ] - [ I ] ::: Doc-Browser: CLEAN_UP: Remiving tmp files:
[ 13:55:21.788659 ] - [ I ] ::: Doc-Browser: CLEAN_UP: Remiving Objects:
[ 13:55:21.801812 ] - [ I ] ::: Doc-Browser: CLEAN_UP: Done

